This file contains any messages produced by compilers while
running configure, to aid debugging if configure makes a mistake.

It was created by configure, which was
generated by GNU Autoconf 2.61.  Invocation command line was

  $ ./configure --host=arm-none-linux-gnueabi --build=x86_64-linux-gnu --prefix=/home/bmuessig/Pandora/target --enable-static --enable-shared --without-x --with-freetype-prefix=/home/bmuessig/Pandora/target/lib --with-sdl-prefix=/home/bmuessig/Pandora/target/lib CC=armarmv5te-unknown-linux-gnueabi-gcc CFLAGS=-I/home/bmuessig/Pandora/target/include/SDL -D_GNU_SOURCE=1 -D_REENTRANT  -I/home/bmuessig/Pandora/target/include -I/home/bmuessig/Pandora/target/include/freetype2 -I/home/bmuessig/Pandora/target/include/SDL CPPFLAGS=-I/home/bmuessig/Pandora/target/include -I/home/bmuessig/Pandora/target/include/freetype2 -I/home/bmuessig/Pandora/target/include/SDL LDFLAGS=-L/home/bmuessig/Pandora/target/lib -L/home/bmuessig/Pandora/target/lib -Wl,-rpath,/home/bmuessig/Pandora/target/lib -lSDL -lpthread -L/home/bmuessig/Pandora/target/lib -lfreetype

## --------- ##
## Platform. ##
## --------- ##

hostname = Benedikt-Laptop
uname -m = x86_64
uname -r = 4.4.0-62-generic
uname -s = Linux
uname -v = #83-Ubuntu SMP Wed Jan 18 14:10:15 UTC 2017

/usr/bin/uname -p = unknown
/bin/uname -X     = unknown

/bin/arch              = unknown
/usr/bin/arch -k       = unknown
/usr/convex/getsysinfo = unknown
/usr/bin/hostinfo      = unknown
/bin/machine           = unknown
/usr/bin/oslevel       = unknown
/bin/universe          = unknown

PATH: /home/bmuessig/bin
PATH: /home/bmuessig/.local/bin
PATH: /usr/local/sbin
PATH: /usr/local/bin
PATH: /usr/sbin
PATH: /usr/bin
PATH: /sbin
PATH: /bin
PATH: /usr/games
PATH: /usr/local/games
PATH: /home/bmuessig/xt-ng/bin
PATH: /home/bmuessig/x-tools/armarmv5te-unknown-linux-gnueabi/bin


## ----------- ##
## Core tests. ##
## ----------- ##

configure:2039: checking build system type
configure:2057: result: x86_64-pc-linux-gnu
configure:2079: checking host system type
configure:2094: result: arm-none-linux-gnueabi
configure:2124: checking for arm-none-linux-gnueabi-gcc
configure:2151: result: armarmv5te-unknown-linux-gnueabi-gcc
configure:2429: checking for C compiler version
configure:2436: armarmv5te-unknown-linux-gnueabi-gcc --version >&5
armarmv5te-unknown-linux-gnueabi-gcc (crosstool-NG crosstool-ng-1.22.0) 5.2.0
Copyright (C) 2015 Free Software Foundation, Inc.
This is free software; see the source for copying conditions.  There is NO
warranty; not even for MERCHANTABILITY or FITNESS FOR A PARTICULAR PURPOSE.

configure:2439: $? = 0
configure:2446: armarmv5te-unknown-linux-gnueabi-gcc -v >&5
Using built-in specs.
COLLECT_GCC=armarmv5te-unknown-linux-gnueabi-gcc
COLLECT_LTO_WRAPPER=/home/bmuessig/x-tools/armarmv5te-unknown-linux-gnueabi/libexec/gcc/armarmv5te-unknown-linux-gnueabi/5.2.0/lto-wrapper
Target: armarmv5te-unknown-linux-gnueabi
Configured with: /home/bmuessig/CNC-ng/.build/src/gcc-5.2.0/configure --build=x86_64-build_pc-linux-gnu --host=x86_64-build_pc-linux-gnu --target=armarmv5te-unknown-linux-gnueabi --prefix=/home/bmuessig/x-tools/armarmv5te-unknown-linux-gnueabi --with-sysroot=/home/bmuessig/x-tools/armarmv5te-unknown-linux-gnueabi/armarmv5te-unknown-linux-gnueabi/sysroot --enable-languages=c,c++ --with-tune=arm926ej-s --with-float=soft --with-pkgversion='crosstool-NG crosstool-ng-1.22.0' --disable-sjlj-exceptions --enable-__cxa_atexit --disable-libmudflap --disable-libgomp --disable-libssp --disable-libquadmath --disable-libquadmath-support --disable-libsanitizer --with-gmp=/home/bmuessig/CNC-ng/.build/armarmv5te-unknown-linux-gnueabi/buildtools --with-mpfr=/home/bmuessig/CNC-ng/.build/armarmv5te-unknown-linux-gnueabi/buildtools --with-mpc=/home/bmuessig/CNC-ng/.build/armarmv5te-unknown-linux-gnueabi/buildtools --with-isl=/home/bmuessig/CNC-ng/.build/armarmv5te-unknown-linux-gnueabi/buildtools --with-cloog=/home/bmuessig/CNC-ng/.build/armarmv5te-unknown-linux-gnueabi/buildtools --with-libelf=/home/bmuessig/CNC-ng/.build/armarmv5te-unknown-linux-gnueabi/buildtools --enable-lto --with-host-libstdcxx='-static-libgcc -Wl,-Bstatic,-lstdc++,-Bdynamic -lm' --enable-threads=posix --enable-target-optspace --enable-plugin --enable-gold --disable-nls --disable-multilib --with-local-prefix=/home/bmuessig/x-tools/armarmv5te-unknown-linux-gnueabi/armarmv5te-unknown-linux-gnueabi/sysroot --enable-long-long
Thread model: posix
gcc version 5.2.0 (crosstool-NG crosstool-ng-1.22.0) 
configure:2449: $? = 0
configure:2456: armarmv5te-unknown-linux-gnueabi-gcc -V >&5
armarmv5te-unknown-linux-gnueabi-gcc: error: unrecognized command line option '-V'
armarmv5te-unknown-linux-gnueabi-gcc: fatal error: no input files
compilation terminated.
configure:2459: $? = 1
configure:2482: checking for C compiler default output file name
configure:2509: armarmv5te-unknown-linux-gnueabi-gcc -I/home/bmuessig/Pandora/target/include/SDL -D_GNU_SOURCE=1 -D_REENTRANT  -I/home/bmuessig/Pandora/target/include -I/home/bmuessig/Pandora/target/include/freetype2 -I/home/bmuessig/Pandora/target/include/SDL -I/home/bmuessig/Pandora/target/include -I/home/bmuessig/Pandora/target/include/freetype2 -I/home/bmuessig/Pandora/target/include/SDL -L/home/bmuessig/Pandora/target/lib -L/home/bmuessig/Pandora/target/lib -Wl,-rpath,/home/bmuessig/Pandora/target/lib -lSDL -lpthread -L/home/bmuessig/Pandora/target/lib -lfreetype conftest.c  >&5
configure:2512: $? = 0
configure:2550: result: a.out
configure:2567: checking whether the C compiler works
configure:2597: result: yes
configure:2604: checking whether we are cross compiling
configure:2606: result: yes
configure:2609: checking for suffix of executables
configure:2616: armarmv5te-unknown-linux-gnueabi-gcc -o conftest -I/home/bmuessig/Pandora/target/include/SDL -D_GNU_SOURCE=1 -D_REENTRANT  -I/home/bmuessig/Pandora/target/include -I/home/bmuessig/Pandora/target/include/freetype2 -I/home/bmuessig/Pandora/target/include/SDL -I/home/bmuessig/Pandora/target/include -I/home/bmuessig/Pandora/target/include/freetype2 -I/home/bmuessig/Pandora/target/include/SDL -L/home/bmuessig/Pandora/target/lib -L/home/bmuessig/Pandora/target/lib -Wl,-rpath,/home/bmuessig/Pandora/target/lib -lSDL -lpthread -L/home/bmuessig/Pandora/target/lib -lfreetype conftest.c  >&5
configure:2619: $? = 0
configure:2643: result: 
configure:2649: checking for suffix of object files
configure:2675: armarmv5te-unknown-linux-gnueabi-gcc -c -I/home/bmuessig/Pandora/target/include/SDL -D_GNU_SOURCE=1 -D_REENTRANT  -I/home/bmuessig/Pandora/target/include -I/home/bmuessig/Pandora/target/include/freetype2 -I/home/bmuessig/Pandora/target/include/SDL -I/home/bmuessig/Pandora/target/include -I/home/bmuessig/Pandora/target/include/freetype2 -I/home/bmuessig/Pandora/target/include/SDL conftest.c >&5
configure:2678: $? = 0
configure:2701: result: o
configure:2705: checking whether we are using the GNU C compiler
configure:2734: armarmv5te-unknown-linux-gnueabi-gcc -c -I/home/bmuessig/Pandora/target/include/SDL -D_GNU_SOURCE=1 -D_REENTRANT  -I/home/bmuessig/Pandora/target/include -I/home/bmuessig/Pandora/target/include/freetype2 -I/home/bmuessig/Pandora/target/include/SDL -I/home/bmuessig/Pandora/target/include -I/home/bmuessig/Pandora/target/include/freetype2 -I/home/bmuessig/Pandora/target/include/SDL conftest.c >&5
configure:2740: $? = 0
configure:2757: result: yes
configure:2762: checking whether armarmv5te-unknown-linux-gnueabi-gcc accepts -g
configure:2792: armarmv5te-unknown-linux-gnueabi-gcc -c -g -I/home/bmuessig/Pandora/target/include -I/home/bmuessig/Pandora/target/include/freetype2 -I/home/bmuessig/Pandora/target/include/SDL conftest.c >&5
configure:2798: $? = 0
configure:2897: result: yes
configure:2914: checking for armarmv5te-unknown-linux-gnueabi-gcc option to accept ISO C89
configure:2988: armarmv5te-unknown-linux-gnueabi-gcc  -c -I/home/bmuessig/Pandora/target/include/SDL -D_GNU_SOURCE=1 -D_REENTRANT  -I/home/bmuessig/Pandora/target/include -I/home/bmuessig/Pandora/target/include/freetype2 -I/home/bmuessig/Pandora/target/include/SDL -I/home/bmuessig/Pandora/target/include -I/home/bmuessig/Pandora/target/include/freetype2 -I/home/bmuessig/Pandora/target/include/SDL conftest.c >&5
configure:2994: $? = 0
configure:3017: result: none needed
configure:3035: checking for a sed that does not truncate output
configure:3114: result: /bin/sed
configure:3132: checking for grep that handles long lines and -e
configure:3206: result: /bin/grep
configure:3211: checking for egrep
configure:3289: result: /bin/grep -E
configure:3294: checking for fgrep
configure:3372: result: /bin/grep -F
configure:3407: checking for ld used by armarmv5te-unknown-linux-gnueabi-gcc
configure:3474: result: armarmv5te-unknown-linux-gnueabi-ld
configure:3483: checking if the linker (armarmv5te-unknown-linux-gnueabi-ld) is GNU ld
configure:3498: result: yes
configure:3510: checking for BSD- or MS-compatible name lister (nm)
configure:3559: result: no
configure:3570: checking for arm-none-linux-gnueabi-dumpbin
configure:3600: result: no
configure:3570: checking for arm-none-linux-gnueabi-link
configure:3600: result: no
configure:3614: checking for dumpbin
configure:3644: result: no
configure:3614: checking for link
configure:3630: found /usr/bin/link
configure:3641: result: link -dump -symbols
configure:3659: WARNING: In the future, Autoconf will not detect cross-tools
whose name does not start with the host triplet.  If you think this
configuration is useful to you, please write to autoconf@gnu.org.
configure:3681: checking the name lister (link -dump -symbols) interface
configure:3688: armarmv5te-unknown-linux-gnueabi-gcc -c -I/home/bmuessig/Pandora/target/include/SDL -D_GNU_SOURCE=1 -D_REENTRANT  -I/home/bmuessig/Pandora/target/include -I/home/bmuessig/Pandora/target/include/freetype2 -I/home/bmuessig/Pandora/target/include/SDL -I/home/bmuessig/Pandora/target/include -I/home/bmuessig/Pandora/target/include/freetype2 -I/home/bmuessig/Pandora/target/include/SDL conftest.c >&5
configure:3691: link -dump -symbols "conftest.o"
link: invalid option -- 'd'
Try 'link --help' for more information.
configure:3694: output
configure:3701: result: BSD nm
configure:3704: checking whether ln -s works
configure:3708: result: yes
configure:3716: checking the maximum length of command line arguments
configure:3842: result: 1572864
configure:3859: checking whether the shell understands some XSI constructs
configure:3869: result: yes
configure:3873: checking whether the shell understands "+="
configure:3879: result: yes
configure:3914: checking for armarmv5te-unknown-linux-gnueabi-ld option to reload object files
configure:3921: result: -r
configure:3950: checking for arm-none-linux-gnueabi-objdump
configure:3980: result: no
configure:3990: checking for objdump
configure:4006: found /usr/bin/objdump
configure:4017: result: objdump
configure:4050: checking how to recognize dependent libraries
configure:4248: result: pass_all
configure:4268: checking for arm-none-linux-gnueabi-ar
configure:4295: result: armarmv5te-unknown-linux-gnueabi-ar
configure:4377: checking for arm-none-linux-gnueabi-strip
configure:4407: result: no
configure:4417: checking for strip
configure:4433: found /usr/bin/strip
configure:4444: result: strip
configure:4480: checking for arm-none-linux-gnueabi-ranlib
configure:4507: result: armarmv5te-unknown-linux-gnueabi-ranlib
configure:4641: checking command to parse link -dump -symbols output from armarmv5te-unknown-linux-gnueabi-gcc object
configure:4759: armarmv5te-unknown-linux-gnueabi-gcc -c -I/home/bmuessig/Pandora/target/include/SDL -D_GNU_SOURCE=1 -D_REENTRANT  -I/home/bmuessig/Pandora/target/include -I/home/bmuessig/Pandora/target/include/freetype2 -I/home/bmuessig/Pandora/target/include/SDL -I/home/bmuessig/Pandora/target/include -I/home/bmuessig/Pandora/target/include/freetype2 -I/home/bmuessig/Pandora/target/include/SDL conftest.c >&5
configure:4762: $? = 0
configure:4766: link -dump -symbols conftest.o \| sed -n -e 's/^.*[	 ]\([BCDEGRST][BCDEGRST]*\)[	 ][	 ]*\([_A-Za-z][_A-Za-z0-9]*\)$/\1 \2 \2/p' \> conftest.nm
link: invalid option -- 'd'
Try 'link --help' for more information.
configure:4769: $? = 0
cannot run sed -n -e 's/^.*[	 ]\([BCDEGRST][BCDEGRST]*\)[	 ][	 ]*\([_A-Za-z][_A-Za-z0-9]*\)$/\1 \2 \2/p'
configure:4759: armarmv5te-unknown-linux-gnueabi-gcc -c -I/home/bmuessig/Pandora/target/include/SDL -D_GNU_SOURCE=1 -D_REENTRANT  -I/home/bmuessig/Pandora/target/include -I/home/bmuessig/Pandora/target/include/freetype2 -I/home/bmuessig/Pandora/target/include/SDL -I/home/bmuessig/Pandora/target/include -I/home/bmuessig/Pandora/target/include/freetype2 -I/home/bmuessig/Pandora/target/include/SDL conftest.c >&5
configure:4762: $? = 0
configure:4766: link -dump -symbols conftest.o \| sed -n -e 's/^.*[	 ]\([BCDEGRST][BCDEGRST]*\)[	 ][	 ]*_\([_A-Za-z][_A-Za-z0-9]*\)$/\1 _\2 \2/p' \> conftest.nm
link: invalid option -- 'd'
Try 'link --help' for more information.
configure:4769: $? = 0
cannot run sed -n -e 's/^.*[	 ]\([BCDEGRST][BCDEGRST]*\)[	 ][	 ]*_\([_A-Za-z][_A-Za-z0-9]*\)$/\1 _\2 \2/p'
configure:4861: result: failed
configure:5743: checking how to run the C preprocessor
configure:5783: armarmv5te-unknown-linux-gnueabi-gcc -E -I/home/bmuessig/Pandora/target/include -I/home/bmuessig/Pandora/target/include/freetype2 -I/home/bmuessig/Pandora/target/include/SDL conftest.c
configure:5789: $? = 0
configure:5820: armarmv5te-unknown-linux-gnueabi-gcc -E -I/home/bmuessig/Pandora/target/include -I/home/bmuessig/Pandora/target/include/freetype2 -I/home/bmuessig/Pandora/target/include/SDL conftest.c
conftest.c:8:28: fatal error: ac_nonexistent.h: No such file or directory
compilation terminated.
configure:5826: $? = 1
configure: failed program was:
| /* confdefs.h.  */
| #define PACKAGE_NAME ""
| #define PACKAGE_TARNAME ""
| #define PACKAGE_VERSION ""
| #define PACKAGE_STRING ""
| #define PACKAGE_BUGREPORT ""
| /* end confdefs.h.  */
| #include <ac_nonexistent.h>
configure:5859: result: armarmv5te-unknown-linux-gnueabi-gcc -E
configure:5888: armarmv5te-unknown-linux-gnueabi-gcc -E -I/home/bmuessig/Pandora/target/include -I/home/bmuessig/Pandora/target/include/freetype2 -I/home/bmuessig/Pandora/target/include/SDL conftest.c
configure:5894: $? = 0
configure:5925: armarmv5te-unknown-linux-gnueabi-gcc -E -I/home/bmuessig/Pandora/target/include -I/home/bmuessig/Pandora/target/include/freetype2 -I/home/bmuessig/Pandora/target/include/SDL conftest.c
conftest.c:8:28: fatal error: ac_nonexistent.h: No such file or directory
compilation terminated.
configure:5931: $? = 1
configure: failed program was:
| /* confdefs.h.  */
| #define PACKAGE_NAME ""
| #define PACKAGE_TARNAME ""
| #define PACKAGE_VERSION ""
| #define PACKAGE_STRING ""
| #define PACKAGE_BUGREPORT ""
| /* end confdefs.h.  */
| #include <ac_nonexistent.h>
configure:5969: checking for ANSI C header files
configure:5999: armarmv5te-unknown-linux-gnueabi-gcc -c -I/home/bmuessig/Pandora/target/include/SDL -D_GNU_SOURCE=1 -D_REENTRANT  -I/home/bmuessig/Pandora/target/include -I/home/bmuessig/Pandora/target/include/freetype2 -I/home/bmuessig/Pandora/target/include/SDL -I/home/bmuessig/Pandora/target/include -I/home/bmuessig/Pandora/target/include/freetype2 -I/home/bmuessig/Pandora/target/include/SDL conftest.c >&5
configure:6005: $? = 0
configure:6133: result: yes
configure:6157: checking for sys/types.h
configure:6178: armarmv5te-unknown-linux-gnueabi-gcc -c -I/home/bmuessig/Pandora/target/include/SDL -D_GNU_SOURCE=1 -D_REENTRANT  -I/home/bmuessig/Pandora/target/include -I/home/bmuessig/Pandora/target/include/freetype2 -I/home/bmuessig/Pandora/target/include/SDL -I/home/bmuessig/Pandora/target/include -I/home/bmuessig/Pandora/target/include/freetype2 -I/home/bmuessig/Pandora/target/include/SDL conftest.c >&5
configure:6184: $? = 0
configure:6200: result: yes
configure:6157: checking for sys/stat.h
configure:6178: armarmv5te-unknown-linux-gnueabi-gcc -c -I/home/bmuessig/Pandora/target/include/SDL -D_GNU_SOURCE=1 -D_REENTRANT  -I/home/bmuessig/Pandora/target/include -I/home/bmuessig/Pandora/target/include/freetype2 -I/home/bmuessig/Pandora/target/include/SDL -I/home/bmuessig/Pandora/target/include -I/home/bmuessig/Pandora/target/include/freetype2 -I/home/bmuessig/Pandora/target/include/SDL conftest.c >&5
configure:6184: $? = 0
configure:6200: result: yes
configure:6157: checking for stdlib.h
configure:6178: armarmv5te-unknown-linux-gnueabi-gcc -c -I/home/bmuessig/Pandora/target/include/SDL -D_GNU_SOURCE=1 -D_REENTRANT  -I/home/bmuessig/Pandora/target/include -I/home/bmuessig/Pandora/target/include/freetype2 -I/home/bmuessig/Pandora/target/include/SDL -I/home/bmuessig/Pandora/target/include -I/home/bmuessig/Pandora/target/include/freetype2 -I/home/bmuessig/Pandora/target/include/SDL conftest.c >&5
configure:6184: $? = 0
configure:6200: result: yes
configure:6157: checking for string.h
configure:6178: armarmv5te-unknown-linux-gnueabi-gcc -c -I/home/bmuessig/Pandora/target/include/SDL -D_GNU_SOURCE=1 -D_REENTRANT  -I/home/bmuessig/Pandora/target/include -I/home/bmuessig/Pandora/target/include/freetype2 -I/home/bmuessig/Pandora/target/include/SDL -I/home/bmuessig/Pandora/target/include -I/home/bmuessig/Pandora/target/include/freetype2 -I/home/bmuessig/Pandora/target/include/SDL conftest.c >&5
configure:6184: $? = 0
configure:6200: result: yes
configure:6157: checking for memory.h
configure:6178: armarmv5te-unknown-linux-gnueabi-gcc -c -I/home/bmuessig/Pandora/target/include/SDL -D_GNU_SOURCE=1 -D_REENTRANT  -I/home/bmuessig/Pandora/target/include -I/home/bmuessig/Pandora/target/include/freetype2 -I/home/bmuessig/Pandora/target/include/SDL -I/home/bmuessig/Pandora/target/include -I/home/bmuessig/Pandora/target/include/freetype2 -I/home/bmuessig/Pandora/target/include/SDL conftest.c >&5
configure:6184: $? = 0
configure:6200: result: yes
configure:6157: checking for strings.h
configure:6178: armarmv5te-unknown-linux-gnueabi-gcc -c -I/home/bmuessig/Pandora/target/include/SDL -D_GNU_SOURCE=1 -D_REENTRANT  -I/home/bmuessig/Pandora/target/include -I/home/bmuessig/Pandora/target/include/freetype2 -I/home/bmuessig/Pandora/target/include/SDL -I/home/bmuessig/Pandora/target/include -I/home/bmuessig/Pandora/target/include/freetype2 -I/home/bmuessig/Pandora/target/include/SDL conftest.c >&5
configure:6184: $? = 0
configure:6200: result: yes
configure:6157: checking for inttypes.h
configure:6178: armarmv5te-unknown-linux-gnueabi-gcc -c -I/home/bmuessig/Pandora/target/include/SDL -D_GNU_SOURCE=1 -D_REENTRANT  -I/home/bmuessig/Pandora/target/include -I/home/bmuessig/Pandora/target/include/freetype2 -I/home/bmuessig/Pandora/target/include/SDL -I/home/bmuessig/Pandora/target/include -I/home/bmuessig/Pandora/target/include/freetype2 -I/home/bmuessig/Pandora/target/include/SDL conftest.c >&5
configure:6184: $? = 0
configure:6200: result: yes
configure:6157: checking for stdint.h
configure:6178: armarmv5te-unknown-linux-gnueabi-gcc -c -I/home/bmuessig/Pandora/target/include/SDL -D_GNU_SOURCE=1 -D_REENTRANT  -I/home/bmuessig/Pandora/target/include -I/home/bmuessig/Pandora/target/include/freetype2 -I/home/bmuessig/Pandora/target/include/SDL -I/home/bmuessig/Pandora/target/include -I/home/bmuessig/Pandora/target/include/freetype2 -I/home/bmuessig/Pandora/target/include/SDL conftest.c >&5
configure:6184: $? = 0
configure:6200: result: yes
configure:6157: checking for unistd.h
configure:6178: armarmv5te-unknown-linux-gnueabi-gcc -c -I/home/bmuessig/Pandora/target/include/SDL -D_GNU_SOURCE=1 -D_REENTRANT  -I/home/bmuessig/Pandora/target/include -I/home/bmuessig/Pandora/target/include/freetype2 -I/home/bmuessig/Pandora/target/include/SDL -I/home/bmuessig/Pandora/target/include -I/home/bmuessig/Pandora/target/include/freetype2 -I/home/bmuessig/Pandora/target/include/SDL conftest.c >&5
configure:6184: $? = 0
configure:6200: result: yes
configure:6216: checking for dlfcn.h
configure:6237: armarmv5te-unknown-linux-gnueabi-gcc -c -I/home/bmuessig/Pandora/target/include/SDL -D_GNU_SOURCE=1 -D_REENTRANT  -I/home/bmuessig/Pandora/target/include -I/home/bmuessig/Pandora/target/include/freetype2 -I/home/bmuessig/Pandora/target/include/SDL -I/home/bmuessig/Pandora/target/include -I/home/bmuessig/Pandora/target/include/freetype2 -I/home/bmuessig/Pandora/target/include/SDL conftest.c >&5
configure:6243: $? = 0
configure:6259: result: yes
configure:6753: checking for objdir
configure:6768: result: .libs
configure:7064: checking if armarmv5te-unknown-linux-gnueabi-gcc supports -fno-rtti -fno-exceptions
configure:7082: armarmv5te-unknown-linux-gnueabi-gcc -c -I/home/bmuessig/Pandora/target/include/SDL -D_GNU_SOURCE=1 -D_REENTRANT  -I/home/bmuessig/Pandora/target/include -I/home/bmuessig/Pandora/target/include/freetype2 -I/home/bmuessig/Pandora/target/include/SDL -I/home/bmuessig/Pandora/target/include -I/home/bmuessig/Pandora/target/include/freetype2 -I/home/bmuessig/Pandora/target/include/SDL -fno-rtti -fno-exceptions conftest.c >&5
cc1: warning: command line option '-fno-rtti' is valid for C++/ObjC++ but not for C
configure:7086: $? = 0
configure:7099: result: no
configure:7119: checking for armarmv5te-unknown-linux-gnueabi-gcc option to produce PIC
configure:7391: result: -fPIC -DPIC
configure:7403: checking if armarmv5te-unknown-linux-gnueabi-gcc PIC flag -fPIC -DPIC works
configure:7421: armarmv5te-unknown-linux-gnueabi-gcc -c -I/home/bmuessig/Pandora/target/include/SDL -D_GNU_SOURCE=1 -D_REENTRANT  -I/home/bmuessig/Pandora/target/include -I/home/bmuessig/Pandora/target/include/freetype2 -I/home/bmuessig/Pandora/target/include/SDL -I/home/bmuessig/Pandora/target/include -I/home/bmuessig/Pandora/target/include/freetype2 -I/home/bmuessig/Pandora/target/include/SDL -fPIC -DPIC -DPIC conftest.c >&5
configure:7425: $? = 0
configure:7438: result: yes
configure:7462: checking if armarmv5te-unknown-linux-gnueabi-gcc static flag -static works
configure:7490: result: yes
configure:7505: checking if armarmv5te-unknown-linux-gnueabi-gcc supports -c -o file.o
configure:7526: armarmv5te-unknown-linux-gnueabi-gcc -c -I/home/bmuessig/Pandora/target/include/SDL -D_GNU_SOURCE=1 -D_REENTRANT  -I/home/bmuessig/Pandora/target/include -I/home/bmuessig/Pandora/target/include/freetype2 -I/home/bmuessig/Pandora/target/include/SDL -I/home/bmuessig/Pandora/target/include -I/home/bmuessig/Pandora/target/include/freetype2 -I/home/bmuessig/Pandora/target/include/SDL -o out/conftest2.o conftest.c >&5
configure:7530: $? = 0
configure:7552: result: yes
configure:7560: checking if armarmv5te-unknown-linux-gnueabi-gcc supports -c -o file.o
configure:7607: result: yes
configure:7640: checking whether the armarmv5te-unknown-linux-gnueabi-gcc linker (armarmv5te-unknown-linux-gnueabi-ld) supports shared libraries
configure:8702: result: yes
configure:8739: checking whether -lc should be explicitly linked in
configure:8744: armarmv5te-unknown-linux-gnueabi-gcc -c -I/home/bmuessig/Pandora/target/include/SDL -D_GNU_SOURCE=1 -D_REENTRANT  -I/home/bmuessig/Pandora/target/include -I/home/bmuessig/Pandora/target/include/freetype2 -I/home/bmuessig/Pandora/target/include/SDL -I/home/bmuessig/Pandora/target/include -I/home/bmuessig/Pandora/target/include/freetype2 -I/home/bmuessig/Pandora/target/include/SDL conftest.c >&5
configure:8747: $? = 0
configure:8762: armarmv5te-unknown-linux-gnueabi-gcc -shared conftest.o  -v -Wl,-soname -Wl,conftest -o conftest 2\>\&1 \| /bin/grep  -lc  \>/dev/null 2\>\&1
configure:8765: $? = 0
configure:8777: result: no
configure:8941: checking dynamic linker characteristics
configure:9386: armarmv5te-unknown-linux-gnueabi-gcc -o conftest -I/home/bmuessig/Pandora/target/include/SDL -D_GNU_SOURCE=1 -D_REENTRANT  -I/home/bmuessig/Pandora/target/include -I/home/bmuessig/Pandora/target/include/freetype2 -I/home/bmuessig/Pandora/target/include/SDL -I/home/bmuessig/Pandora/target/include -I/home/bmuessig/Pandora/target/include/freetype2 -I/home/bmuessig/Pandora/target/include/SDL -L/home/bmuessig/Pandora/target/lib -L/home/bmuessig/Pandora/target/lib -Wl,-rpath,/home/bmuessig/Pandora/target/lib -lSDL -lpthread -L/home/bmuessig/Pandora/target/lib -lfreetype -Wl,-rpath -Wl,/foo conftest.c  >&5
configure:9392: $? = 0
configure:9622: result: GNU/Linux ld.so
configure:9724: checking how to hardcode library paths into programs
configure:9749: result: immediate
configure:10554: checking whether stripping libraries is possible
configure:10559: result: yes
configure:10594: checking if libtool supports shared libraries
configure:10596: result: yes
configure:10599: checking whether to build shared libraries
configure:10620: result: yes
configure:10623: checking whether to build static libraries
configure:10627: result: yes
configure:10673: checking host system type
configure:10688: result: arm-none-linux-gnueabi
configure:10726: checking for a BSD-compatible install
configure:10782: result: /usr/bin/install -c
configure:10793: checking whether build environment is sane
configure:10836: result: yes
configure:10864: checking for a thread-safe mkdir -p
configure:10903: result: /bin/mkdir -p
configure:10916: checking for gawk
configure:10932: found /usr/bin/gawk
configure:10943: result: gawk
configure:10954: checking whether make sets $(MAKE)
configure:10975: result: yes
configure:11005: checking for style of include used by make
configure:11033: result: GNU
configure:11117: checking for arm-none-linux-gnueabi-strip
configure:11144: result: strip
configure:11226: checking dependency style of armarmv5te-unknown-linux-gnueabi-gcc
configure:11317: result: gcc3
configure:11343: checking for arm-none-linux-gnueabi-gcc
configure:11370: result: armarmv5te-unknown-linux-gnueabi-gcc
configure:11648: checking for C compiler version
configure:11655: armarmv5te-unknown-linux-gnueabi-gcc --version >&5
armarmv5te-unknown-linux-gnueabi-gcc (crosstool-NG crosstool-ng-1.22.0) 5.2.0
Copyright (C) 2015 Free Software Foundation, Inc.
This is free software; see the source for copying conditions.  There is NO
warranty; not even for MERCHANTABILITY or FITNESS FOR A PARTICULAR PURPOSE.

configure:11658: $? = 0
configure:11665: armarmv5te-unknown-linux-gnueabi-gcc -v >&5
Using built-in specs.
COLLECT_GCC=armarmv5te-unknown-linux-gnueabi-gcc
COLLECT_LTO_WRAPPER=/home/bmuessig/x-tools/armarmv5te-unknown-linux-gnueabi/libexec/gcc/armarmv5te-unknown-linux-gnueabi/5.2.0/lto-wrapper
Target: armarmv5te-unknown-linux-gnueabi
Configured with: /home/bmuessig/CNC-ng/.build/src/gcc-5.2.0/configure --build=x86_64-build_pc-linux-gnu --host=x86_64-build_pc-linux-gnu --target=armarmv5te-unknown-linux-gnueabi --prefix=/home/bmuessig/x-tools/armarmv5te-unknown-linux-gnueabi --with-sysroot=/home/bmuessig/x-tools/armarmv5te-unknown-linux-gnueabi/armarmv5te-unknown-linux-gnueabi/sysroot --enable-languages=c,c++ --with-tune=arm926ej-s --with-float=soft --with-pkgversion='crosstool-NG crosstool-ng-1.22.0' --disable-sjlj-exceptions --enable-__cxa_atexit --disable-libmudflap --disable-libgomp --disable-libssp --disable-libquadmath --disable-libquadmath-support --disable-libsanitizer --with-gmp=/home/bmuessig/CNC-ng/.build/armarmv5te-unknown-linux-gnueabi/buildtools --with-mpfr=/home/bmuessig/CNC-ng/.build/armarmv5te-unknown-linux-gnueabi/buildtools --with-mpc=/home/bmuessig/CNC-ng/.build/armarmv5te-unknown-linux-gnueabi/buildtools --with-isl=/home/bmuessig/CNC-ng/.build/armarmv5te-unknown-linux-gnueabi/buildtools --with-cloog=/home/bmuessig/CNC-ng/.build/armarmv5te-unknown-linux-gnueabi/buildtools --with-libelf=/home/bmuessig/CNC-ng/.build/armarmv5te-unknown-linux-gnueabi/buildtools --enable-lto --with-host-libstdcxx='-static-libgcc -Wl,-Bstatic,-lstdc++,-Bdynamic -lm' --enable-threads=posix --enable-target-optspace --enable-plugin --enable-gold --disable-nls --disable-multilib --with-local-prefix=/home/bmuessig/x-tools/armarmv5te-unknown-linux-gnueabi/armarmv5te-unknown-linux-gnueabi/sysroot --enable-long-long
Thread model: posix
gcc version 5.2.0 (crosstool-NG crosstool-ng-1.22.0) 
configure:11668: $? = 0
configure:11675: armarmv5te-unknown-linux-gnueabi-gcc -V >&5
armarmv5te-unknown-linux-gnueabi-gcc: error: unrecognized command line option '-V'
armarmv5te-unknown-linux-gnueabi-gcc: fatal error: no input files
compilation terminated.
configure:11678: $? = 1
configure:11681: checking whether we are using the GNU C compiler
configure:11733: result: yes
configure:11738: checking whether armarmv5te-unknown-linux-gnueabi-gcc accepts -g
configure:11873: result: yes
configure:11890: checking for armarmv5te-unknown-linux-gnueabi-gcc option to accept ISO C89
configure:11993: result: none needed
configure:12024: checking for a BSD-compatible install
configure:12080: result: /usr/bin/install -c
configure:12091: checking whether make sets $(MAKE)
configure:12112: result: yes
configure:12130: checking for windres
configure:12160: result: no
configure:12130: checking for arm-none-linux-gnueabi-windres
configure:12160: result: no
configure:12130: checking for linux-gnueabi-windres
configure:12160: result: no
configure:12175: checking for working alloca.h
configure:12202: armarmv5te-unknown-linux-gnueabi-gcc -o conftest -I/home/bmuessig/Pandora/target/include/SDL -D_GNU_SOURCE=1 -D_REENTRANT  -I/home/bmuessig/Pandora/target/include -I/home/bmuessig/Pandora/target/include/freetype2 -I/home/bmuessig/Pandora/target/include/SDL -I/home/bmuessig/Pandora/target/include -I/home/bmuessig/Pandora/target/include/freetype2 -I/home/bmuessig/Pandora/target/include/SDL -L/home/bmuessig/Pandora/target/lib -L/home/bmuessig/Pandora/target/lib -Wl,-rpath,/home/bmuessig/Pandora/target/lib -lSDL -lpthread -L/home/bmuessig/Pandora/target/lib -lfreetype conftest.c  >&5
configure:12208: $? = 0
configure:12225: result: yes
configure:12235: checking for alloca
configure:12282: armarmv5te-unknown-linux-gnueabi-gcc -o conftest -I/home/bmuessig/Pandora/target/include/SDL -D_GNU_SOURCE=1 -D_REENTRANT  -I/home/bmuessig/Pandora/target/include -I/home/bmuessig/Pandora/target/include/freetype2 -I/home/bmuessig/Pandora/target/include/SDL -I/home/bmuessig/Pandora/target/include -I/home/bmuessig/Pandora/target/include/freetype2 -I/home/bmuessig/Pandora/target/include/SDL -L/home/bmuessig/Pandora/target/lib -L/home/bmuessig/Pandora/target/lib -Wl,-rpath,/home/bmuessig/Pandora/target/lib -lSDL -lpthread -L/home/bmuessig/Pandora/target/lib -lfreetype conftest.c  >&5
configure:12288: $? = 0
configure:12305: result: yes
configure:12596: checking for freetype-config
configure:12627: result: /home/bmuessig/Pandora/target/lib/bin/freetype-config
configure:12657: checking for arm-none-linux-gnueabi-pkg-config
configure:12690: result: no
configure:12700: checking for pkg-config
configure:12718: found /usr/bin/pkg-config
configure:12730: result: /usr/bin/pkg-config
configure:12759: checking pkg-config is at least version 0.9.0
configure:12762: result: yes
configure:12901: checking for sdl-config
configure:12932: result: /home/bmuessig/Pandora/target/lib/bin/sdl-config
configure:12941: checking for SDL - version >= 1.2.4
configure:13072: result: yes
configure:13197: checking for X
configure:13421: result: disabled
configure:14519: checking for OpenGL support
configure:14547: armarmv5te-unknown-linux-gnueabi-gcc -c -I/home/bmuessig/Pandora/target/include/SDL -D_GNU_SOURCE=1 -D_REENTRANT  -I/home/bmuessig/Pandora/target/include -I/home/bmuessig/Pandora/target/include/freetype2 -I/home/bmuessig/Pandora/target/include/SDL   -I/home/bmuessig/Pandora/target/include -I/home/bmuessig/Pandora/target/include/freetype2 -I/home/bmuessig/Pandora/target/include/SDL conftest.c >&5
In file included from conftest.c:26:0:
/home/bmuessig/Pandora/target/include/SDL/SDL_opengl.h:46:60: fatal error: GL/gl.h: No such file or directory
compilation terminated.
configure:14553: $? = 1
configure: failed program was:
| /* confdefs.h.  */
| #define PACKAGE_NAME ""
| #define PACKAGE_TARNAME ""
| #define PACKAGE_VERSION ""
| #define PACKAGE_STRING ""
| #define PACKAGE_BUGREPORT ""
| #define STDC_HEADERS 1
| #define HAVE_SYS_TYPES_H 1
| #define HAVE_SYS_STAT_H 1
| #define HAVE_STDLIB_H 1
| #define HAVE_STRING_H 1
| #define HAVE_MEMORY_H 1
| #define HAVE_STRINGS_H 1
| #define HAVE_INTTYPES_H 1
| #define HAVE_STDINT_H 1
| #define HAVE_UNISTD_H 1
| #define HAVE_DLFCN_H 1
| #define LT_OBJDIR ".libs/"
| #define PACKAGE "SDL_ttf"
| #define VERSION "2.0.11"
| #define HAVE_ALLOCA_H 1
| #define HAVE_ALLOCA 1
| #define X_DISPLAY_MISSING 1
| /* end confdefs.h.  */
| 
|  #include "SDL_opengl.h"
| 
| int
| main ()
| {
| 
|  GLuint texture;
| 
|   ;
|   return 0;
| }
configure:14569: result: no
configure:14735: creating ./config.status

## ---------------------- ##
## Running config.status. ##
## ---------------------- ##

This file was extended by config.status, which was
generated by GNU Autoconf 2.61.  Invocation command line was

  CONFIG_FILES    = 
  CONFIG_HEADERS  = 
  CONFIG_LINKS    = 
  CONFIG_COMMANDS = 
  $ ./config.status 

on Benedikt-Laptop

config.status:863: creating Makefile
config.status:863: creating SDL_ttf.spec
config.status:863: creating SDL_ttf.pc
config.status:1054: executing libtool commands
config.status:1054: executing depfiles commands

## ---------------- ##
## Cache variables. ##
## ---------------- ##

ac_cv_build=x86_64-pc-linux-gnu
ac_cv_c_compiler_gnu=yes
ac_cv_env_CC_set=set
ac_cv_env_CC_value=armarmv5te-unknown-linux-gnueabi-gcc
ac_cv_env_CFLAGS_set=set
ac_cv_env_CFLAGS_value='-I/home/bmuessig/Pandora/target/include/SDL -D_GNU_SOURCE=1 -D_REENTRANT  -I/home/bmuessig/Pandora/target/include -I/home/bmuessig/Pandora/target/include/freetype2 -I/home/bmuessig/Pandora/target/include/SDL'
ac_cv_env_CPPFLAGS_set=set
ac_cv_env_CPPFLAGS_value='-I/home/bmuessig/Pandora/target/include -I/home/bmuessig/Pandora/target/include/freetype2 -I/home/bmuessig/Pandora/target/include/SDL'
ac_cv_env_CPP_set=
ac_cv_env_CPP_value=
ac_cv_env_LDFLAGS_set=set
ac_cv_env_LDFLAGS_value='-L/home/bmuessig/Pandora/target/lib -L/home/bmuessig/Pandora/target/lib -Wl,-rpath,/home/bmuessig/Pandora/target/lib -lSDL -lpthread -L/home/bmuessig/Pandora/target/lib -lfreetype'
ac_cv_env_LIBS_set=
ac_cv_env_LIBS_value=
ac_cv_env_PKG_CONFIG_set=
ac_cv_env_PKG_CONFIG_value=
ac_cv_env_SDL_CFLAGS_set=
ac_cv_env_SDL_CFLAGS_value=
ac_cv_env_SDL_LIBS_set=
ac_cv_env_SDL_LIBS_value=
ac_cv_env_XMKMF_set=
ac_cv_env_XMKMF_value=
ac_cv_env_build_alias_set=set
ac_cv_env_build_alias_value=x86_64-linux-gnu
ac_cv_env_host_alias_set=set
ac_cv_env_host_alias_value=arm-none-linux-gnueabi
ac_cv_env_target_alias_set=
ac_cv_env_target_alias_value=
ac_cv_func_alloca_works=yes
ac_cv_header_dlfcn_h=yes
ac_cv_header_inttypes_h=yes
ac_cv_header_memory_h=yes
ac_cv_header_stdc=yes
ac_cv_header_stdint_h=yes
ac_cv_header_stdlib_h=yes
ac_cv_header_string_h=yes
ac_cv_header_strings_h=yes
ac_cv_header_sys_stat_h=yes
ac_cv_header_sys_types_h=yes
ac_cv_header_unistd_h=yes
ac_cv_host=arm-none-linux-gnueabi
ac_cv_objext=o
ac_cv_path_EGREP='/bin/grep -E'
ac_cv_path_FGREP='/bin/grep -F'
ac_cv_path_FREETYPE_CONFIG=/home/bmuessig/Pandora/target/lib/bin/freetype-config
ac_cv_path_GREP=/bin/grep
ac_cv_path_SDL_CONFIG=/home/bmuessig/Pandora/target/lib/bin/sdl-config
ac_cv_path_SED=/bin/sed
ac_cv_path_ac_pt_PKG_CONFIG=/usr/bin/pkg-config
ac_cv_path_install='/usr/bin/install -c'
ac_cv_path_mkdir=/bin/mkdir
ac_cv_prog_AR=armarmv5te-unknown-linux-gnueabi-ar
ac_cv_prog_AWK=gawk
ac_cv_prog_CC=armarmv5te-unknown-linux-gnueabi-gcc
ac_cv_prog_CPP='armarmv5te-unknown-linux-gnueabi-gcc -E'
ac_cv_prog_RANLIB=armarmv5te-unknown-linux-gnueabi-ranlib
ac_cv_prog_STRIP=strip
ac_cv_prog_ac_ct_DUMPBIN='link -dump -symbols'
ac_cv_prog_ac_ct_OBJDUMP=objdump
ac_cv_prog_ac_ct_STRIP=strip
ac_cv_prog_cc_c89=
ac_cv_prog_cc_g=yes
ac_cv_prog_make_make_set=yes
ac_cv_working_alloca_h=yes
am_cv_CC_dependencies_compiler_type=gcc3
lt_cv_deplibs_check_method=pass_all
lt_cv_file_magic_cmd='$MAGIC_CMD'
lt_cv_file_magic_test_file=
lt_cv_ld_reload_flag=-r
lt_cv_nm_interface='BSD nm'
lt_cv_objdir=.libs
lt_cv_path_LD=armarmv5te-unknown-linux-gnueabi-ld
lt_cv_path_NM=no
lt_cv_prog_compiler_c_o=yes
lt_cv_prog_compiler_pic_works=yes
lt_cv_prog_compiler_rtti_exceptions=no
lt_cv_prog_compiler_static_works=yes
lt_cv_prog_gnu_ld=yes
lt_cv_sys_global_symbol_pipe=
lt_cv_sys_global_symbol_to_c_name_address='sed -n -e '\''s/^: \([^ ]*\) $/  {\"\1\", (void *) 0},/p'\'' -e '\''s/^[BCDEGRST]* \([^ ]*\) \([^ ]*\)$/  {"\2", (void *) \&\2},/p'\'''
lt_cv_sys_global_symbol_to_c_name_address_lib_prefix='sed -n -e '\''s/^: \([^ ]*\) $/  {\"\1\", (void *) 0},/p'\'' -e '\''s/^[BCDEGRST]* \([^ ]*\) \(lib[^ ]*\)$/  {"\2", (void *) \&\2},/p'\'' -e '\''s/^[BCDEGRST]* \([^ ]*\) \([^ ]*\)$/  {"lib\2", (void *) \&\2},/p'\'''
lt_cv_sys_global_symbol_to_cdecl=
lt_cv_sys_max_cmd_len=1572864

## ----------------- ##
## Output variables. ##
## ----------------- ##

ACLOCAL='${SHELL} /home/bmuessig/Pandora/build/SDL_ttf-2.0.11/missing --run aclocal-1.10'
ALLOCA=''
AMDEPBACKSLASH='\'
AMDEP_FALSE='#'
AMDEP_TRUE=''
AMTAR='${SHELL} /home/bmuessig/Pandora/build/SDL_ttf-2.0.11/missing --run tar'
AR='armarmv5te-unknown-linux-gnueabi-ar'
AS='armarmv5te-unknown-linux-gnueabi-as'
AUTOCONF='${SHELL} /home/bmuessig/Pandora/build/SDL_ttf-2.0.11/missing --run autoconf'
AUTOHEADER='${SHELL} /home/bmuessig/Pandora/build/SDL_ttf-2.0.11/missing --run autoheader'
AUTOMAKE='${SHELL} /home/bmuessig/Pandora/build/SDL_ttf-2.0.11/missing --run automake-1.10'
AWK='gawk'
BINARY_AGE='11'
CC='armarmv5te-unknown-linux-gnueabi-gcc'
CCDEPMODE='depmode=gcc3'
CFLAGS='-I/home/bmuessig/Pandora/target/include/SDL -D_GNU_SOURCE=1 -D_REENTRANT  -I/home/bmuessig/Pandora/target/include -I/home/bmuessig/Pandora/target/include/freetype2 -I/home/bmuessig/Pandora/target/include/SDL  '
CPP='armarmv5te-unknown-linux-gnueabi-gcc -E'
CPPFLAGS='-I/home/bmuessig/Pandora/target/include -I/home/bmuessig/Pandora/target/include/freetype2 -I/home/bmuessig/Pandora/target/include/SDL'
CYGPATH_W='echo'
DEFS='-DPACKAGE_NAME=\"\" -DPACKAGE_TARNAME=\"\" -DPACKAGE_VERSION=\"\" -DPACKAGE_STRING=\"\" -DPACKAGE_BUGREPORT=\"\" -DSTDC_HEADERS=1 -DHAVE_SYS_TYPES_H=1 -DHAVE_SYS_STAT_H=1 -DHAVE_STDLIB_H=1 -DHAVE_STRING_H=1 -DHAVE_MEMORY_H=1 -DHAVE_STRINGS_H=1 -DHAVE_INTTYPES_H=1 -DHAVE_STDINT_H=1 -DHAVE_UNISTD_H=1 -DHAVE_DLFCN_H=1 -DLT_OBJDIR=\".libs/\" -DPACKAGE=\"SDL_ttf\" -DVERSION=\"2.0.11\" -DHAVE_ALLOCA_H=1 -DHAVE_ALLOCA=1 -DX_DISPLAY_MISSING=1'
DEPDIR='.deps'
DLLTOOL='dlltool'
DSYMUTIL=''
DUMPBIN='link -dump -symbols'
ECHO_C=''
ECHO_N='-n'
ECHO_T=''
EGREP='/bin/grep -E'
EXEEXT=''
FGREP='/bin/grep -F'
FREETYPE_CONFIG='/home/bmuessig/Pandora/target/lib/bin/freetype-config'
GL_LIBS=''
GREP='/bin/grep'
INSTALL_DATA='${INSTALL} -m 644'
INSTALL_PROGRAM='${INSTALL}'
INSTALL_SCRIPT='${INSTALL}'
INSTALL_STRIP_PROGRAM='$(install_sh) -c -s'
INTERFACE_AGE='1'
LD='armarmv5te-unknown-linux-gnueabi-ld'
LDFLAGS='-L/home/bmuessig/Pandora/target/lib -L/home/bmuessig/Pandora/target/lib -Wl,-rpath,/home/bmuessig/Pandora/target/lib -lSDL -lpthread -L/home/bmuessig/Pandora/target/lib -lfreetype'
LIBOBJS=''
LIBS='  '
LIBTOOL='$(SHELL) $(top_builddir)/libtool'
LIPO=''
LN_S='ln -s'
LTLIBOBJS=''
LT_AGE='10'
LT_CURRENT='10'
LT_RELEASE='2.0'
LT_REVISION='1'
MAJOR_VERSION='2'
MAKEINFO='${SHELL} /home/bmuessig/Pandora/build/SDL_ttf-2.0.11/missing --run makeinfo'
MATHLIB='-lm'
MICRO_VERSION='11'
MINOR_VERSION='0'
NM='link -dump -symbols'
NMEDIT=''
OBJDUMP='objdump'
OBJEXT='o'
OTOOL64=''
OTOOL=''
PACKAGE='SDL_ttf'
PACKAGE_BUGREPORT=''
PACKAGE_NAME=''
PACKAGE_STRING=''
PACKAGE_TARNAME=''
PACKAGE_VERSION=''
PATH_SEPARATOR=':'
PKG_CONFIG='/usr/bin/pkg-config'
RANLIB='armarmv5te-unknown-linux-gnueabi-ranlib'
SDL_CFLAGS=''
SDL_CONFIG='/home/bmuessig/Pandora/target/lib/bin/sdl-config'
SDL_LIBS=''
SDL_VERSION='1.2.4'
SED='/bin/sed'
SET_MAKE=''
SHELL='/bin/bash'
STRIP='strip'
USE_VERSION_RC_FALSE=''
USE_VERSION_RC_TRUE='#'
VERSION='2.0.11'
WINDRES=''
XMKMF=''
X_CFLAGS=''
X_EXTRA_LIBS=''
X_LIBS=''
X_PRE_LIBS=''
ac_ct_CC=''
ac_ct_DUMPBIN='link -dump -symbols'
am__fastdepCC_FALSE='#'
am__fastdepCC_TRUE=''
am__include='include'
am__isrc=''
am__leading_dot='.'
am__quote=''
am__tar='${AMTAR} chof - "$$tardir"'
am__untar='${AMTAR} xf -'
bindir='${exec_prefix}/bin'
build='x86_64-pc-linux-gnu'
build_alias='x86_64-linux-gnu'
build_cpu='x86_64'
build_os='linux-gnu'
build_vendor='pc'
datadir='${datarootdir}'
datarootdir='${prefix}/share'
docdir='${datarootdir}/doc/${PACKAGE}'
dvidir='${docdir}'
exec_prefix='${prefix}'
host='arm-none-linux-gnueabi'
host_alias='arm-none-linux-gnueabi'
host_cpu='arm'
host_os='linux-gnueabi'
host_vendor='none'
htmldir='${docdir}'
includedir='${prefix}/include'
infodir='${datarootdir}/info'
install_sh='$(SHELL) /home/bmuessig/Pandora/build/SDL_ttf-2.0.11/install-sh'
libdir='${exec_prefix}/lib'
libexecdir='${exec_prefix}/libexec'
localedir='${datarootdir}/locale'
localstatedir='${prefix}/var'
lt_ECHO='echo'
mandir='${datarootdir}/man'
mkdir_p='/bin/mkdir -p'
oldincludedir='/usr/include'
pdfdir='${docdir}'
prefix='/home/bmuessig/Pandora/target'
program_transform_name='s,x,x,'
psdir='${docdir}'
sbindir='${exec_prefix}/sbin'
sharedstatedir='${prefix}/com'
sysconfdir='${prefix}/etc'
target_alias=''

## ----------- ##
## confdefs.h. ##
## ----------- ##

#define PACKAGE_NAME ""
#define PACKAGE_TARNAME ""
#define PACKAGE_VERSION ""
#define PACKAGE_STRING ""
#define PACKAGE_BUGREPORT ""
#define STDC_HEADERS 1
#define HAVE_SYS_TYPES_H 1
#define HAVE_SYS_STAT_H 1
#define HAVE_STDLIB_H 1
#define HAVE_STRING_H 1
#define HAVE_MEMORY_H 1
#define HAVE_STRINGS_H 1
#define HAVE_INTTYPES_H 1
#define HAVE_STDINT_H 1
#define HAVE_UNISTD_H 1
#define HAVE_DLFCN_H 1
#define LT_OBJDIR ".libs/"
#define PACKAGE "SDL_ttf"
#define VERSION "2.0.11"
#define HAVE_ALLOCA_H 1
#define HAVE_ALLOCA 1
#define X_DISPLAY_MISSING 1

configure: exit 0
