This file contains any messages produced by compilers while
running configure, to aid debugging if configure makes a mistake.

It was created by libjpeg configure 9.2.0, which was
generated by GNU Autoconf 2.69.  Invocation command line was

  $ ./configure --host=arm-none-linux-gnueabi --build=x86_64-linux-gnu --prefix=/home/bmuessig/Pandora/target --enable-static CC=armarmv5te-unknown-linux-gnueabi-gcc CPPFLAGS=-I/home/bmuessig/Pandora/target/include LDFLAGS=-L/home/bmuessig/Pandora/target/lib

## --------- ##
## Platform. ##
## --------- ##

hostname = Benedikt-Laptop
uname -m = x86_64
uname -r = 4.4.0-62-generic
uname -s = Linux
uname -v = #83-Ubuntu SMP Wed Jan 18 14:10:15 UTC 2017

/usr/bin/uname -p = unknown
/bin/uname -X     = unknown

/bin/arch              = unknown
/usr/bin/arch -k       = unknown
/usr/convex/getsysinfo = unknown
/usr/bin/hostinfo      = unknown
/bin/machine           = unknown
/usr/bin/oslevel       = unknown
/bin/universe          = unknown

PATH: /home/bmuessig/bin
PATH: /home/bmuessig/.local/bin
PATH: /usr/local/sbin
PATH: /usr/local/bin
PATH: /usr/sbin
PATH: /usr/bin
PATH: /sbin
PATH: /bin
PATH: /usr/games
PATH: /usr/local/games
PATH: /home/bmuessig/xt-ng/bin
PATH: /home/bmuessig/x-tools/armarmv5te-unknown-linux-gnueabi/bin
PATH: /home/bmuessig/x-tools/armv5te-unknown-linux-gnueabi/bin
PATH: /home/bmuessig/x-tools/arm-linux-gnueabi/bin


## ----------- ##
## Core tests. ##
## ----------- ##

configure:2272: checking build system type
configure:2286: result: x86_64-pc-linux-gnu
configure:2306: checking host system type
configure:2319: result: arm-none-linux-gnueabi
configure:2339: checking target system type
configure:2352: result: arm-none-linux-gnueabi
configure:2397: checking for a BSD-compatible install
configure:2465: result: /usr/bin/install -c
configure:2476: checking whether build environment is sane
configure:2531: result: yes
configure:2590: checking for arm-none-linux-gnueabi-strip
configure:2620: result: no
configure:2630: checking for strip
configure:2646: found /usr/bin/strip
configure:2657: result: strip
configure:2669: WARNING: using cross tools not prefixed with host triplet
configure:2682: checking for a thread-safe mkdir -p
configure:2721: result: /bin/mkdir -p
configure:2728: checking for gawk
configure:2744: found /usr/bin/gawk
configure:2755: result: gawk
configure:2766: checking whether make sets $(MAKE)
configure:2788: result: yes
configure:2817: checking whether make supports nested variables
configure:2834: result: yes
configure:2975: checking whether make supports nested variables
configure:2992: result: yes
configure:3008: checking whether to enable maintainer-specific portions of Makefiles
configure:3017: result: no
configure:3040: checking for arm-none-linux-gnueabi-gcc
configure:3067: result: armarmv5te-unknown-linux-gnueabi-gcc
configure:3336: checking for C compiler version
configure:3345: armarmv5te-unknown-linux-gnueabi-gcc --version >&5
armarmv5te-unknown-linux-gnueabi-gcc (crosstool-NG crosstool-ng-1.22.0) 5.2.0
Copyright (C) 2015 Free Software Foundation, Inc.
This is free software; see the source for copying conditions.  There is NO
warranty; not even for MERCHANTABILITY or FITNESS FOR A PARTICULAR PURPOSE.

configure:3356: $? = 0
configure:3345: armarmv5te-unknown-linux-gnueabi-gcc -v >&5
Using built-in specs.
COLLECT_GCC=armarmv5te-unknown-linux-gnueabi-gcc
COLLECT_LTO_WRAPPER=/home/bmuessig/x-tools/armarmv5te-unknown-linux-gnueabi/libexec/gcc/armarmv5te-unknown-linux-gnueabi/5.2.0/lto-wrapper
Target: armarmv5te-unknown-linux-gnueabi
Configured with: /home/bmuessig/CNC-ng/.build/src/gcc-5.2.0/configure --build=x86_64-build_pc-linux-gnu --host=x86_64-build_pc-linux-gnu --target=armarmv5te-unknown-linux-gnueabi --prefix=/home/bmuessig/x-tools/armarmv5te-unknown-linux-gnueabi --with-sysroot=/home/bmuessig/x-tools/armarmv5te-unknown-linux-gnueabi/armarmv5te-unknown-linux-gnueabi/sysroot --enable-languages=c,c++ --with-tune=arm926ej-s --with-float=soft --with-pkgversion='crosstool-NG crosstool-ng-1.22.0' --disable-sjlj-exceptions --enable-__cxa_atexit --disable-libmudflap --disable-libgomp --disable-libssp --disable-libquadmath --disable-libquadmath-support --disable-libsanitizer --with-gmp=/home/bmuessig/CNC-ng/.build/armarmv5te-unknown-linux-gnueabi/buildtools --with-mpfr=/home/bmuessig/CNC-ng/.build/armarmv5te-unknown-linux-gnueabi/buildtools --with-mpc=/home/bmuessig/CNC-ng/.build/armarmv5te-unknown-linux-gnueabi/buildtools --with-isl=/home/bmuessig/CNC-ng/.build/armarmv5te-unknown-linux-gnueabi/buildtools --with-cloog=/home/bmuessig/CNC-ng/.build/armarmv5te-unknown-linux-gnueabi/buildtools --with-libelf=/home/bmuessig/CNC-ng/.build/armarmv5te-unknown-linux-gnueabi/buildtools --enable-lto --with-host-libstdcxx='-static-libgcc -Wl,-Bstatic,-lstdc++,-Bdynamic -lm' --enable-threads=posix --enable-target-optspace --enable-plugin --enable-gold --disable-nls --disable-multilib --with-local-prefix=/home/bmuessig/x-tools/armarmv5te-unknown-linux-gnueabi/armarmv5te-unknown-linux-gnueabi/sysroot --enable-long-long
Thread model: posix
gcc version 5.2.0 (crosstool-NG crosstool-ng-1.22.0) 
configure:3356: $? = 0
configure:3345: armarmv5te-unknown-linux-gnueabi-gcc -V >&5
armarmv5te-unknown-linux-gnueabi-gcc: error: unrecognized command line option '-V'
armarmv5te-unknown-linux-gnueabi-gcc: fatal error: no input files
compilation terminated.
configure:3356: $? = 1
configure:3345: armarmv5te-unknown-linux-gnueabi-gcc -qversion >&5
armarmv5te-unknown-linux-gnueabi-gcc: error: unrecognized command line option '-qversion'
armarmv5te-unknown-linux-gnueabi-gcc: fatal error: no input files
compilation terminated.
configure:3356: $? = 1
configure:3376: checking whether the C compiler works
configure:3398: armarmv5te-unknown-linux-gnueabi-gcc  -I/home/bmuessig/Pandora/target/include -L/home/bmuessig/Pandora/target/lib conftest.c  >&5
configure:3402: $? = 0
configure:3450: result: yes
configure:3453: checking for C compiler default output file name
configure:3455: result: a.out
configure:3461: checking for suffix of executables
configure:3468: armarmv5te-unknown-linux-gnueabi-gcc -o conftest  -I/home/bmuessig/Pandora/target/include -L/home/bmuessig/Pandora/target/lib conftest.c  >&5
configure:3472: $? = 0
configure:3494: result: 
configure:3516: checking whether we are cross compiling
configure:3554: result: yes
configure:3559: checking for suffix of object files
configure:3581: armarmv5te-unknown-linux-gnueabi-gcc -c  -I/home/bmuessig/Pandora/target/include conftest.c >&5
configure:3585: $? = 0
configure:3606: result: o
configure:3610: checking whether we are using the GNU C compiler
configure:3629: armarmv5te-unknown-linux-gnueabi-gcc -c  -I/home/bmuessig/Pandora/target/include conftest.c >&5
configure:3629: $? = 0
configure:3638: result: yes
configure:3647: checking whether armarmv5te-unknown-linux-gnueabi-gcc accepts -g
configure:3667: armarmv5te-unknown-linux-gnueabi-gcc -c -g -I/home/bmuessig/Pandora/target/include conftest.c >&5
configure:3667: $? = 0
configure:3708: result: yes
configure:3725: checking for armarmv5te-unknown-linux-gnueabi-gcc option to accept ISO C89
configure:3788: armarmv5te-unknown-linux-gnueabi-gcc  -c -g -O2 -I/home/bmuessig/Pandora/target/include conftest.c >&5
configure:3788: $? = 0
configure:3801: result: none needed
configure:3826: checking whether armarmv5te-unknown-linux-gnueabi-gcc understands -c and -o together
configure:3848: armarmv5te-unknown-linux-gnueabi-gcc -c conftest.c -o conftest2.o
configure:3851: $? = 0
configure:3848: armarmv5te-unknown-linux-gnueabi-gcc -c conftest.c -o conftest2.o
configure:3851: $? = 0
configure:3863: result: yes
configure:3891: checking for style of include used by make
configure:3919: result: GNU
configure:3945: checking dependency style of armarmv5te-unknown-linux-gnueabi-gcc
configure:4056: result: gcc3
configure:4075: checking for armarmv5te-unknown-linux-gnueabi-gcc option to accept ISO C99
configure:4224: armarmv5te-unknown-linux-gnueabi-gcc  -c -g -O2 -I/home/bmuessig/Pandora/target/include conftest.c >&5
configure:4224: $? = 0
configure:4237: result: none needed
configure:4345: checking for armarmv5te-unknown-linux-gnueabi-gcc option to accept ISO Standard C
configure:4356: result: none needed
configure:4368: checking how to run the C preprocessor
configure:4399: armarmv5te-unknown-linux-gnueabi-gcc -E -I/home/bmuessig/Pandora/target/include conftest.c
configure:4399: $? = 0
configure:4413: armarmv5te-unknown-linux-gnueabi-gcc -E -I/home/bmuessig/Pandora/target/include conftest.c
conftest.c:11:28: fatal error: ac_nonexistent.h: No such file or directory
compilation terminated.
configure:4413: $? = 1
configure: failed program was:
| /* confdefs.h */
| #define PACKAGE_NAME "libjpeg"
| #define PACKAGE_TARNAME "libjpeg"
| #define PACKAGE_VERSION "9.2.0"
| #define PACKAGE_STRING "libjpeg 9.2.0"
| #define PACKAGE_BUGREPORT ""
| #define PACKAGE_URL ""
| #define PACKAGE "libjpeg"
| #define VERSION "9.2.0"
| /* end confdefs.h.  */
| #include <ac_nonexistent.h>
configure:4438: result: armarmv5te-unknown-linux-gnueabi-gcc -E
configure:4458: armarmv5te-unknown-linux-gnueabi-gcc -E -I/home/bmuessig/Pandora/target/include conftest.c
configure:4458: $? = 0
configure:4472: armarmv5te-unknown-linux-gnueabi-gcc -E -I/home/bmuessig/Pandora/target/include conftest.c
conftest.c:11:28: fatal error: ac_nonexistent.h: No such file or directory
compilation terminated.
configure:4472: $? = 1
configure: failed program was:
| /* confdefs.h */
| #define PACKAGE_NAME "libjpeg"
| #define PACKAGE_TARNAME "libjpeg"
| #define PACKAGE_VERSION "9.2.0"
| #define PACKAGE_STRING "libjpeg 9.2.0"
| #define PACKAGE_BUGREPORT ""
| #define PACKAGE_URL ""
| #define PACKAGE "libjpeg"
| #define VERSION "9.2.0"
| /* end confdefs.h.  */
| #include <ac_nonexistent.h>
configure:4501: checking whether make sets $(MAKE)
configure:4523: result: yes
configure:4532: checking whether ln -s works
configure:4536: result: yes
configure:4549: checking for arm-none-linux-gnueabi-ar
configure:4579: result: no
configure:4549: checking for arm-none-linux-gnueabi-lib
configure:4579: result: no
configure:4549: checking for arm-none-linux-gnueabi-link
configure:4579: result: no
configure:4593: checking for ar
configure:4609: found /usr/bin/ar
configure:4620: result: ar
configure:4646: checking the archiver (ar) interface
configure:4662: armarmv5te-unknown-linux-gnueabi-gcc -c -g -O2 -I/home/bmuessig/Pandora/target/include conftest.c >&5
configure:4662: $? = 0
configure:4664: ar cru libconftest.a conftest.o >&5
ar: `u' modifier ignored since `D' is the default (see `U')
configure:4667: $? = 0
configure:4695: result: ar
configure:4724: checking if LD -Wl,--version-script works
configure:4748: armarmv5te-unknown-linux-gnueabi-gcc -o conftest -g -O2 -I/home/bmuessig/Pandora/target/include -L/home/bmuessig/Pandora/target/lib -Wl,--version-script=conftest.map conftest.c  >&5
configure:4748: $? = 0
configure:4757: result: yes
configure:4770: checking for function prototypes
configure:4790: armarmv5te-unknown-linux-gnueabi-gcc -c -g -O2 -I/home/bmuessig/Pandora/target/include conftest.c >&5
configure:4790: $? = 0
configure:4798: result: yes
configure:4819: checking for grep that handles long lines and -e
configure:4877: result: /bin/grep
configure:4882: checking for egrep
configure:4944: result: /bin/grep -E
configure:4949: checking for ANSI C header files
configure:4969: armarmv5te-unknown-linux-gnueabi-gcc -c -g -O2 -I/home/bmuessig/Pandora/target/include conftest.c >&5
configure:4969: $? = 0
configure:5053: result: yes
configure:5066: checking for sys/types.h
configure:5066: armarmv5te-unknown-linux-gnueabi-gcc -c -g -O2 -I/home/bmuessig/Pandora/target/include conftest.c >&5
configure:5066: $? = 0
configure:5066: result: yes
configure:5066: checking for sys/stat.h
configure:5066: armarmv5te-unknown-linux-gnueabi-gcc -c -g -O2 -I/home/bmuessig/Pandora/target/include conftest.c >&5
configure:5066: $? = 0
configure:5066: result: yes
configure:5066: checking for stdlib.h
configure:5066: armarmv5te-unknown-linux-gnueabi-gcc -c -g -O2 -I/home/bmuessig/Pandora/target/include conftest.c >&5
configure:5066: $? = 0
configure:5066: result: yes
configure:5066: checking for string.h
configure:5066: armarmv5te-unknown-linux-gnueabi-gcc -c -g -O2 -I/home/bmuessig/Pandora/target/include conftest.c >&5
configure:5066: $? = 0
configure:5066: result: yes
configure:5066: checking for memory.h
configure:5066: armarmv5te-unknown-linux-gnueabi-gcc -c -g -O2 -I/home/bmuessig/Pandora/target/include conftest.c >&5
configure:5066: $? = 0
configure:5066: result: yes
configure:5066: checking for strings.h
configure:5066: armarmv5te-unknown-linux-gnueabi-gcc -c -g -O2 -I/home/bmuessig/Pandora/target/include conftest.c >&5
configure:5066: $? = 0
configure:5066: result: yes
configure:5066: checking for inttypes.h
configure:5066: armarmv5te-unknown-linux-gnueabi-gcc -c -g -O2 -I/home/bmuessig/Pandora/target/include conftest.c >&5
configure:5066: $? = 0
configure:5066: result: yes
configure:5066: checking for stdint.h
configure:5066: armarmv5te-unknown-linux-gnueabi-gcc -c -g -O2 -I/home/bmuessig/Pandora/target/include conftest.c >&5
configure:5066: $? = 0
configure:5066: result: yes
configure:5066: checking for unistd.h
configure:5066: armarmv5te-unknown-linux-gnueabi-gcc -c -g -O2 -I/home/bmuessig/Pandora/target/include conftest.c >&5
configure:5066: $? = 0
configure:5066: result: yes
configure:5081: checking stddef.h usability
configure:5081: armarmv5te-unknown-linux-gnueabi-gcc -c -g -O2 -I/home/bmuessig/Pandora/target/include conftest.c >&5
configure:5081: $? = 0
configure:5081: result: yes
configure:5081: checking stddef.h presence
configure:5081: armarmv5te-unknown-linux-gnueabi-gcc -E -I/home/bmuessig/Pandora/target/include conftest.c
configure:5081: $? = 0
configure:5081: result: yes
configure:5081: checking for stddef.h
configure:5081: result: yes
configure:5081: checking for stdlib.h
configure:5081: result: yes
configure:5081: checking locale.h usability
configure:5081: armarmv5te-unknown-linux-gnueabi-gcc -c -g -O2 -I/home/bmuessig/Pandora/target/include conftest.c >&5
configure:5081: $? = 0
configure:5081: result: yes
configure:5081: checking locale.h presence
configure:5081: armarmv5te-unknown-linux-gnueabi-gcc -E -I/home/bmuessig/Pandora/target/include conftest.c
configure:5081: $? = 0
configure:5081: result: yes
configure:5081: checking for locale.h
configure:5081: result: yes
configure:5091: checking for string.h
configure:5091: result: yes
configure:5104: checking for size_t
configure:5131: armarmv5te-unknown-linux-gnueabi-gcc -c -g -O2 -I/home/bmuessig/Pandora/target/include conftest.c >&5
configure:5131: $? = 0
configure:5137: result: yes
configure:5173: checking for type unsigned char
configure:5186: armarmv5te-unknown-linux-gnueabi-gcc -c -g -O2 -I/home/bmuessig/Pandora/target/include conftest.c >&5
configure:5186: $? = 0
configure:5187: result: yes
configure:5198: checking for type unsigned short
configure:5211: armarmv5te-unknown-linux-gnueabi-gcc -c -g -O2 -I/home/bmuessig/Pandora/target/include conftest.c >&5
configure:5211: $? = 0
configure:5212: result: yes
configure:5223: checking for type void
configure:5257: armarmv5te-unknown-linux-gnueabi-gcc -c -g -O2 -I/home/bmuessig/Pandora/target/include conftest.c >&5
configure:5257: $? = 0
configure:5258: result: yes
configure:5268: checking for an ANSI C-conforming const
configure:5334: armarmv5te-unknown-linux-gnueabi-gcc -c -g -O2 -I/home/bmuessig/Pandora/target/include conftest.c >&5
configure:5334: $? = 0
configure:5341: result: yes
configure:5351: checking for inline
configure:5366: armarmv5te-unknown-linux-gnueabi-gcc -c -g -O2 -I/home/bmuessig/Pandora/target/include conftest.c >&5
configure:5366: $? = 0
configure:5404: result: __inline__
configure:5413: checking for broken incomplete types
configure:5426: armarmv5te-unknown-linux-gnueabi-gcc -c -g -O2 -I/home/bmuessig/Pandora/target/include conftest.c >&5
configure:5426: $? = 0
configure:5427: result: ok
configure:5439: checking for short external names
configure:5455: armarmv5te-unknown-linux-gnueabi-gcc -o conftest -g -O2 -I/home/bmuessig/Pandora/target/include -L/home/bmuessig/Pandora/target/lib conftest.c  >&5
configure:5455: $? = 0
configure:5456: result: ok
configure:5469: checking to see if char is signed
configure:5473: WARNING: Assuming that char is signed on target machine.
    If it is unsigned, this will be a little bit inefficient.
configure:5521: checking to see if right shift is signed
configure:5524: result: Assuming that right shift is signed on target machine.
configure:5576: checking to see if fopen accepts b spec
configure:5579: result: Assuming that it does.
configure:5960: checking how to print strings
configure:5987: result: printf
configure:6008: checking for a sed that does not truncate output
configure:6072: result: /bin/sed
configure:6090: checking for fgrep
configure:6152: result: /bin/grep -F
configure:6187: checking for ld used by armarmv5te-unknown-linux-gnueabi-gcc
configure:6254: result: armarmv5te-unknown-linux-gnueabi-ld
configure:6261: checking if the linker (armarmv5te-unknown-linux-gnueabi-ld) is GNU ld
configure:6276: result: yes
configure:6288: checking for BSD- or MS-compatible name lister (nm)
configure:6342: result: no
configure:6356: checking for arm-none-linux-gnueabi-dumpbin
configure:6386: result: no
configure:6356: checking for arm-none-linux-gnueabi-link
configure:6386: result: no
configure:6400: checking for dumpbin
configure:6430: result: no
configure:6400: checking for link
configure:6416: found /usr/bin/link
configure:6427: result: link -dump
configure:6472: checking the name lister (nm) interface
configure:6479: armarmv5te-unknown-linux-gnueabi-gcc -c -g -O2 -I/home/bmuessig/Pandora/target/include conftest.c >&5
configure:6482: nm "conftest.o"
configure:6485: output
00000000 b $d
00000000 B some_variable
configure:6492: result: BSD nm
configure:6496: checking the maximum length of command line arguments
configure:6627: result: 1572864
configure:6675: checking how to convert x86_64-pc-linux-gnu file names to arm-none-linux-gnueabi format
configure:6715: result: func_convert_file_noop
configure:6722: checking how to convert x86_64-pc-linux-gnu file names to toolchain format
configure:6742: result: func_convert_file_noop
configure:6749: checking for armarmv5te-unknown-linux-gnueabi-ld option to reload object files
configure:6756: result: -r
configure:6790: checking for arm-none-linux-gnueabi-objdump
configure:6817: result: objdump
configure:6886: checking how to recognize dependent libraries
configure:7086: result: pass_all
configure:7131: checking for arm-none-linux-gnueabi-dlltool
configure:7158: result: dlltool
configure:7228: checking how to associate runtime and link libraries
configure:7255: result: printf %s\n
configure:7271: checking for arm-none-linux-gnueabi-ar
configure:7298: result: ar
configure:7379: checking for archiver @FILE support
configure:7396: armarmv5te-unknown-linux-gnueabi-gcc -c -g -O2 -I/home/bmuessig/Pandora/target/include conftest.c >&5
configure:7396: $? = 0
configure:7399: ar cru libconftest.a @conftest.lst >&5
ar: `u' modifier ignored since `D' is the default (see `U')
configure:7402: $? = 0
configure:7407: ar cru libconftest.a @conftest.lst >&5
ar: `u' modifier ignored since `D' is the default (see `U')
ar: conftest.o: No such file or directory
configure:7410: $? = 1
configure:7422: result: @
configure:7440: checking for arm-none-linux-gnueabi-strip
configure:7467: result: strip
configure:7539: checking for arm-none-linux-gnueabi-ranlib
configure:7569: result: no
configure:7579: checking for ranlib
configure:7595: found /usr/bin/ranlib
configure:7606: result: ranlib
configure:7708: checking command to parse nm output from armarmv5te-unknown-linux-gnueabi-gcc object
configure:7861: armarmv5te-unknown-linux-gnueabi-gcc -c -g -O2 -I/home/bmuessig/Pandora/target/include conftest.c >&5
configure:7864: $? = 0
configure:7868: nm conftest.o \| sed -n -e 's/^.*[ ]\([ABCDGIRSTW][ABCDGIRSTW]*\)[ ][ ]*\([_A-Za-z][_A-Za-z0-9]*\)$/\1 \2 \2/p' | sed '/ __gnu_lto/d' \> conftest.nm
configure:7871: $? = 0
configure:7937: armarmv5te-unknown-linux-gnueabi-gcc -o conftest -g -O2 -I/home/bmuessig/Pandora/target/include -L/home/bmuessig/Pandora/target/lib conftest.c conftstm.o >&5
configure:7940: $? = 0
configure:7978: result: ok
configure:8025: checking for sysroot
configure:8055: result: no
configure:8062: checking for a working dd
configure:8100: result: /bin/dd
configure:8104: checking how to truncate binary pipes
configure:8119: result: /bin/dd bs=4096 count=1
configure:8408: checking for arm-none-linux-gnueabi-mt
configure:8438: result: no
configure:8448: checking for mt
configure:8464: found /bin/mt
configure:8475: result: mt
configure:8498: checking if mt is a manifest tool
configure:8504: mt '-?'
configure:8512: result: no
configure:9186: checking for dlfcn.h
configure:9186: armarmv5te-unknown-linux-gnueabi-gcc -c -g -O2 -I/home/bmuessig/Pandora/target/include conftest.c >&5
configure:9186: $? = 0
configure:9186: result: yes
configure:9440: checking for objdir
configure:9455: result: .libs
configure:9715: checking if armarmv5te-unknown-linux-gnueabi-gcc supports -fno-rtti -fno-exceptions
configure:9733: armarmv5te-unknown-linux-gnueabi-gcc -c -g -O2 -I/home/bmuessig/Pandora/target/include -fno-rtti -fno-exceptions conftest.c >&5
cc1: warning: command line option '-fno-rtti' is valid for C++/ObjC++ but not for C
configure:9737: $? = 0
configure:9750: result: no
configure:10108: checking for armarmv5te-unknown-linux-gnueabi-gcc option to produce PIC
configure:10115: result: -fPIC -DPIC
configure:10123: checking if armarmv5te-unknown-linux-gnueabi-gcc PIC flag -fPIC -DPIC works
configure:10141: armarmv5te-unknown-linux-gnueabi-gcc -c -g -O2 -I/home/bmuessig/Pandora/target/include -fPIC -DPIC -DPIC conftest.c >&5
configure:10145: $? = 0
configure:10158: result: yes
configure:10187: checking if armarmv5te-unknown-linux-gnueabi-gcc static flag -static works
configure:10215: result: yes
configure:10230: checking if armarmv5te-unknown-linux-gnueabi-gcc supports -c -o file.o
configure:10251: armarmv5te-unknown-linux-gnueabi-gcc -c -g -O2 -I/home/bmuessig/Pandora/target/include -o out/conftest2.o conftest.c >&5
configure:10255: $? = 0
configure:10277: result: yes
configure:10285: checking if armarmv5te-unknown-linux-gnueabi-gcc supports -c -o file.o
configure:10332: result: yes
configure:10365: checking whether the armarmv5te-unknown-linux-gnueabi-gcc linker (armarmv5te-unknown-linux-gnueabi-ld) supports shared libraries
configure:11624: result: yes
configure:11661: checking whether -lc should be explicitly linked in
configure:11669: armarmv5te-unknown-linux-gnueabi-gcc -c -g -O2 -I/home/bmuessig/Pandora/target/include conftest.c >&5
configure:11672: $? = 0
configure:11687: armarmv5te-unknown-linux-gnueabi-gcc -shared  -fPIC -DPIC conftest.o  -v -Wl,-soname -Wl,conftest -o conftest 2\>\&1 \| /bin/grep  -lc  \>/dev/null 2\>\&1
configure:11690: $? = 0
configure:11704: result: no
configure:11864: checking dynamic linker characteristics
configure:12445: armarmv5te-unknown-linux-gnueabi-gcc -o conftest -g -O2 -I/home/bmuessig/Pandora/target/include -L/home/bmuessig/Pandora/target/lib -Wl,-rpath -Wl,/foo conftest.c  >&5
configure:12445: $? = 0
configure:12682: result: GNU/Linux ld.so
configure:12804: checking how to hardcode library paths into programs
configure:12829: result: immediate
configure:13377: checking whether stripping libraries is possible
configure:13382: result: yes
configure:13417: checking if libtool supports shared libraries
configure:13419: result: yes
configure:13422: checking whether to build shared libraries
configure:13447: result: yes
configure:13450: checking whether to build static libraries
configure:13454: result: yes
configure:13573: checking libjpeg version number
configure:13579: result: 11:0:2
configure:13693: checking that generated files are newer than configure
configure:13699: result: done
configure:13730: creating ./config.status

## ---------------------- ##
## Running config.status. ##
## ---------------------- ##

This file was extended by libjpeg config.status 9.2.0, which was
generated by GNU Autoconf 2.69.  Invocation command line was

  CONFIG_FILES    = 
  CONFIG_HEADERS  = 
  CONFIG_LINKS    = 
  CONFIG_COMMANDS = 
  $ ./config.status 

on Benedikt-Laptop

config.status:1103: creating Makefile
config.status:1103: creating jconfig.h
config.status:1332: executing depfiles commands
config.status:1332: executing libtool commands

## ---------------- ##
## Cache variables. ##
## ---------------- ##

ac_cv_build=x86_64-pc-linux-gnu
ac_cv_c_compiler_gnu=yes
ac_cv_c_const=yes
ac_cv_env_CC_set=set
ac_cv_env_CC_value=armarmv5te-unknown-linux-gnueabi-gcc
ac_cv_env_CFLAGS_set=
ac_cv_env_CFLAGS_value=
ac_cv_env_CPPFLAGS_set=set
ac_cv_env_CPPFLAGS_value=-I/home/bmuessig/Pandora/target/include
ac_cv_env_CPP_set=
ac_cv_env_CPP_value=
ac_cv_env_LDFLAGS_set=set
ac_cv_env_LDFLAGS_value=-L/home/bmuessig/Pandora/target/lib
ac_cv_env_LIBS_set=
ac_cv_env_LIBS_value=
ac_cv_env_LT_SYS_LIBRARY_PATH_set=
ac_cv_env_LT_SYS_LIBRARY_PATH_value=
ac_cv_env_build_alias_set=set
ac_cv_env_build_alias_value=x86_64-linux-gnu
ac_cv_env_host_alias_set=set
ac_cv_env_host_alias_value=arm-none-linux-gnueabi
ac_cv_env_target_alias_set=
ac_cv_env_target_alias_value=
ac_cv_header_dlfcn_h=yes
ac_cv_header_inttypes_h=yes
ac_cv_header_locale_h=yes
ac_cv_header_memory_h=yes
ac_cv_header_stdc=yes
ac_cv_header_stddef_h=yes
ac_cv_header_stdint_h=yes
ac_cv_header_stdlib_h=yes
ac_cv_header_string_h=yes
ac_cv_header_strings_h=yes
ac_cv_header_sys_stat_h=yes
ac_cv_header_sys_types_h=yes
ac_cv_header_unistd_h=yes
ac_cv_host=arm-none-linux-gnueabi
ac_cv_objext=o
ac_cv_path_EGREP='/bin/grep -E'
ac_cv_path_FGREP='/bin/grep -F'
ac_cv_path_GREP=/bin/grep
ac_cv_path_SED=/bin/sed
ac_cv_path_install='/usr/bin/install -c'
ac_cv_path_lt_DD=/bin/dd
ac_cv_path_mkdir=/bin/mkdir
ac_cv_prog_AR=ar
ac_cv_prog_AWK=gawk
ac_cv_prog_CC=armarmv5te-unknown-linux-gnueabi-gcc
ac_cv_prog_CPP='armarmv5te-unknown-linux-gnueabi-gcc -E'
ac_cv_prog_DLLTOOL=dlltool
ac_cv_prog_OBJDUMP=objdump
ac_cv_prog_STRIP=strip
ac_cv_prog_ac_ct_AR=ar
ac_cv_prog_ac_ct_DUMPBIN='link -dump'
ac_cv_prog_ac_ct_MANIFEST_TOOL=mt
ac_cv_prog_ac_ct_RANLIB=ranlib
ac_cv_prog_ac_ct_STRIP=strip
ac_cv_prog_cc_c89=
ac_cv_prog_cc_c99=
ac_cv_prog_cc_g=yes
ac_cv_prog_cc_stdc=
ac_cv_prog_make_make_set=yes
ac_cv_target=arm-none-linux-gnueabi
am_cv_CC_dependencies_compiler_type=gcc3
am_cv_ar_interface=ar
am_cv_make_support_nested_variables=yes
am_cv_prog_cc_c_o=yes
ijg_cv_have_prototypes=yes
ijg_cv_inline=__inline__
lt_cv_ar_at_file=@
lt_cv_archive_cmds_need_lc=no
lt_cv_deplibs_check_method=pass_all
lt_cv_file_magic_cmd='$MAGIC_CMD'
lt_cv_file_magic_test_file=
lt_cv_ld_reload_flag=-r
lt_cv_nm_interface='BSD nm'
lt_cv_objdir=.libs
lt_cv_path_LD=armarmv5te-unknown-linux-gnueabi-ld
lt_cv_path_NM=no
lt_cv_path_mainfest_tool=no
lt_cv_prog_compiler_c_o=yes
lt_cv_prog_compiler_pic='-fPIC -DPIC'
lt_cv_prog_compiler_pic_works=yes
lt_cv_prog_compiler_rtti_exceptions=no
lt_cv_prog_compiler_static_works=yes
lt_cv_prog_gnu_ld=yes
lt_cv_sharedlib_from_linklib_cmd='printf %s\n'
lt_cv_shlibpath_overrides_runpath=no
lt_cv_sys_global_symbol_pipe='sed -n -e '\''s/^.*[	 ]\([ABCDGIRSTW][ABCDGIRSTW]*\)[	 ][	 ]*\([_A-Za-z][_A-Za-z0-9]*\)$/\1 \2 \2/p'\'' | sed '\''/ __gnu_lto/d'\'''
lt_cv_sys_global_symbol_to_c_name_address='sed -n -e '\''s/^: \(.*\) .*$/  {"\1", (void *) 0},/p'\'' -e '\''s/^[ABCDGIRSTW][ABCDGIRSTW]* .* \(.*\)$/  {"\1", (void *) \&\1},/p'\'''
lt_cv_sys_global_symbol_to_c_name_address_lib_prefix='sed -n -e '\''s/^: \(.*\) .*$/  {"\1", (void *) 0},/p'\'' -e '\''s/^[ABCDGIRSTW][ABCDGIRSTW]* .* \(lib.*\)$/  {"\1", (void *) \&\1},/p'\'' -e '\''s/^[ABCDGIRSTW][ABCDGIRSTW]* .* \(.*\)$/  {"lib\1", (void *) \&\1},/p'\'''
lt_cv_sys_global_symbol_to_cdecl='sed -n -e '\''s/^T .* \(.*\)$/extern int \1();/p'\'' -e '\''s/^[ABCDGIRSTW][ABCDGIRSTW]* .* \(.*\)$/extern char \1;/p'\'''
lt_cv_sys_global_symbol_to_import=
lt_cv_sys_max_cmd_len=1572864
lt_cv_to_host_file_cmd=func_convert_file_noop
lt_cv_to_tool_file_cmd=func_convert_file_noop
lt_cv_truncate_bin='/bin/dd bs=4096 count=1'

## ----------------- ##
## Output variables. ##
## ----------------- ##

ACLOCAL='${SHELL} /home/bmuessig/Pandora/build/jpeg-9b/missing aclocal-1.15'
AMDEPBACKSLASH='\'
AMDEP_FALSE='#'
AMDEP_TRUE=''
AMTAR='$${TAR-tar}'
AM_BACKSLASH='\'
AM_DEFAULT_V='$(AM_DEFAULT_VERBOSITY)'
AM_DEFAULT_VERBOSITY='0'
AM_V='$(V)'
AR='ar'
AS='armarmv5te-unknown-linux-gnueabi-as'
AUTOCONF='${SHELL} /home/bmuessig/Pandora/build/jpeg-9b/missing autoconf'
AUTOHEADER='echo autoheader ignored'
AUTOMAKE='${SHELL} /home/bmuessig/Pandora/build/jpeg-9b/missing automake-1.15'
AWK='gawk'
CC='armarmv5te-unknown-linux-gnueabi-gcc'
CCDEPMODE='depmode=gcc3'
CFLAGS='-g -O2'
CPP='armarmv5te-unknown-linux-gnueabi-gcc -E'
CPPFLAGS='-I/home/bmuessig/Pandora/target/include'
CYGPATH_W='echo'
DEFS='-DHAVE_CONFIG_H'
DEPDIR='.deps'
DLLTOOL='dlltool'
DSYMUTIL=''
DUMPBIN=':'
ECHO_C=''
ECHO_N='-n'
ECHO_T=''
EGREP='/bin/grep -E'
EXEEXT=''
FGREP='/bin/grep -F'
GREP='/bin/grep'
HAVE_LD_VERSION_SCRIPT_FALSE='#'
HAVE_LD_VERSION_SCRIPT_TRUE=''
INSTALL_DATA='${INSTALL} -m 644'
INSTALL_PROGRAM='${INSTALL}'
INSTALL_SCRIPT='${INSTALL}'
INSTALL_STRIP_PROGRAM='$(install_sh) -c -s'
JPEG_LIB_VERSION='11:0:2'
LD='armarmv5te-unknown-linux-gnueabi-ld'
LDFLAGS='-L/home/bmuessig/Pandora/target/lib'
LIBOBJS=''
LIBS=''
LIBTOOL='$(SHELL) $(top_builddir)/libtool'
LIPO=''
LN_S='ln -s'
LTLIBOBJS=''
LT_SYS_LIBRARY_PATH=''
MAINT='#'
MAINTAINER_MODE_FALSE=''
MAINTAINER_MODE_TRUE='#'
MAKEINFO='${SHELL} /home/bmuessig/Pandora/build/jpeg-9b/missing makeinfo'
MANIFEST_TOOL=':'
MEMORYMGR='jmemnobs'
MKDIR_P='/bin/mkdir -p'
NM='nm'
NMEDIT=''
OBJDUMP='objdump'
OBJEXT='o'
OTOOL64=''
OTOOL=''
PACKAGE='libjpeg'
PACKAGE_BUGREPORT=''
PACKAGE_NAME='libjpeg'
PACKAGE_STRING='libjpeg 9.2.0'
PACKAGE_TARNAME='libjpeg'
PACKAGE_URL=''
PACKAGE_VERSION='9.2.0'
PATH_SEPARATOR=':'
RANLIB='ranlib'
SED='/bin/sed'
SET_MAKE=''
SHELL='/bin/bash'
STRIP='strip'
VERSION='9.2.0'
ac_ct_AR='ar'
ac_ct_CC=''
ac_ct_DUMPBIN='link -dump'
am__EXEEXT_FALSE=''
am__EXEEXT_TRUE='#'
am__fastdepCC_FALSE='#'
am__fastdepCC_TRUE=''
am__include='include'
am__isrc=''
am__leading_dot='.'
am__nodep='_no'
am__quote=''
am__tar='$${TAR-tar} chof - "$$tardir"'
am__untar='$${TAR-tar} xf -'
bindir='${exec_prefix}/bin'
build='x86_64-pc-linux-gnu'
build_alias='x86_64-linux-gnu'
build_cpu='x86_64'
build_os='linux-gnu'
build_vendor='pc'
datadir='${datarootdir}'
datarootdir='${prefix}/share'
docdir='${datarootdir}/doc/${PACKAGE_TARNAME}'
dvidir='${docdir}'
exec_prefix='${prefix}'
host='arm-none-linux-gnueabi'
host_alias='arm-none-linux-gnueabi'
host_cpu='arm'
host_os='linux-gnueabi'
host_vendor='none'
htmldir='${docdir}'
includedir='${prefix}/include'
infodir='${datarootdir}/info'
install_sh='${SHELL} /home/bmuessig/Pandora/build/jpeg-9b/install-sh'
libdir='${exec_prefix}/lib'
libexecdir='${exec_prefix}/libexec'
localedir='${datarootdir}/locale'
localstatedir='${prefix}/var'
mandir='${datarootdir}/man'
mkdir_p='$(MKDIR_P)'
oldincludedir='/usr/include'
pdfdir='${docdir}'
prefix='/home/bmuessig/Pandora/target'
program_transform_name='s,x,x,'
psdir='${docdir}'
sbindir='${exec_prefix}/sbin'
sharedstatedir='${prefix}/com'
sysconfdir='${prefix}/etc'
target='arm-none-linux-gnueabi'
target_alias=''
target_cpu='arm'
target_os='linux-gnueabi'
target_vendor='none'

## ----------- ##
## confdefs.h. ##
## ----------- ##

/* confdefs.h */
#define PACKAGE_NAME "libjpeg"
#define PACKAGE_TARNAME "libjpeg"
#define PACKAGE_VERSION "9.2.0"
#define PACKAGE_STRING "libjpeg 9.2.0"
#define PACKAGE_BUGREPORT ""
#define PACKAGE_URL ""
#define PACKAGE "libjpeg"
#define VERSION "9.2.0"
#define HAVE_PROTOTYPES 1
#define STDC_HEADERS 1
#define HAVE_SYS_TYPES_H 1
#define HAVE_SYS_STAT_H 1
#define HAVE_STDLIB_H 1
#define HAVE_STRING_H 1
#define HAVE_MEMORY_H 1
#define HAVE_STRINGS_H 1
#define HAVE_INTTYPES_H 1
#define HAVE_STDINT_H 1
#define HAVE_UNISTD_H 1
#define HAVE_STDDEF_H 1
#define HAVE_STDLIB_H 1
#define HAVE_LOCALE_H 1
#define HAVE_UNSIGNED_CHAR 1
#define HAVE_UNSIGNED_SHORT 1
#define INLINE __inline__
#define HAVE_DLFCN_H 1
#define LT_OBJDIR ".libs/"

configure: exit 0
