This file contains any messages produced by compilers while
running configure, to aid debugging if configure makes a mistake.

It was created by FreeType configure 2.7.1, which was
generated by GNU Autoconf 2.69.  Invocation command line was

  $ ./configure --host=arm-none-linux-gnueabi --build=x86_64-linux-gnu --prefix=/home/bmuessig/Pandora/target --enable-static=yes CC=armarmv5te-unknown-linux-gnueabi-gcc CPPFLAGS=-I/home/bmuessig/Pandora/target/include LDFLAGS=-L/home/bmuessig/Pandora/target/lib

## --------- ##
## Platform. ##
## --------- ##

hostname = Benedikt-Laptop
uname -m = x86_64
uname -r = 4.4.0-62-generic
uname -s = Linux
uname -v = #83-Ubuntu SMP Wed Jan 18 14:10:15 UTC 2017

/usr/bin/uname -p = unknown
/bin/uname -X     = unknown

/bin/arch              = unknown
/usr/bin/arch -k       = unknown
/usr/convex/getsysinfo = unknown
/usr/bin/hostinfo      = unknown
/bin/machine           = unknown
/usr/bin/oslevel       = unknown
/bin/universe          = unknown

PATH: /home/bmuessig/bin
PATH: /home/bmuessig/.local/bin
PATH: /usr/local/sbin
PATH: /usr/local/bin
PATH: /usr/sbin
PATH: /usr/bin
PATH: /sbin
PATH: /bin
PATH: /usr/games
PATH: /usr/local/games
PATH: /home/bmuessig/xt-ng/bin
PATH: /home/bmuessig/x-tools/armarmv5te-unknown-linux-gnueabi/bin
PATH: /home/bmuessig/x-tools/armv5te-unknown-linux-gnueabi/bin
PATH: /home/bmuessig/x-tools/arm-linux-gnueabi/bin


## ----------- ##
## Core tests. ##
## ----------- ##

configure:2539: checking build system type
configure:2553: result: x86_64-pc-linux-gnu
configure:2573: checking host system type
configure:2586: result: arm-none-linux-gnueabi
configure:2618: checking for arm-none-linux-gnueabi-gcc
configure:2645: result: armarmv5te-unknown-linux-gnueabi-gcc
configure:2914: checking for C compiler version
configure:2923: armarmv5te-unknown-linux-gnueabi-gcc --version >&5
armarmv5te-unknown-linux-gnueabi-gcc (crosstool-NG crosstool-ng-1.22.0) 5.2.0
Copyright (C) 2015 Free Software Foundation, Inc.
This is free software; see the source for copying conditions.  There is NO
warranty; not even for MERCHANTABILITY or FITNESS FOR A PARTICULAR PURPOSE.

configure:2934: $? = 0
configure:2923: armarmv5te-unknown-linux-gnueabi-gcc -v >&5
Using built-in specs.
COLLECT_GCC=armarmv5te-unknown-linux-gnueabi-gcc
COLLECT_LTO_WRAPPER=/home/bmuessig/x-tools/armarmv5te-unknown-linux-gnueabi/libexec/gcc/armarmv5te-unknown-linux-gnueabi/5.2.0/lto-wrapper
Target: armarmv5te-unknown-linux-gnueabi
Configured with: /home/bmuessig/CNC-ng/.build/src/gcc-5.2.0/configure --build=x86_64-build_pc-linux-gnu --host=x86_64-build_pc-linux-gnu --target=armarmv5te-unknown-linux-gnueabi --prefix=/home/bmuessig/x-tools/armarmv5te-unknown-linux-gnueabi --with-sysroot=/home/bmuessig/x-tools/armarmv5te-unknown-linux-gnueabi/armarmv5te-unknown-linux-gnueabi/sysroot --enable-languages=c,c++ --with-tune=arm926ej-s --with-float=soft --with-pkgversion='crosstool-NG crosstool-ng-1.22.0' --disable-sjlj-exceptions --enable-__cxa_atexit --disable-libmudflap --disable-libgomp --disable-libssp --disable-libquadmath --disable-libquadmath-support --disable-libsanitizer --with-gmp=/home/bmuessig/CNC-ng/.build/armarmv5te-unknown-linux-gnueabi/buildtools --with-mpfr=/home/bmuessig/CNC-ng/.build/armarmv5te-unknown-linux-gnueabi/buildtools --with-mpc=/home/bmuessig/CNC-ng/.build/armarmv5te-unknown-linux-gnueabi/buildtools --with-isl=/home/bmuessig/CNC-ng/.build/armarmv5te-unknown-linux-gnueabi/buildtools --with-cloog=/home/bmuessig/CNC-ng/.build/armarmv5te-unknown-linux-gnueabi/buildtools --with-libelf=/home/bmuessig/CNC-ng/.build/armarmv5te-unknown-linux-gnueabi/buildtools --enable-lto --with-host-libstdcxx='-static-libgcc -Wl,-Bstatic,-lstdc++,-Bdynamic -lm' --enable-threads=posix --enable-target-optspace --enable-plugin --enable-gold --disable-nls --disable-multilib --with-local-prefix=/home/bmuessig/x-tools/armarmv5te-unknown-linux-gnueabi/armarmv5te-unknown-linux-gnueabi/sysroot --enable-long-long
Thread model: posix
gcc version 5.2.0 (crosstool-NG crosstool-ng-1.22.0) 
configure:2934: $? = 0
configure:2923: armarmv5te-unknown-linux-gnueabi-gcc -V >&5
armarmv5te-unknown-linux-gnueabi-gcc: error: unrecognized command line option '-V'
armarmv5te-unknown-linux-gnueabi-gcc: fatal error: no input files
compilation terminated.
configure:2934: $? = 1
configure:2923: armarmv5te-unknown-linux-gnueabi-gcc -qversion >&5
armarmv5te-unknown-linux-gnueabi-gcc: error: unrecognized command line option '-qversion'
armarmv5te-unknown-linux-gnueabi-gcc: fatal error: no input files
compilation terminated.
configure:2934: $? = 1
configure:2954: checking whether the C compiler works
configure:2976: armarmv5te-unknown-linux-gnueabi-gcc  -I/home/bmuessig/Pandora/target/include -L/home/bmuessig/Pandora/target/lib conftest.c  >&5
configure:2980: $? = 0
configure:3028: result: yes
configure:3031: checking for C compiler default output file name
configure:3033: result: a.out
configure:3039: checking for suffix of executables
configure:3046: armarmv5te-unknown-linux-gnueabi-gcc -o conftest  -I/home/bmuessig/Pandora/target/include -L/home/bmuessig/Pandora/target/lib conftest.c  >&5
configure:3050: $? = 0
configure:3072: result: 
configure:3094: checking whether we are cross compiling
configure:3132: result: yes
configure:3137: checking for suffix of object files
configure:3159: armarmv5te-unknown-linux-gnueabi-gcc -c  -I/home/bmuessig/Pandora/target/include conftest.c >&5
configure:3163: $? = 0
configure:3184: result: o
configure:3188: checking whether we are using the GNU C compiler
configure:3207: armarmv5te-unknown-linux-gnueabi-gcc -c  -I/home/bmuessig/Pandora/target/include conftest.c >&5
configure:3207: $? = 0
configure:3216: result: yes
configure:3225: checking whether armarmv5te-unknown-linux-gnueabi-gcc accepts -g
configure:3245: armarmv5te-unknown-linux-gnueabi-gcc -c -g -I/home/bmuessig/Pandora/target/include conftest.c >&5
configure:3245: $? = 0
configure:3286: result: yes
configure:3303: checking for armarmv5te-unknown-linux-gnueabi-gcc option to accept ISO C89
configure:3366: armarmv5te-unknown-linux-gnueabi-gcc  -c -g -O2 -I/home/bmuessig/Pandora/target/include conftest.c >&5
configure:3366: $? = 0
configure:3379: result: none needed
configure:3404: checking how to run the C preprocessor
configure:3435: armarmv5te-unknown-linux-gnueabi-gcc -E -I/home/bmuessig/Pandora/target/include conftest.c
configure:3435: $? = 0
configure:3449: armarmv5te-unknown-linux-gnueabi-gcc -E -I/home/bmuessig/Pandora/target/include conftest.c
conftest.c:9:28: fatal error: ac_nonexistent.h: No such file or directory
compilation terminated.
configure:3449: $? = 1
configure: failed program was:
| /* confdefs.h */
| #define PACKAGE_NAME "FreeType"
| #define PACKAGE_TARNAME "freetype"
| #define PACKAGE_VERSION "2.7.1"
| #define PACKAGE_STRING "FreeType 2.7.1"
| #define PACKAGE_BUGREPORT "freetype@nongnu.org"
| #define PACKAGE_URL ""
| /* end confdefs.h.  */
| #include <ac_nonexistent.h>
configure:3474: result: armarmv5te-unknown-linux-gnueabi-gcc -E
configure:3494: armarmv5te-unknown-linux-gnueabi-gcc -E -I/home/bmuessig/Pandora/target/include conftest.c
configure:3494: $? = 0
configure:3508: armarmv5te-unknown-linux-gnueabi-gcc -E -I/home/bmuessig/Pandora/target/include conftest.c
conftest.c:9:28: fatal error: ac_nonexistent.h: No such file or directory
compilation terminated.
configure:3508: $? = 1
configure: failed program was:
| /* confdefs.h */
| #define PACKAGE_NAME "FreeType"
| #define PACKAGE_TARNAME "freetype"
| #define PACKAGE_VERSION "2.7.1"
| #define PACKAGE_STRING "FreeType 2.7.1"
| #define PACKAGE_BUGREPORT "freetype@nongnu.org"
| #define PACKAGE_URL ""
| /* end confdefs.h.  */
| #include <ac_nonexistent.h>
configure:3549: checking for arm-none-linux-gnueabi-pkg-config
configure:3582: result: no
configure:3592: checking for pkg-config
configure:3610: found /usr/bin/pkg-config
configure:3622: result: /usr/bin/pkg-config
configure:3634: WARNING: using cross tools not prefixed with host triplet
configure:3647: checking pkg-config is at least version 0.24
configure:3650: result: yes
configure:3705: checking how to print strings
configure:3732: result: printf
configure:3753: checking for a sed that does not truncate output
configure:3817: result: /bin/sed
configure:3835: checking for grep that handles long lines and -e
configure:3893: result: /bin/grep
configure:3898: checking for egrep
configure:3960: result: /bin/grep -E
configure:3965: checking for fgrep
configure:4027: result: /bin/grep -F
configure:4062: checking for ld used by armarmv5te-unknown-linux-gnueabi-gcc
configure:4129: result: armarmv5te-unknown-linux-gnueabi-ld
configure:4136: checking if the linker (armarmv5te-unknown-linux-gnueabi-ld) is GNU ld
configure:4151: result: yes
configure:4163: checking for BSD- or MS-compatible name lister (nm)
configure:4217: result: no
configure:4231: checking for arm-none-linux-gnueabi-dumpbin
configure:4261: result: no
configure:4231: checking for arm-none-linux-gnueabi-link
configure:4261: result: no
configure:4275: checking for dumpbin
configure:4305: result: no
configure:4275: checking for link
configure:4291: found /usr/bin/link
configure:4302: result: link -dump
configure:4347: checking the name lister (nm) interface
configure:4354: armarmv5te-unknown-linux-gnueabi-gcc -c -g -O2 -I/home/bmuessig/Pandora/target/include conftest.c >&5
configure:4357: nm "conftest.o"
configure:4360: output
00000000 b $d
00000000 B some_variable
configure:4367: result: BSD nm
configure:4370: checking whether ln -s works
configure:4374: result: yes
configure:4382: checking the maximum length of command line arguments
configure:4513: result: 1572864
configure:4561: checking how to convert x86_64-pc-linux-gnu file names to arm-none-linux-gnueabi format
configure:4601: result: func_convert_file_noop
configure:4608: checking how to convert x86_64-pc-linux-gnu file names to toolchain format
configure:4628: result: func_convert_file_noop
configure:4635: checking for armarmv5te-unknown-linux-gnueabi-ld option to reload object files
configure:4642: result: -r
configure:4676: checking for arm-none-linux-gnueabi-objdump
configure:4706: result: no
configure:4716: checking for objdump
configure:4732: found /usr/bin/objdump
configure:4743: result: objdump
configure:4772: checking how to recognize dependent libraries
configure:4972: result: pass_all
configure:5017: checking for arm-none-linux-gnueabi-dlltool
configure:5047: result: no
configure:5057: checking for dlltool
configure:5087: result: no
configure:5114: checking how to associate runtime and link libraries
configure:5141: result: printf %s\n
configure:5158: checking for arm-none-linux-gnueabi-ar
configure:5185: result: armarmv5te-unknown-linux-gnueabi-ar
configure:5266: checking for archiver @FILE support
configure:5283: armarmv5te-unknown-linux-gnueabi-gcc -c -g -O2 -I/home/bmuessig/Pandora/target/include conftest.c >&5
configure:5283: $? = 0
configure:5286: armarmv5te-unknown-linux-gnueabi-ar cru libconftest.a @conftest.lst >&5
configure:5289: $? = 0
configure:5294: armarmv5te-unknown-linux-gnueabi-ar cru libconftest.a @conftest.lst >&5
armarmv5te-unknown-linux-gnueabi-ar: conftest.o: No such file or directory
configure:5297: $? = 1
configure:5309: result: @
configure:5327: checking for arm-none-linux-gnueabi-strip
configure:5357: result: no
configure:5367: checking for strip
configure:5383: found /usr/bin/strip
configure:5394: result: strip
configure:5426: checking for arm-none-linux-gnueabi-ranlib
configure:5453: result: armarmv5te-unknown-linux-gnueabi-ranlib
configure:5570: checking for gawk
configure:5586: found /usr/bin/gawk
configure:5597: result: gawk
configure:5637: checking command to parse nm output from armarmv5te-unknown-linux-gnueabi-gcc object
configure:5790: armarmv5te-unknown-linux-gnueabi-gcc -c -g -O2 -I/home/bmuessig/Pandora/target/include conftest.c >&5
configure:5793: $? = 0
configure:5797: nm conftest.o \| sed -n -e 's/^.*[ ]\([ABCDGIRSTW][ABCDGIRSTW]*\)[ ][ ]*\([_A-Za-z][_A-Za-z0-9]*\)$/\1 \2 \2/p' | sed '/ __gnu_lto/d' \> conftest.nm
configure:5800: $? = 0
configure:5866: armarmv5te-unknown-linux-gnueabi-gcc -o conftest -g -O2 -I/home/bmuessig/Pandora/target/include -L/home/bmuessig/Pandora/target/lib conftest.c conftstm.o >&5
configure:5869: $? = 0
configure:5907: result: ok
configure:5954: checking for sysroot
configure:5984: result: no
configure:5991: checking for a working dd
configure:6029: result: /bin/dd
configure:6033: checking how to truncate binary pipes
configure:6048: result: /bin/dd bs=4096 count=1
configure:6337: checking for arm-none-linux-gnueabi-mt
configure:6367: result: no
configure:6377: checking for mt
configure:6393: found /bin/mt
configure:6404: result: mt
configure:6427: checking if mt is a manifest tool
configure:6433: mt '-?'
configure:6441: result: no
configure:7114: checking for ANSI C header files
configure:7134: armarmv5te-unknown-linux-gnueabi-gcc -c -g -O2 -I/home/bmuessig/Pandora/target/include conftest.c >&5
configure:7134: $? = 0
configure:7218: result: yes
configure:7231: checking for sys/types.h
configure:7231: armarmv5te-unknown-linux-gnueabi-gcc -c -g -O2 -I/home/bmuessig/Pandora/target/include conftest.c >&5
configure:7231: $? = 0
configure:7231: result: yes
configure:7231: checking for sys/stat.h
configure:7231: armarmv5te-unknown-linux-gnueabi-gcc -c -g -O2 -I/home/bmuessig/Pandora/target/include conftest.c >&5
configure:7231: $? = 0
configure:7231: result: yes
configure:7231: checking for stdlib.h
configure:7231: armarmv5te-unknown-linux-gnueabi-gcc -c -g -O2 -I/home/bmuessig/Pandora/target/include conftest.c >&5
configure:7231: $? = 0
configure:7231: result: yes
configure:7231: checking for string.h
configure:7231: armarmv5te-unknown-linux-gnueabi-gcc -c -g -O2 -I/home/bmuessig/Pandora/target/include conftest.c >&5
configure:7231: $? = 0
configure:7231: result: yes
configure:7231: checking for memory.h
configure:7231: armarmv5te-unknown-linux-gnueabi-gcc -c -g -O2 -I/home/bmuessig/Pandora/target/include conftest.c >&5
configure:7231: $? = 0
configure:7231: result: yes
configure:7231: checking for strings.h
configure:7231: armarmv5te-unknown-linux-gnueabi-gcc -c -g -O2 -I/home/bmuessig/Pandora/target/include conftest.c >&5
configure:7231: $? = 0
configure:7231: result: yes
configure:7231: checking for inttypes.h
configure:7231: armarmv5te-unknown-linux-gnueabi-gcc -c -g -O2 -I/home/bmuessig/Pandora/target/include conftest.c >&5
configure:7231: $? = 0
configure:7231: result: yes
configure:7231: checking for stdint.h
configure:7231: armarmv5te-unknown-linux-gnueabi-gcc -c -g -O2 -I/home/bmuessig/Pandora/target/include conftest.c >&5
configure:7231: $? = 0
configure:7231: result: yes
configure:7231: checking for unistd.h
configure:7231: armarmv5te-unknown-linux-gnueabi-gcc -c -g -O2 -I/home/bmuessig/Pandora/target/include conftest.c >&5
configure:7231: $? = 0
configure:7231: result: yes
configure:7245: checking for dlfcn.h
configure:7245: armarmv5te-unknown-linux-gnueabi-gcc -c -g -O2 -I/home/bmuessig/Pandora/target/include conftest.c >&5
configure:7245: $? = 0
configure:7245: result: yes
configure:7799: checking for objdir
configure:7814: result: .libs
configure:8074: checking if armarmv5te-unknown-linux-gnueabi-gcc supports -fno-rtti -fno-exceptions
configure:8092: armarmv5te-unknown-linux-gnueabi-gcc -c -g -O2 -I/home/bmuessig/Pandora/target/include -fno-rtti -fno-exceptions conftest.c >&5
cc1: warning: command line option '-fno-rtti' is valid for C++/ObjC++ but not for C
configure:8096: $? = 0
configure:8109: result: no
configure:8467: checking for armarmv5te-unknown-linux-gnueabi-gcc option to produce PIC
configure:8474: result: -fPIC -DPIC
configure:8482: checking if armarmv5te-unknown-linux-gnueabi-gcc PIC flag -fPIC -DPIC works
configure:8500: armarmv5te-unknown-linux-gnueabi-gcc -c -g -O2 -I/home/bmuessig/Pandora/target/include -fPIC -DPIC -DPIC conftest.c >&5
configure:8504: $? = 0
configure:8517: result: yes
configure:8546: checking if armarmv5te-unknown-linux-gnueabi-gcc static flag -static works
configure:8574: result: yes
configure:8589: checking if armarmv5te-unknown-linux-gnueabi-gcc supports -c -o file.o
configure:8610: armarmv5te-unknown-linux-gnueabi-gcc -c -g -O2 -I/home/bmuessig/Pandora/target/include -o out/conftest2.o conftest.c >&5
configure:8614: $? = 0
configure:8636: result: yes
configure:8644: checking if armarmv5te-unknown-linux-gnueabi-gcc supports -c -o file.o
configure:8691: result: yes
configure:8724: checking whether the armarmv5te-unknown-linux-gnueabi-gcc linker (armarmv5te-unknown-linux-gnueabi-ld) supports shared libraries
configure:9983: result: yes
configure:10020: checking whether -lc should be explicitly linked in
configure:10028: armarmv5te-unknown-linux-gnueabi-gcc -c -g -O2 -I/home/bmuessig/Pandora/target/include conftest.c >&5
configure:10031: $? = 0
configure:10046: armarmv5te-unknown-linux-gnueabi-gcc -shared  -fPIC -DPIC conftest.o  -v -Wl,-soname -Wl,conftest -o conftest 2\>\&1 \| /bin/grep  -lc  \>/dev/null 2\>\&1
configure:10049: $? = 0
configure:10063: result: no
configure:10223: checking dynamic linker characteristics
configure:10804: armarmv5te-unknown-linux-gnueabi-gcc -o conftest -g -O2 -I/home/bmuessig/Pandora/target/include -L/home/bmuessig/Pandora/target/lib -Wl,-rpath -Wl,/foo conftest.c  >&5
configure:10804: $? = 0
configure:11041: result: GNU/Linux ld.so
configure:11163: checking how to hardcode library paths into programs
configure:11188: result: immediate
configure:11736: checking whether stripping libraries is possible
configure:11741: result: yes
configure:11776: checking if libtool supports shared libraries
configure:11778: result: yes
configure:11781: checking whether to build shared libraries
configure:11806: result: yes
configure:11809: checking whether to build static libraries
configure:11813: result: yes
configure:11857: checking for x86_64-pc-linux-gnu-gcc
configure:11887: result: no
configure:11894: checking for gcc
configure:11910: found /usr/bin/gcc
configure:11921: result: gcc
configure:11931: checking for gcc
configure:11975: result: gcc
configure:11985: checking for suffix of native executables
configure:11999: result: 
configure:12029: checking for a BSD-compatible install
configure:12097: result: /usr/bin/install -c
configure:12116: checking for a thread-safe mkdir -p
configure:12155: result: /bin/mkdir -p
configure:12169: checking for ANSI C header files
configure:12273: result: yes
configure:12284: checking fcntl.h usability
configure:12284: armarmv5te-unknown-linux-gnueabi-gcc -c -g -O2 -I/home/bmuessig/Pandora/target/include conftest.c >&5
configure:12284: $? = 0
configure:12284: result: yes
configure:12284: checking fcntl.h presence
configure:12284: armarmv5te-unknown-linux-gnueabi-gcc -E -I/home/bmuessig/Pandora/target/include conftest.c
configure:12284: $? = 0
configure:12284: result: yes
configure:12284: checking for fcntl.h
configure:12284: result: yes
configure:12284: checking for unistd.h
configure:12284: result: yes
configure:12298: checking for an ANSI C-conforming const
configure:12364: armarmv5te-unknown-linux-gnueabi-gcc -c -g -O2 -I/home/bmuessig/Pandora/target/include conftest.c >&5
configure:12364: $? = 0
configure:12371: result: yes
configure:12383: checking size of int
configure:12388: armarmv5te-unknown-linux-gnueabi-gcc -c -g -O2 -I/home/bmuessig/Pandora/target/include conftest.c >&5
configure:12388: $? = 0
configure:12388: armarmv5te-unknown-linux-gnueabi-gcc -c -g -O2 -I/home/bmuessig/Pandora/target/include conftest.c >&5
conftest.c: In function 'main':
conftest.c:60:12: error: size of array 'test_array' is negative
 static int test_array [1 - 2 * !(((long int) (sizeof (int))) <= 0)];
            ^
configure:12388: $? = 1
configure: failed program was:
| /* confdefs.h */
| #define PACKAGE_NAME "FreeType"
| #define PACKAGE_TARNAME "freetype"
| #define PACKAGE_VERSION "2.7.1"
| #define PACKAGE_STRING "FreeType 2.7.1"
| #define PACKAGE_BUGREPORT "freetype@nongnu.org"
| #define PACKAGE_URL ""
| #define STDC_HEADERS 1
| #define HAVE_SYS_TYPES_H 1
| #define HAVE_SYS_STAT_H 1
| #define HAVE_STDLIB_H 1
| #define HAVE_STRING_H 1
| #define HAVE_MEMORY_H 1
| #define HAVE_STRINGS_H 1
| #define HAVE_INTTYPES_H 1
| #define HAVE_STDINT_H 1
| #define HAVE_UNISTD_H 1
| #define HAVE_DLFCN_H 1
| #define LT_OBJDIR ".libs/"
| #define STDC_HEADERS 1
| #define HAVE_FCNTL_H 1
| #define HAVE_UNISTD_H 1
| /* end confdefs.h.  */
| #include <stdio.h>
| #ifdef HAVE_SYS_TYPES_H
| # include <sys/types.h>
| #endif
| #ifdef HAVE_SYS_STAT_H
| # include <sys/stat.h>
| #endif
| #ifdef STDC_HEADERS
| # include <stdlib.h>
| # include <stddef.h>
| #else
| # ifdef HAVE_STDLIB_H
| #  include <stdlib.h>
| # endif
| #endif
| #ifdef HAVE_STRING_H
| # if !defined STDC_HEADERS && defined HAVE_MEMORY_H
| #  include <memory.h>
| # endif
| # include <string.h>
| #endif
| #ifdef HAVE_STRINGS_H
| # include <strings.h>
| #endif
| #ifdef HAVE_INTTYPES_H
| # include <inttypes.h>
| #endif
| #ifdef HAVE_STDINT_H
| # include <stdint.h>
| #endif
| #ifdef HAVE_UNISTD_H
| # include <unistd.h>
| #endif
| int
| main ()
| {
| static int test_array [1 - 2 * !(((long int) (sizeof (int))) <= 0)];
| test_array [0] = 0;
| return test_array [0];
| 
|   ;
|   return 0;
| }
configure:12388: armarmv5te-unknown-linux-gnueabi-gcc -c -g -O2 -I/home/bmuessig/Pandora/target/include conftest.c >&5
conftest.c: In function 'main':
conftest.c:60:12: error: size of array 'test_array' is negative
 static int test_array [1 - 2 * !(((long int) (sizeof (int))) <= 1)];
            ^
configure:12388: $? = 1
configure: failed program was:
| /* confdefs.h */
| #define PACKAGE_NAME "FreeType"
| #define PACKAGE_TARNAME "freetype"
| #define PACKAGE_VERSION "2.7.1"
| #define PACKAGE_STRING "FreeType 2.7.1"
| #define PACKAGE_BUGREPORT "freetype@nongnu.org"
| #define PACKAGE_URL ""
| #define STDC_HEADERS 1
| #define HAVE_SYS_TYPES_H 1
| #define HAVE_SYS_STAT_H 1
| #define HAVE_STDLIB_H 1
| #define HAVE_STRING_H 1
| #define HAVE_MEMORY_H 1
| #define HAVE_STRINGS_H 1
| #define HAVE_INTTYPES_H 1
| #define HAVE_STDINT_H 1
| #define HAVE_UNISTD_H 1
| #define HAVE_DLFCN_H 1
| #define LT_OBJDIR ".libs/"
| #define STDC_HEADERS 1
| #define HAVE_FCNTL_H 1
| #define HAVE_UNISTD_H 1
| /* end confdefs.h.  */
| #include <stdio.h>
| #ifdef HAVE_SYS_TYPES_H
| # include <sys/types.h>
| #endif
| #ifdef HAVE_SYS_STAT_H
| # include <sys/stat.h>
| #endif
| #ifdef STDC_HEADERS
| # include <stdlib.h>
| # include <stddef.h>
| #else
| # ifdef HAVE_STDLIB_H
| #  include <stdlib.h>
| # endif
| #endif
| #ifdef HAVE_STRING_H
| # if !defined STDC_HEADERS && defined HAVE_MEMORY_H
| #  include <memory.h>
| # endif
| # include <string.h>
| #endif
| #ifdef HAVE_STRINGS_H
| # include <strings.h>
| #endif
| #ifdef HAVE_INTTYPES_H
| # include <inttypes.h>
| #endif
| #ifdef HAVE_STDINT_H
| # include <stdint.h>
| #endif
| #ifdef HAVE_UNISTD_H
| # include <unistd.h>
| #endif
| int
| main ()
| {
| static int test_array [1 - 2 * !(((long int) (sizeof (int))) <= 1)];
| test_array [0] = 0;
| return test_array [0];
| 
|   ;
|   return 0;
| }
configure:12388: armarmv5te-unknown-linux-gnueabi-gcc -c -g -O2 -I/home/bmuessig/Pandora/target/include conftest.c >&5
conftest.c: In function 'main':
conftest.c:60:12: error: size of array 'test_array' is negative
 static int test_array [1 - 2 * !(((long int) (sizeof (int))) <= 3)];
            ^
configure:12388: $? = 1
configure: failed program was:
| /* confdefs.h */
| #define PACKAGE_NAME "FreeType"
| #define PACKAGE_TARNAME "freetype"
| #define PACKAGE_VERSION "2.7.1"
| #define PACKAGE_STRING "FreeType 2.7.1"
| #define PACKAGE_BUGREPORT "freetype@nongnu.org"
| #define PACKAGE_URL ""
| #define STDC_HEADERS 1
| #define HAVE_SYS_TYPES_H 1
| #define HAVE_SYS_STAT_H 1
| #define HAVE_STDLIB_H 1
| #define HAVE_STRING_H 1
| #define HAVE_MEMORY_H 1
| #define HAVE_STRINGS_H 1
| #define HAVE_INTTYPES_H 1
| #define HAVE_STDINT_H 1
| #define HAVE_UNISTD_H 1
| #define HAVE_DLFCN_H 1
| #define LT_OBJDIR ".libs/"
| #define STDC_HEADERS 1
| #define HAVE_FCNTL_H 1
| #define HAVE_UNISTD_H 1
| /* end confdefs.h.  */
| #include <stdio.h>
| #ifdef HAVE_SYS_TYPES_H
| # include <sys/types.h>
| #endif
| #ifdef HAVE_SYS_STAT_H
| # include <sys/stat.h>
| #endif
| #ifdef STDC_HEADERS
| # include <stdlib.h>
| # include <stddef.h>
| #else
| # ifdef HAVE_STDLIB_H
| #  include <stdlib.h>
| # endif
| #endif
| #ifdef HAVE_STRING_H
| # if !defined STDC_HEADERS && defined HAVE_MEMORY_H
| #  include <memory.h>
| # endif
| # include <string.h>
| #endif
| #ifdef HAVE_STRINGS_H
| # include <strings.h>
| #endif
| #ifdef HAVE_INTTYPES_H
| # include <inttypes.h>
| #endif
| #ifdef HAVE_STDINT_H
| # include <stdint.h>
| #endif
| #ifdef HAVE_UNISTD_H
| # include <unistd.h>
| #endif
| int
| main ()
| {
| static int test_array [1 - 2 * !(((long int) (sizeof (int))) <= 3)];
| test_array [0] = 0;
| return test_array [0];
| 
|   ;
|   return 0;
| }
configure:12388: armarmv5te-unknown-linux-gnueabi-gcc -c -g -O2 -I/home/bmuessig/Pandora/target/include conftest.c >&5
configure:12388: $? = 0
configure:12388: armarmv5te-unknown-linux-gnueabi-gcc -c -g -O2 -I/home/bmuessig/Pandora/target/include conftest.c >&5
configure:12388: $? = 0
configure:12388: armarmv5te-unknown-linux-gnueabi-gcc -c -g -O2 -I/home/bmuessig/Pandora/target/include conftest.c >&5
configure:12388: $? = 0
configure:12402: result: 4
configure:12416: checking size of long
configure:12421: armarmv5te-unknown-linux-gnueabi-gcc -c -g -O2 -I/home/bmuessig/Pandora/target/include conftest.c >&5
configure:12421: $? = 0
configure:12421: armarmv5te-unknown-linux-gnueabi-gcc -c -g -O2 -I/home/bmuessig/Pandora/target/include conftest.c >&5
conftest.c: In function 'main':
conftest.c:61:12: error: size of array 'test_array' is negative
 static int test_array [1 - 2 * !(((long int) (sizeof (long))) <= 0)];
            ^
configure:12421: $? = 1
configure: failed program was:
| /* confdefs.h */
| #define PACKAGE_NAME "FreeType"
| #define PACKAGE_TARNAME "freetype"
| #define PACKAGE_VERSION "2.7.1"
| #define PACKAGE_STRING "FreeType 2.7.1"
| #define PACKAGE_BUGREPORT "freetype@nongnu.org"
| #define PACKAGE_URL ""
| #define STDC_HEADERS 1
| #define HAVE_SYS_TYPES_H 1
| #define HAVE_SYS_STAT_H 1
| #define HAVE_STDLIB_H 1
| #define HAVE_STRING_H 1
| #define HAVE_MEMORY_H 1
| #define HAVE_STRINGS_H 1
| #define HAVE_INTTYPES_H 1
| #define HAVE_STDINT_H 1
| #define HAVE_UNISTD_H 1
| #define HAVE_DLFCN_H 1
| #define LT_OBJDIR ".libs/"
| #define STDC_HEADERS 1
| #define HAVE_FCNTL_H 1
| #define HAVE_UNISTD_H 1
| #define SIZEOF_INT 4
| /* end confdefs.h.  */
| #include <stdio.h>
| #ifdef HAVE_SYS_TYPES_H
| # include <sys/types.h>
| #endif
| #ifdef HAVE_SYS_STAT_H
| # include <sys/stat.h>
| #endif
| #ifdef STDC_HEADERS
| # include <stdlib.h>
| # include <stddef.h>
| #else
| # ifdef HAVE_STDLIB_H
| #  include <stdlib.h>
| # endif
| #endif
| #ifdef HAVE_STRING_H
| # if !defined STDC_HEADERS && defined HAVE_MEMORY_H
| #  include <memory.h>
| # endif
| # include <string.h>
| #endif
| #ifdef HAVE_STRINGS_H
| # include <strings.h>
| #endif
| #ifdef HAVE_INTTYPES_H
| # include <inttypes.h>
| #endif
| #ifdef HAVE_STDINT_H
| # include <stdint.h>
| #endif
| #ifdef HAVE_UNISTD_H
| # include <unistd.h>
| #endif
| int
| main ()
| {
| static int test_array [1 - 2 * !(((long int) (sizeof (long))) <= 0)];
| test_array [0] = 0;
| return test_array [0];
| 
|   ;
|   return 0;
| }
configure:12421: armarmv5te-unknown-linux-gnueabi-gcc -c -g -O2 -I/home/bmuessig/Pandora/target/include conftest.c >&5
conftest.c: In function 'main':
conftest.c:61:12: error: size of array 'test_array' is negative
 static int test_array [1 - 2 * !(((long int) (sizeof (long))) <= 1)];
            ^
configure:12421: $? = 1
configure: failed program was:
| /* confdefs.h */
| #define PACKAGE_NAME "FreeType"
| #define PACKAGE_TARNAME "freetype"
| #define PACKAGE_VERSION "2.7.1"
| #define PACKAGE_STRING "FreeType 2.7.1"
| #define PACKAGE_BUGREPORT "freetype@nongnu.org"
| #define PACKAGE_URL ""
| #define STDC_HEADERS 1
| #define HAVE_SYS_TYPES_H 1
| #define HAVE_SYS_STAT_H 1
| #define HAVE_STDLIB_H 1
| #define HAVE_STRING_H 1
| #define HAVE_MEMORY_H 1
| #define HAVE_STRINGS_H 1
| #define HAVE_INTTYPES_H 1
| #define HAVE_STDINT_H 1
| #define HAVE_UNISTD_H 1
| #define HAVE_DLFCN_H 1
| #define LT_OBJDIR ".libs/"
| #define STDC_HEADERS 1
| #define HAVE_FCNTL_H 1
| #define HAVE_UNISTD_H 1
| #define SIZEOF_INT 4
| /* end confdefs.h.  */
| #include <stdio.h>
| #ifdef HAVE_SYS_TYPES_H
| # include <sys/types.h>
| #endif
| #ifdef HAVE_SYS_STAT_H
| # include <sys/stat.h>
| #endif
| #ifdef STDC_HEADERS
| # include <stdlib.h>
| # include <stddef.h>
| #else
| # ifdef HAVE_STDLIB_H
| #  include <stdlib.h>
| # endif
| #endif
| #ifdef HAVE_STRING_H
| # if !defined STDC_HEADERS && defined HAVE_MEMORY_H
| #  include <memory.h>
| # endif
| # include <string.h>
| #endif
| #ifdef HAVE_STRINGS_H
| # include <strings.h>
| #endif
| #ifdef HAVE_INTTYPES_H
| # include <inttypes.h>
| #endif
| #ifdef HAVE_STDINT_H
| # include <stdint.h>
| #endif
| #ifdef HAVE_UNISTD_H
| # include <unistd.h>
| #endif
| int
| main ()
| {
| static int test_array [1 - 2 * !(((long int) (sizeof (long))) <= 1)];
| test_array [0] = 0;
| return test_array [0];
| 
|   ;
|   return 0;
| }
configure:12421: armarmv5te-unknown-linux-gnueabi-gcc -c -g -O2 -I/home/bmuessig/Pandora/target/include conftest.c >&5
conftest.c: In function 'main':
conftest.c:61:12: error: size of array 'test_array' is negative
 static int test_array [1 - 2 * !(((long int) (sizeof (long))) <= 3)];
            ^
configure:12421: $? = 1
configure: failed program was:
| /* confdefs.h */
| #define PACKAGE_NAME "FreeType"
| #define PACKAGE_TARNAME "freetype"
| #define PACKAGE_VERSION "2.7.1"
| #define PACKAGE_STRING "FreeType 2.7.1"
| #define PACKAGE_BUGREPORT "freetype@nongnu.org"
| #define PACKAGE_URL ""
| #define STDC_HEADERS 1
| #define HAVE_SYS_TYPES_H 1
| #define HAVE_SYS_STAT_H 1
| #define HAVE_STDLIB_H 1
| #define HAVE_STRING_H 1
| #define HAVE_MEMORY_H 1
| #define HAVE_STRINGS_H 1
| #define HAVE_INTTYPES_H 1
| #define HAVE_STDINT_H 1
| #define HAVE_UNISTD_H 1
| #define HAVE_DLFCN_H 1
| #define LT_OBJDIR ".libs/"
| #define STDC_HEADERS 1
| #define HAVE_FCNTL_H 1
| #define HAVE_UNISTD_H 1
| #define SIZEOF_INT 4
| /* end confdefs.h.  */
| #include <stdio.h>
| #ifdef HAVE_SYS_TYPES_H
| # include <sys/types.h>
| #endif
| #ifdef HAVE_SYS_STAT_H
| # include <sys/stat.h>
| #endif
| #ifdef STDC_HEADERS
| # include <stdlib.h>
| # include <stddef.h>
| #else
| # ifdef HAVE_STDLIB_H
| #  include <stdlib.h>
| # endif
| #endif
| #ifdef HAVE_STRING_H
| # if !defined STDC_HEADERS && defined HAVE_MEMORY_H
| #  include <memory.h>
| # endif
| # include <string.h>
| #endif
| #ifdef HAVE_STRINGS_H
| # include <strings.h>
| #endif
| #ifdef HAVE_INTTYPES_H
| # include <inttypes.h>
| #endif
| #ifdef HAVE_STDINT_H
| # include <stdint.h>
| #endif
| #ifdef HAVE_UNISTD_H
| # include <unistd.h>
| #endif
| int
| main ()
| {
| static int test_array [1 - 2 * !(((long int) (sizeof (long))) <= 3)];
| test_array [0] = 0;
| return test_array [0];
| 
|   ;
|   return 0;
| }
configure:12421: armarmv5te-unknown-linux-gnueabi-gcc -c -g -O2 -I/home/bmuessig/Pandora/target/include conftest.c >&5
configure:12421: $? = 0
configure:12421: armarmv5te-unknown-linux-gnueabi-gcc -c -g -O2 -I/home/bmuessig/Pandora/target/include conftest.c >&5
configure:12421: $? = 0
configure:12421: armarmv5te-unknown-linux-gnueabi-gcc -c -g -O2 -I/home/bmuessig/Pandora/target/include conftest.c >&5
configure:12421: $? = 0
configure:12435: result: 4
configure:12446: checking for unsigned long long int
configure:12485: armarmv5te-unknown-linux-gnueabi-gcc -o conftest -g -O2 -I/home/bmuessig/Pandora/target/include -L/home/bmuessig/Pandora/target/lib conftest.c  >&5
configure:12485: $? = 0
configure:12494: result: yes
configure:12504: checking for long long int
configure:12554: result: yes
configure:12566: checking whether cpp computation of bit length in ftconfig.in works
configure:12623: result: yes
configure:12652: checking for special C compiler options needed for large files
configure:12697: result: no
configure:12703: checking for _FILE_OFFSET_BITS value needed for large files
configure:12728: armarmv5te-unknown-linux-gnueabi-gcc -c -g -O2 -I/home/bmuessig/Pandora/target/include conftest.c >&5
conftest.c:33:33: warning: left shift count >= width of type [-Wshift-count-overflow]
 #define LARGE_OFF_T (((off_t) 1 << 62) - 1 + ((off_t) 1 << 62))
                                 ^
conftest.c:34:23: note: in expansion of macro 'LARGE_OFF_T'
   int off_t_is_large[(LARGE_OFF_T % 2147483629 == 721
                       ^
conftest.c:33:57: warning: left shift count >= width of type [-Wshift-count-overflow]
 #define LARGE_OFF_T (((off_t) 1 << 62) - 1 + ((off_t) 1 << 62))
                                                         ^
conftest.c:34:23: note: in expansion of macro 'LARGE_OFF_T'
   int off_t_is_large[(LARGE_OFF_T % 2147483629 == 721
                       ^
conftest.c:33:33: warning: left shift count >= width of type [-Wshift-count-overflow]
 #define LARGE_OFF_T (((off_t) 1 << 62) - 1 + ((off_t) 1 << 62))
                                 ^
conftest.c:35:13: note: in expansion of macro 'LARGE_OFF_T'
          && LARGE_OFF_T % 2147483647 == 1)
             ^
conftest.c:33:57: warning: left shift count >= width of type [-Wshift-count-overflow]
 #define LARGE_OFF_T (((off_t) 1 << 62) - 1 + ((off_t) 1 << 62))
                                                         ^
conftest.c:35:13: note: in expansion of macro 'LARGE_OFF_T'
          && LARGE_OFF_T % 2147483647 == 1)
             ^
conftest.c:34:7: error: variably modified 'off_t_is_large' at file scope
   int off_t_is_large[(LARGE_OFF_T % 2147483629 == 721
       ^
configure:12728: $? = 1
configure: failed program was:
| /* confdefs.h */
| #define PACKAGE_NAME "FreeType"
| #define PACKAGE_TARNAME "freetype"
| #define PACKAGE_VERSION "2.7.1"
| #define PACKAGE_STRING "FreeType 2.7.1"
| #define PACKAGE_BUGREPORT "freetype@nongnu.org"
| #define PACKAGE_URL ""
| #define STDC_HEADERS 1
| #define HAVE_SYS_TYPES_H 1
| #define HAVE_SYS_STAT_H 1
| #define HAVE_STDLIB_H 1
| #define HAVE_STRING_H 1
| #define HAVE_MEMORY_H 1
| #define HAVE_STRINGS_H 1
| #define HAVE_INTTYPES_H 1
| #define HAVE_STDINT_H 1
| #define HAVE_UNISTD_H 1
| #define HAVE_DLFCN_H 1
| #define LT_OBJDIR ".libs/"
| #define STDC_HEADERS 1
| #define HAVE_FCNTL_H 1
| #define HAVE_UNISTD_H 1
| #define SIZEOF_INT 4
| #define SIZEOF_LONG 4
| #define HAVE_UNSIGNED_LONG_LONG_INT 1
| #define HAVE_LONG_LONG_INT 1
| /* end confdefs.h.  */
| #include <sys/types.h>
|  /* Check that off_t can represent 2**63 - 1 correctly.
|     We can't simply define LARGE_OFF_T to be 9223372036854775807,
|     since some C++ compilers masquerading as C compilers
|     incorrectly reject 9223372036854775807.  */
| #define LARGE_OFF_T (((off_t) 1 << 62) - 1 + ((off_t) 1 << 62))
|   int off_t_is_large[(LARGE_OFF_T % 2147483629 == 721
| 		       && LARGE_OFF_T % 2147483647 == 1)
| 		      ? 1 : -1];
| int
| main ()
| {
| 
|   ;
|   return 0;
| }
configure:12752: armarmv5te-unknown-linux-gnueabi-gcc -c -g -O2 -I/home/bmuessig/Pandora/target/include conftest.c >&5
configure:12752: $? = 0
configure:12760: result: 64
configure:12862: checking for stdlib.h
configure:12862: result: yes
configure:12862: checking for unistd.h
configure:12862: result: yes
configure:12862: checking for sys/param.h
configure:12862: armarmv5te-unknown-linux-gnueabi-gcc -c -g -O2 -I/home/bmuessig/Pandora/target/include conftest.c >&5
configure:12862: $? = 0
configure:12862: result: yes
configure:12882: checking for getpagesize
configure:12882: armarmv5te-unknown-linux-gnueabi-gcc -o conftest -g -O2 -I/home/bmuessig/Pandora/target/include -L/home/bmuessig/Pandora/target/lib conftest.c  >&5
configure:12882: $? = 0
configure:12882: result: yes
configure:12891: checking for working mmap
configure:13048: result: no
configure:13116: checking for memcpy
configure:13116: armarmv5te-unknown-linux-gnueabi-gcc -o conftest -g -O2 -I/home/bmuessig/Pandora/target/include -L/home/bmuessig/Pandora/target/lib conftest.c  >&5
conftest.c:56:6: warning: conflicting types for built-in function 'memcpy'
 char memcpy ();
      ^
configure:13116: $? = 0
configure:13116: result: yes
configure:13116: checking for memmove
configure:13116: armarmv5te-unknown-linux-gnueabi-gcc -o conftest -g -O2 -I/home/bmuessig/Pandora/target/include -L/home/bmuessig/Pandora/target/lib conftest.c  >&5
conftest.c:57:6: warning: conflicting types for built-in function 'memmove'
 char memmove ();
      ^
configure:13116: $? = 0
configure:13116: result: yes
configure:13168: checking gcc compiler flag -pedantic to assure ANSI C works correctly
configure:13195: armarmv5te-unknown-linux-gnueabi-gcc -c -g -O2  -pedantic -I/home/bmuessig/Pandora/target/include conftest.c >&5
configure:13195: $? = 0
configure:13196: result: ok, add it to XX_ANSIFLAGS
configure:13168: checking gcc compiler flag -ansi to assure ANSI C works correctly
configure:13195: armarmv5te-unknown-linux-gnueabi-gcc -c -g -O2  -pedantic -ansi -I/home/bmuessig/Pandora/target/include conftest.c >&5
configure:13195: $? = 0
configure:13196: result: ok, add it to XX_ANSIFLAGS
configure:13260: $PKG_CONFIG --exists --print-errors "$zlib_pkg"
Package zlib was not found in the pkg-config search path.
Perhaps you should add the directory containing `zlib.pc'
to the PKG_CONFIG_PATH environment variable
No package 'zlib' found
configure:13263: $? = 1
configure:13270: checking for ZLIB
configure:13277: $PKG_CONFIG --exists --print-errors "$zlib_pkg"
Package zlib was not found in the pkg-config search path.
Perhaps you should add the directory containing `zlib.pc'
to the PKG_CONFIG_PATH environment variable
No package 'zlib' found
configure:13280: $? = 1
configure:13294: $PKG_CONFIG --exists --print-errors "$zlib_pkg"
Package zlib was not found in the pkg-config search path.
Perhaps you should add the directory containing `zlib.pc'
to the PKG_CONFIG_PATH environment variable
No package 'zlib' found
configure:13297: $? = 1
configure:13311: result: no
No package 'zlib' found
configure:13355: checking for gzsetparams in -lz
configure:13380: armarmv5te-unknown-linux-gnueabi-gcc -o conftest -g -O2 -I/home/bmuessig/Pandora/target/include -L/home/bmuessig/Pandora/target/lib conftest.c -lz   >&5
configure:13380: $? = 0
configure:13389: result: yes
configure:13392: checking zlib.h usability
configure:13392: armarmv5te-unknown-linux-gnueabi-gcc -c -g -O2 -I/home/bmuessig/Pandora/target/include conftest.c >&5
configure:13392: $? = 0
configure:13392: result: yes
configure:13392: checking zlib.h presence
configure:13392: armarmv5te-unknown-linux-gnueabi-gcc -E -I/home/bmuessig/Pandora/target/include conftest.c
configure:13392: $? = 0
configure:13392: result: yes
configure:13392: checking for zlib.h
configure:13392: result: yes
configure:13430: $PKG_CONFIG --exists --print-errors "$bzip2_pkg"
Package bzip2 was not found in the pkg-config search path.
Perhaps you should add the directory containing `bzip2.pc'
to the PKG_CONFIG_PATH environment variable
No package 'bzip2' found
configure:13433: $? = 1
configure:13440: checking for BZIP2
configure:13447: $PKG_CONFIG --exists --print-errors "$bzip2_pkg"
Package bzip2 was not found in the pkg-config search path.
Perhaps you should add the directory containing `bzip2.pc'
to the PKG_CONFIG_PATH environment variable
No package 'bzip2' found
configure:13450: $? = 1
configure:13464: $PKG_CONFIG --exists --print-errors "$bzip2_pkg"
Package bzip2 was not found in the pkg-config search path.
Perhaps you should add the directory containing `bzip2.pc'
to the PKG_CONFIG_PATH environment variable
No package 'bzip2' found
configure:13467: $? = 1
configure:13481: result: no
No package 'bzip2' found
configure:13525: checking for BZ2_bzDecompress in -lbz2
configure:13550: armarmv5te-unknown-linux-gnueabi-gcc -o conftest -g -O2 -I/home/bmuessig/Pandora/target/include -L/home/bmuessig/Pandora/target/lib conftest.c -lbz2   >&5
/home/bmuessig/x-tools/armarmv5te-unknown-linux-gnueabi/lib/gcc/armarmv5te-unknown-linux-gnueabi/5.2.0/../../../../armarmv5te-unknown-linux-gnueabi/bin/ld.bfd: cannot find -lbz2
collect2: error: ld returned 1 exit status
configure:13550: $? = 1
configure: failed program was:
| /* confdefs.h */
| #define PACKAGE_NAME "FreeType"
| #define PACKAGE_TARNAME "freetype"
| #define PACKAGE_VERSION "2.7.1"
| #define PACKAGE_STRING "FreeType 2.7.1"
| #define PACKAGE_BUGREPORT "freetype@nongnu.org"
| #define PACKAGE_URL ""
| #define STDC_HEADERS 1
| #define HAVE_SYS_TYPES_H 1
| #define HAVE_SYS_STAT_H 1
| #define HAVE_STDLIB_H 1
| #define HAVE_STRING_H 1
| #define HAVE_MEMORY_H 1
| #define HAVE_STRINGS_H 1
| #define HAVE_INTTYPES_H 1
| #define HAVE_STDINT_H 1
| #define HAVE_UNISTD_H 1
| #define HAVE_DLFCN_H 1
| #define LT_OBJDIR ".libs/"
| #define STDC_HEADERS 1
| #define HAVE_FCNTL_H 1
| #define HAVE_UNISTD_H 1
| #define SIZEOF_INT 4
| #define SIZEOF_LONG 4
| #define HAVE_UNSIGNED_LONG_LONG_INT 1
| #define HAVE_LONG_LONG_INT 1
| #define _FILE_OFFSET_BITS 64
| #define HAVE_STDLIB_H 1
| #define HAVE_UNISTD_H 1
| #define HAVE_SYS_PARAM_H 1
| #define HAVE_GETPAGESIZE 1
| #define HAVE_MEMCPY 1
| #define HAVE_MEMMOVE 1
| /* end confdefs.h.  */
| 
| /* Override any GCC internal prototype to avoid an error.
|    Use char because int might match the return type of a GCC
|    builtin and then its argument prototype would still apply.  */
| #ifdef __cplusplus
| extern "C"
| #endif
| char BZ2_bzDecompress ();
| int
| main ()
| {
| return BZ2_bzDecompress ();
|   ;
|   return 0;
| }
configure:13559: result: no
configure:13600: $PKG_CONFIG --exists --print-errors "$libpng_pkg"
Package libpng was not found in the pkg-config search path.
Perhaps you should add the directory containing `libpng.pc'
to the PKG_CONFIG_PATH environment variable
No package 'libpng' found
configure:13603: $? = 1
configure:13610: checking for LIBPNG
configure:13617: $PKG_CONFIG --exists --print-errors "$libpng_pkg"
Package libpng was not found in the pkg-config search path.
Perhaps you should add the directory containing `libpng.pc'
to the PKG_CONFIG_PATH environment variable
No package 'libpng' found
configure:13620: $? = 1
configure:13634: $PKG_CONFIG --exists --print-errors "$libpng_pkg"
Package libpng was not found in the pkg-config search path.
Perhaps you should add the directory containing `libpng.pc'
to the PKG_CONFIG_PATH environment variable
No package 'libpng' found
configure:13637: $? = 1
configure:13651: result: no
No package 'libpng' found
configure:13695: checking for libpng-config
configure:13706: result: no
configure:13736: $PKG_CONFIG --exists --print-errors "$harfbuzz_pkg"
Package harfbuzz was not found in the pkg-config search path.
Perhaps you should add the directory containing `harfbuzz.pc'
to the PKG_CONFIG_PATH environment variable
No package 'harfbuzz' found
configure:13739: $? = 1
configure:13746: checking for HARFBUZZ
configure:13753: $PKG_CONFIG --exists --print-errors "$harfbuzz_pkg"
Package harfbuzz was not found in the pkg-config search path.
Perhaps you should add the directory containing `harfbuzz.pc'
to the PKG_CONFIG_PATH environment variable
No package 'harfbuzz' found
configure:13756: $? = 1
configure:13770: $PKG_CONFIG --exists --print-errors "$harfbuzz_pkg"
Package harfbuzz was not found in the pkg-config search path.
Perhaps you should add the directory containing `harfbuzz.pc'
to the PKG_CONFIG_PATH environment variable
No package 'harfbuzz' found
configure:13773: $? = 1
configure:13787: result: no
No package 'harfbuzz' found
configure:14628: creating ./config.status

## ---------------------- ##
## Running config.status. ##
## ---------------------- ##

This file was extended by FreeType config.status 2.7.1, which was
generated by GNU Autoconf 2.69.  Invocation command line was

  CONFIG_FILES    = 
  CONFIG_HEADERS  = 
  CONFIG_LINKS    = 
  CONFIG_COMMANDS = 
  $ ./config.status 

on Benedikt-Laptop

config.status:1088: creating unix-cc.mk
config.status:1088: creating unix-def.mk
config.status:1088: creating ftconfig.h
config.status:1283: executing libtool commands
configure:16659:

Library configuration:
  external zlib: yes (autoconf test)
  bzip2:         no
  libpng:        no
  harfbuzz:      no


## ---------------- ##
## Cache variables. ##
## ---------------- ##

ac_cv_build=x86_64-pc-linux-gnu
ac_cv_c_compiler_gnu=yes
ac_cv_c_const=yes
ac_cv_env_BZIP2_CFLAGS_set=
ac_cv_env_BZIP2_CFLAGS_value=
ac_cv_env_BZIP2_LIBS_set=
ac_cv_env_BZIP2_LIBS_value=
ac_cv_env_CC_set=set
ac_cv_env_CC_value=armarmv5te-unknown-linux-gnueabi-gcc
ac_cv_env_CFLAGS_set=
ac_cv_env_CFLAGS_value=
ac_cv_env_CPPFLAGS_set=set
ac_cv_env_CPPFLAGS_value=-I/home/bmuessig/Pandora/target/include
ac_cv_env_CPP_set=
ac_cv_env_CPP_value=
ac_cv_env_HARFBUZZ_CFLAGS_set=
ac_cv_env_HARFBUZZ_CFLAGS_value=
ac_cv_env_HARFBUZZ_LIBS_set=
ac_cv_env_HARFBUZZ_LIBS_value=
ac_cv_env_LDFLAGS_set=set
ac_cv_env_LDFLAGS_value=-L/home/bmuessig/Pandora/target/lib
ac_cv_env_LIBPNG_CFLAGS_set=
ac_cv_env_LIBPNG_CFLAGS_value=
ac_cv_env_LIBPNG_LIBS_set=
ac_cv_env_LIBPNG_LIBS_value=
ac_cv_env_LIBS_set=
ac_cv_env_LIBS_value=
ac_cv_env_LT_SYS_LIBRARY_PATH_set=
ac_cv_env_LT_SYS_LIBRARY_PATH_value=
ac_cv_env_PKG_CONFIG_LIBDIR_set=
ac_cv_env_PKG_CONFIG_LIBDIR_value=
ac_cv_env_PKG_CONFIG_PATH_set=
ac_cv_env_PKG_CONFIG_PATH_value=
ac_cv_env_PKG_CONFIG_set=
ac_cv_env_PKG_CONFIG_value=
ac_cv_env_ZLIB_CFLAGS_set=
ac_cv_env_ZLIB_CFLAGS_value=
ac_cv_env_ZLIB_LIBS_set=
ac_cv_env_ZLIB_LIBS_value=
ac_cv_env_build_alias_set=set
ac_cv_env_build_alias_value=x86_64-linux-gnu
ac_cv_env_host_alias_set=set
ac_cv_env_host_alias_value=arm-none-linux-gnueabi
ac_cv_env_target_alias_set=
ac_cv_env_target_alias_value=
ac_cv_func_getpagesize=yes
ac_cv_func_memcpy=yes
ac_cv_func_memmove=yes
ac_cv_func_mmap_fixed_mapped=no
ac_cv_header_dlfcn_h=yes
ac_cv_header_fcntl_h=yes
ac_cv_header_inttypes_h=yes
ac_cv_header_memory_h=yes
ac_cv_header_stdc=yes
ac_cv_header_stdint_h=yes
ac_cv_header_stdlib_h=yes
ac_cv_header_string_h=yes
ac_cv_header_strings_h=yes
ac_cv_header_sys_param_h=yes
ac_cv_header_sys_stat_h=yes
ac_cv_header_sys_types_h=yes
ac_cv_header_unistd_h=yes
ac_cv_header_zlib_h=yes
ac_cv_host=arm-none-linux-gnueabi
ac_cv_lib_bz2_BZ2_bzDecompress=no
ac_cv_lib_z_gzsetparams=yes
ac_cv_objext=o
ac_cv_path_EGREP='/bin/grep -E'
ac_cv_path_FGREP='/bin/grep -F'
ac_cv_path_GREP=/bin/grep
ac_cv_path_SED=/bin/sed
ac_cv_path_ac_pt_PKG_CONFIG=/usr/bin/pkg-config
ac_cv_path_install='/usr/bin/install -c'
ac_cv_path_lt_DD=/bin/dd
ac_cv_path_mkdir=/bin/mkdir
ac_cv_prog_AR=armarmv5te-unknown-linux-gnueabi-ar
ac_cv_prog_AWK=gawk
ac_cv_prog_CC=armarmv5te-unknown-linux-gnueabi-gcc
ac_cv_prog_CC_BUILD=gcc
ac_cv_prog_CPP='armarmv5te-unknown-linux-gnueabi-gcc -E'
ac_cv_prog_RANLIB=armarmv5te-unknown-linux-gnueabi-ranlib
ac_cv_prog_ac_ct_DUMPBIN='link -dump'
ac_cv_prog_ac_ct_MANIFEST_TOOL=mt
ac_cv_prog_ac_ct_OBJDUMP=objdump
ac_cv_prog_ac_ct_STRIP=strip
ac_cv_prog_cc_c89=
ac_cv_prog_cc_g=yes
ac_cv_sizeof_int=4
ac_cv_sizeof_long=4
ac_cv_sys_file_offset_bits=64
ac_cv_sys_largefile_CC=no
ac_cv_type_long_long_int=yes
ac_cv_type_unsigned_long_long_int=yes
lt_cv_ar_at_file=@
lt_cv_archive_cmds_need_lc=no
lt_cv_deplibs_check_method=pass_all
lt_cv_file_magic_cmd='$MAGIC_CMD'
lt_cv_file_magic_test_file=
lt_cv_ld_reload_flag=-r
lt_cv_nm_interface='BSD nm'
lt_cv_objdir=.libs
lt_cv_path_LD=armarmv5te-unknown-linux-gnueabi-ld
lt_cv_path_NM=no
lt_cv_path_mainfest_tool=no
lt_cv_prog_compiler_c_o=yes
lt_cv_prog_compiler_pic='-fPIC -DPIC'
lt_cv_prog_compiler_pic_works=yes
lt_cv_prog_compiler_rtti_exceptions=no
lt_cv_prog_compiler_static_works=yes
lt_cv_prog_gnu_ld=yes
lt_cv_sharedlib_from_linklib_cmd='printf %s\n'
lt_cv_shlibpath_overrides_runpath=no
lt_cv_sys_global_symbol_pipe='sed -n -e '\''s/^.*[	 ]\([ABCDGIRSTW][ABCDGIRSTW]*\)[	 ][	 ]*\([_A-Za-z][_A-Za-z0-9]*\)$/\1 \2 \2/p'\'' | sed '\''/ __gnu_lto/d'\'''
lt_cv_sys_global_symbol_to_c_name_address='sed -n -e '\''s/^: \(.*\) .*$/  {"\1", (void *) 0},/p'\'' -e '\''s/^[ABCDGIRSTW][ABCDGIRSTW]* .* \(.*\)$/  {"\1", (void *) \&\1},/p'\'''
lt_cv_sys_global_symbol_to_c_name_address_lib_prefix='sed -n -e '\''s/^: \(.*\) .*$/  {"\1", (void *) 0},/p'\'' -e '\''s/^[ABCDGIRSTW][ABCDGIRSTW]* .* \(lib.*\)$/  {"\1", (void *) \&\1},/p'\'' -e '\''s/^[ABCDGIRSTW][ABCDGIRSTW]* .* \(.*\)$/  {"lib\1", (void *) \&\1},/p'\'''
lt_cv_sys_global_symbol_to_cdecl='sed -n -e '\''s/^T .* \(.*\)$/extern int \1();/p'\'' -e '\''s/^[ABCDGIRSTW][ABCDGIRSTW]* .* \(.*\)$/extern char \1;/p'\'''
lt_cv_sys_global_symbol_to_import=
lt_cv_sys_max_cmd_len=1572864
lt_cv_to_host_file_cmd=func_convert_file_noop
lt_cv_to_tool_file_cmd=func_convert_file_noop
lt_cv_truncate_bin='/bin/dd bs=4096 count=1'

## ----------------- ##
## Output variables. ##
## ----------------- ##

AR='armarmv5te-unknown-linux-gnueabi-ar'
AS='armarmv5te-unknown-linux-gnueabi-as'
AWK='gawk'
BZIP2_CFLAGS=''
BZIP2_LIBS=''
CC='armarmv5te-unknown-linux-gnueabi-gcc'
CC_BUILD='gcc'
CFLAGS='-g -O2  -DFT_CONFIG_OPTION_SYSTEM_ZLIB'
CPP='armarmv5te-unknown-linux-gnueabi-gcc -E'
CPPFLAGS='-I/home/bmuessig/Pandora/target/include'
DEFS='-DHAVE_CONFIG_H'
DLLTOOL='false'
DSYMUTIL=''
DUMPBIN=':'
ECHO_C=''
ECHO_N='-n'
ECHO_T=''
EGREP='/bin/grep -E'
EXEEXT=''
EXEEXT_BUILD=''
FGREP='/bin/grep -F'
FTSYS_SRC='$(BASE_DIR)/ftsystem.c'
GREP='/bin/grep'
HARFBUZZ_CFLAGS=''
HARFBUZZ_LIBS=''
INSTALL_DATA='${INSTALL} -m 644'
INSTALL_PROGRAM='${INSTALL}'
INSTALL_SCRIPT='${INSTALL}'
LD='armarmv5te-unknown-linux-gnueabi-ld'
LDFLAGS='-L/home/bmuessig/Pandora/target/lib -lz'
LIBOBJS=''
LIBPNG_CFLAGS=''
LIBPNG_LIBS=''
LIBS=''
LIBSSTATIC_CONFIG='-lfreetype -lz'
LIBS_PRIVATE='-lz'
LIBTOOL='$(SHELL) $(top_builddir)/libtool'
LIPO=''
LN_S='ln -s'
LTLIBOBJS=''
LT_SYS_LIBRARY_PATH=''
MANIFEST_TOOL=':'
MKDIR_P='/bin/mkdir -p'
NM='nm'
NMEDIT=''
OBJDUMP='objdump'
OBJEXT='o'
OTOOL64=''
OTOOL=''
PACKAGE_BUGREPORT='freetype@nongnu.org'
PACKAGE_NAME='FreeType'
PACKAGE_STRING='FreeType 2.7.1'
PACKAGE_TARNAME='freetype'
PACKAGE_URL=''
PACKAGE_VERSION='2.7.1'
PATH_SEPARATOR=':'
PKG_CONFIG='/usr/bin/pkg-config'
PKG_CONFIG_LIBDIR=''
PKG_CONFIG_PATH=''
RANLIB='armarmv5te-unknown-linux-gnueabi-ranlib'
REQUIRES_PRIVATE=''
SED='/bin/sed'
SHELL='/bin/bash'
STRIP='strip'
XX_ANSIFLAGS=' -pedantic -ansi'
XX_CFLAGS='-Wall'
ZLIB_CFLAGS=''
ZLIB_LIBS='-lz'
ac_ct_AR=''
ac_ct_CC=''
ac_ct_DUMPBIN='link -dump'
bindir='${exec_prefix}/bin'
build='x86_64-pc-linux-gnu'
build_alias='x86_64-linux-gnu'
build_cpu='x86_64'
build_libtool_libs=''
build_os='linux-gnu'
build_vendor='pc'
datadir='${datarootdir}'
datarootdir='${prefix}/share'
docdir='${datarootdir}/doc/${PACKAGE_TARNAME}'
dvidir='${docdir}'
exec_prefix='${prefix}'
ft_version='19.0.13'
ftmac_c=''
hardcode_libdir_flag_spec='$wl-rpath $wl$libdir'
host='arm-none-linux-gnueabi'
host_alias='arm-none-linux-gnueabi'
host_cpu='arm'
host_os='linux-gnueabi'
host_vendor='none'
htmldir='${docdir}'
includedir='${prefix}/include'
infodir='${datarootdir}/info'
libdir='${exec_prefix}/lib'
libexecdir='${exec_prefix}/libexec'
localedir='${datarootdir}/locale'
localstatedir='${prefix}/var'
mandir='${datarootdir}/man'
oldincludedir='/usr/include'
pdfdir='${docdir}'
prefix='/home/bmuessig/Pandora/target'
program_transform_name='s,x,x,'
psdir='${docdir}'
sbindir='${exec_prefix}/sbin'
sharedstatedir='${prefix}/com'
sysconfdir='${prefix}/etc'
target_alias=''
version_info='19:0:13'
wl='-Wl,'

## ----------- ##
## confdefs.h. ##
## ----------- ##

/* confdefs.h */
#define PACKAGE_NAME "FreeType"
#define PACKAGE_TARNAME "freetype"
#define PACKAGE_VERSION "2.7.1"
#define PACKAGE_STRING "FreeType 2.7.1"
#define PACKAGE_BUGREPORT "freetype@nongnu.org"
#define PACKAGE_URL ""
#define STDC_HEADERS 1
#define HAVE_SYS_TYPES_H 1
#define HAVE_SYS_STAT_H 1
#define HAVE_STDLIB_H 1
#define HAVE_STRING_H 1
#define HAVE_MEMORY_H 1
#define HAVE_STRINGS_H 1
#define HAVE_INTTYPES_H 1
#define HAVE_STDINT_H 1
#define HAVE_UNISTD_H 1
#define HAVE_DLFCN_H 1
#define LT_OBJDIR ".libs/"
#define STDC_HEADERS 1
#define HAVE_FCNTL_H 1
#define HAVE_UNISTD_H 1
#define SIZEOF_INT 4
#define SIZEOF_LONG 4
#define HAVE_UNSIGNED_LONG_LONG_INT 1
#define HAVE_LONG_LONG_INT 1
#define _FILE_OFFSET_BITS 64
#define HAVE_STDLIB_H 1
#define HAVE_UNISTD_H 1
#define HAVE_SYS_PARAM_H 1
#define HAVE_GETPAGESIZE 1
#define HAVE_MEMCPY 1
#define HAVE_MEMMOVE 1

configure: exit 0
