This file contains any messages produced by compilers while
running configure, to aid debugging if configure makes a mistake.

It was created by libpng configure 1.6.28, which was
generated by GNU Autoconf 2.69.  Invocation command line was

  $ ./configure --host=arm-none-linux-gnueabi --build=x86_64-linux-gnu --prefix=/home/bmuessig/Pandora/target CC=armarmv5te-unknown-linux-gnueabi-gcc CFLAGS=-I/home/bmuessig/Pandora/target/include CPPFLAGS=-I/home/bmuessig/Pandora/target/include LDFLAGS=-L/home/bmuessig/Pandora/target/lib

## --------- ##
## Platform. ##
## --------- ##

hostname = Benedikt-Laptop
uname -m = x86_64
uname -r = 4.4.0-62-generic
uname -s = Linux
uname -v = #83-Ubuntu SMP Wed Jan 18 14:10:15 UTC 2017

/usr/bin/uname -p = unknown
/bin/uname -X     = unknown

/bin/arch              = unknown
/usr/bin/arch -k       = unknown
/usr/convex/getsysinfo = unknown
/usr/bin/hostinfo      = unknown
/bin/machine           = unknown
/usr/bin/oslevel       = unknown
/bin/universe          = unknown

PATH: /home/bmuessig/bin
PATH: /home/bmuessig/.local/bin
PATH: /usr/local/sbin
PATH: /usr/local/bin
PATH: /usr/sbin
PATH: /usr/bin
PATH: /sbin
PATH: /bin
PATH: /usr/games
PATH: /usr/local/games
PATH: /home/bmuessig/xt-ng/bin
PATH: /home/bmuessig/x-tools/armarmv5te-unknown-linux-gnueabi/bin


## ----------- ##
## Core tests. ##
## ----------- ##

configure:2339: checking for a BSD-compatible install
configure:2407: result: /usr/bin/install -c
configure:2418: checking whether build environment is sane
configure:2473: result: yes
configure:2532: checking for arm-none-linux-gnueabi-strip
configure:2562: result: no
configure:2572: checking for strip
configure:2588: found /usr/bin/strip
configure:2599: result: strip
configure:2611: WARNING: using cross tools not prefixed with host triplet
configure:2624: checking for a thread-safe mkdir -p
configure:2663: result: /bin/mkdir -p
configure:2670: checking for gawk
configure:2686: found /usr/bin/gawk
configure:2697: result: gawk
configure:2708: checking whether make sets $(MAKE)
configure:2730: result: yes
configure:2759: checking whether make supports nested variables
configure:2776: result: yes
configure:2906: checking whether to enable maintainer-specific portions of Makefiles
configure:2915: result: no
configure:2955: checking for arm-none-linux-gnueabi-gcc
configure:2982: result: armarmv5te-unknown-linux-gnueabi-gcc
configure:3251: checking for C compiler version
configure:3260: armarmv5te-unknown-linux-gnueabi-gcc --version >&5
armarmv5te-unknown-linux-gnueabi-gcc (crosstool-NG crosstool-ng-1.22.0) 5.2.0
Copyright (C) 2015 Free Software Foundation, Inc.
This is free software; see the source for copying conditions.  There is NO
warranty; not even for MERCHANTABILITY or FITNESS FOR A PARTICULAR PURPOSE.

configure:3271: $? = 0
configure:3260: armarmv5te-unknown-linux-gnueabi-gcc -v >&5
Using built-in specs.
COLLECT_GCC=armarmv5te-unknown-linux-gnueabi-gcc
COLLECT_LTO_WRAPPER=/home/bmuessig/x-tools/armarmv5te-unknown-linux-gnueabi/libexec/gcc/armarmv5te-unknown-linux-gnueabi/5.2.0/lto-wrapper
Target: armarmv5te-unknown-linux-gnueabi
Configured with: /home/bmuessig/CNC-ng/.build/src/gcc-5.2.0/configure --build=x86_64-build_pc-linux-gnu --host=x86_64-build_pc-linux-gnu --target=armarmv5te-unknown-linux-gnueabi --prefix=/home/bmuessig/x-tools/armarmv5te-unknown-linux-gnueabi --with-sysroot=/home/bmuessig/x-tools/armarmv5te-unknown-linux-gnueabi/armarmv5te-unknown-linux-gnueabi/sysroot --enable-languages=c,c++ --with-tune=arm926ej-s --with-float=soft --with-pkgversion='crosstool-NG crosstool-ng-1.22.0' --disable-sjlj-exceptions --enable-__cxa_atexit --disable-libmudflap --disable-libgomp --disable-libssp --disable-libquadmath --disable-libquadmath-support --disable-libsanitizer --with-gmp=/home/bmuessig/CNC-ng/.build/armarmv5te-unknown-linux-gnueabi/buildtools --with-mpfr=/home/bmuessig/CNC-ng/.build/armarmv5te-unknown-linux-gnueabi/buildtools --with-mpc=/home/bmuessig/CNC-ng/.build/armarmv5te-unknown-linux-gnueabi/buildtools --with-isl=/home/bmuessig/CNC-ng/.build/armarmv5te-unknown-linux-gnueabi/buildtools --with-cloog=/home/bmuessig/CNC-ng/.build/armarmv5te-unknown-linux-gnueabi/buildtools --with-libelf=/home/bmuessig/CNC-ng/.build/armarmv5te-unknown-linux-gnueabi/buildtools --enable-lto --with-host-libstdcxx='-static-libgcc -Wl,-Bstatic,-lstdc++,-Bdynamic -lm' --enable-threads=posix --enable-target-optspace --enable-plugin --enable-gold --disable-nls --disable-multilib --with-local-prefix=/home/bmuessig/x-tools/armarmv5te-unknown-linux-gnueabi/armarmv5te-unknown-linux-gnueabi/sysroot --enable-long-long
Thread model: posix
gcc version 5.2.0 (crosstool-NG crosstool-ng-1.22.0) 
configure:3271: $? = 0
configure:3260: armarmv5te-unknown-linux-gnueabi-gcc -V >&5
armarmv5te-unknown-linux-gnueabi-gcc: error: unrecognized command line option '-V'
armarmv5te-unknown-linux-gnueabi-gcc: fatal error: no input files
compilation terminated.
configure:3271: $? = 1
configure:3260: armarmv5te-unknown-linux-gnueabi-gcc -qversion >&5
armarmv5te-unknown-linux-gnueabi-gcc: error: unrecognized command line option '-qversion'
armarmv5te-unknown-linux-gnueabi-gcc: fatal error: no input files
compilation terminated.
configure:3271: $? = 1
configure:3291: checking whether the C compiler works
configure:3313: armarmv5te-unknown-linux-gnueabi-gcc -I/home/bmuessig/Pandora/target/include -I/home/bmuessig/Pandora/target/include -L/home/bmuessig/Pandora/target/lib conftest.c  >&5
configure:3317: $? = 0
configure:3365: result: yes
configure:3368: checking for C compiler default output file name
configure:3370: result: a.out
configure:3376: checking for suffix of executables
configure:3383: armarmv5te-unknown-linux-gnueabi-gcc -o conftest -I/home/bmuessig/Pandora/target/include -I/home/bmuessig/Pandora/target/include -L/home/bmuessig/Pandora/target/lib conftest.c  >&5
configure:3387: $? = 0
configure:3409: result: 
configure:3431: checking whether we are cross compiling
configure:3469: result: yes
configure:3474: checking for suffix of object files
configure:3496: armarmv5te-unknown-linux-gnueabi-gcc -c -I/home/bmuessig/Pandora/target/include -I/home/bmuessig/Pandora/target/include conftest.c >&5
configure:3500: $? = 0
configure:3521: result: o
configure:3525: checking whether we are using the GNU C compiler
configure:3544: armarmv5te-unknown-linux-gnueabi-gcc -c -I/home/bmuessig/Pandora/target/include -I/home/bmuessig/Pandora/target/include conftest.c >&5
configure:3544: $? = 0
configure:3553: result: yes
configure:3562: checking whether armarmv5te-unknown-linux-gnueabi-gcc accepts -g
configure:3582: armarmv5te-unknown-linux-gnueabi-gcc -c -g -I/home/bmuessig/Pandora/target/include conftest.c >&5
configure:3582: $? = 0
configure:3623: result: yes
configure:3640: checking for armarmv5te-unknown-linux-gnueabi-gcc option to accept ISO C89
configure:3703: armarmv5te-unknown-linux-gnueabi-gcc  -c -I/home/bmuessig/Pandora/target/include -I/home/bmuessig/Pandora/target/include conftest.c >&5
configure:3703: $? = 0
configure:3716: result: none needed
configure:3741: checking whether armarmv5te-unknown-linux-gnueabi-gcc understands -c and -o together
configure:3763: armarmv5te-unknown-linux-gnueabi-gcc -c conftest.c -o conftest2.o
configure:3766: $? = 0
configure:3763: armarmv5te-unknown-linux-gnueabi-gcc -c conftest.c -o conftest2.o
configure:3766: $? = 0
configure:3778: result: yes
configure:3806: checking for style of include used by make
configure:3834: result: GNU
configure:3860: checking dependency style of armarmv5te-unknown-linux-gnueabi-gcc
configure:3971: result: gcc3
configure:3995: checking dependency style of armarmv5te-unknown-linux-gnueabi-gcc
configure:4104: result: gcc3
configure:4123: checking build system type
configure:4137: result: x86_64-pc-linux-gnu
configure:4157: checking host system type
configure:4170: result: arm-none-linux-gnueabi
configure:4190: checking for a sed that does not truncate output
configure:4254: result: /bin/sed
configure:4272: checking for grep that handles long lines and -e
configure:4330: result: /bin/grep
configure:4335: checking for egrep
configure:4397: result: /bin/grep -E
configure:4402: checking for fgrep
configure:4464: result: /bin/grep -F
configure:4491: checking how to print strings
configure:4518: result: printf
configure:4551: checking for ld used by armarmv5te-unknown-linux-gnueabi-gcc
configure:4618: result: armarmv5te-unknown-linux-gnueabi-ld
configure:4625: checking if the linker (armarmv5te-unknown-linux-gnueabi-ld) is GNU ld
configure:4640: result: yes
configure:4657: checking how to run the C preprocessor
configure:4688: armarmv5te-unknown-linux-gnueabi-gcc -E -I/home/bmuessig/Pandora/target/include conftest.c
configure:4688: $? = 0
configure:4702: armarmv5te-unknown-linux-gnueabi-gcc -E -I/home/bmuessig/Pandora/target/include conftest.c
conftest.c:11:28: fatal error: ac_nonexistent.h: No such file or directory
compilation terminated.
configure:4702: $? = 1
configure: failed program was:
| /* confdefs.h */
| #define PACKAGE_NAME "libpng"
| #define PACKAGE_TARNAME "libpng"
| #define PACKAGE_VERSION "1.6.28"
| #define PACKAGE_STRING "libpng 1.6.28"
| #define PACKAGE_BUGREPORT "png-mng-implement@lists.sourceforge.net"
| #define PACKAGE_URL ""
| #define PACKAGE "libpng"
| #define VERSION "1.6.28"
| /* end confdefs.h.  */
| #include <ac_nonexistent.h>
configure:4727: result: armarmv5te-unknown-linux-gnueabi-gcc -E
configure:4747: armarmv5te-unknown-linux-gnueabi-gcc -E -I/home/bmuessig/Pandora/target/include conftest.c
configure:4747: $? = 0
configure:4761: armarmv5te-unknown-linux-gnueabi-gcc -E -I/home/bmuessig/Pandora/target/include conftest.c
conftest.c:11:28: fatal error: ac_nonexistent.h: No such file or directory
compilation terminated.
configure:4761: $? = 1
configure: failed program was:
| /* confdefs.h */
| #define PACKAGE_NAME "libpng"
| #define PACKAGE_TARNAME "libpng"
| #define PACKAGE_VERSION "1.6.28"
| #define PACKAGE_STRING "libpng 1.6.28"
| #define PACKAGE_BUGREPORT "png-mng-implement@lists.sourceforge.net"
| #define PACKAGE_URL ""
| #define PACKAGE "libpng"
| #define VERSION "1.6.28"
| /* end confdefs.h.  */
| #include <ac_nonexistent.h>
configure:4793: checking for gawk
configure:4820: result: gawk
configure:4832: checking whether ln -s works
configure:4836: result: yes
configure:4843: checking whether make sets $(MAKE)
configure:4865: result: yes
configure:4917: checking for BSD- or MS-compatible name lister (nm)
configure:4971: result: no
configure:4985: checking for arm-none-linux-gnueabi-dumpbin
configure:5015: result: no
configure:4985: checking for arm-none-linux-gnueabi-link
configure:5015: result: no
configure:5029: checking for dumpbin
configure:5059: result: no
configure:5029: checking for link
configure:5045: found /usr/bin/link
configure:5056: result: link -dump
configure:5101: checking the name lister (nm) interface
configure:5108: armarmv5te-unknown-linux-gnueabi-gcc -c -I/home/bmuessig/Pandora/target/include -I/home/bmuessig/Pandora/target/include conftest.c >&5
configure:5111: nm "conftest.o"
configure:5114: output
00000000 b $d
00000000 B some_variable
configure:5121: result: BSD nm
configure:5125: checking the maximum length of command line arguments
configure:5256: result: 1572864
configure:5304: checking how to convert x86_64-pc-linux-gnu file names to arm-none-linux-gnueabi format
configure:5344: result: func_convert_file_noop
configure:5351: checking how to convert x86_64-pc-linux-gnu file names to toolchain format
configure:5371: result: func_convert_file_noop
configure:5378: checking for armarmv5te-unknown-linux-gnueabi-ld option to reload object files
configure:5385: result: -r
configure:5419: checking for arm-none-linux-gnueabi-objdump
configure:5449: result: no
configure:5459: checking for objdump
configure:5475: found /usr/bin/objdump
configure:5486: result: objdump
configure:5515: checking how to recognize dependent libraries
configure:5715: result: pass_all
configure:5760: checking for arm-none-linux-gnueabi-dlltool
configure:5790: result: no
configure:5800: checking for dlltool
configure:5830: result: no
configure:5857: checking how to associate runtime and link libraries
configure:5884: result: printf %s\n
configure:5901: checking for arm-none-linux-gnueabi-ar
configure:5928: result: armarmv5te-unknown-linux-gnueabi-ar
configure:6009: checking for archiver @FILE support
configure:6026: armarmv5te-unknown-linux-gnueabi-gcc -c -I/home/bmuessig/Pandora/target/include -I/home/bmuessig/Pandora/target/include conftest.c >&5
configure:6026: $? = 0
configure:6029: armarmv5te-unknown-linux-gnueabi-ar cru libconftest.a @conftest.lst >&5
configure:6032: $? = 0
configure:6037: armarmv5te-unknown-linux-gnueabi-ar cru libconftest.a @conftest.lst >&5
armarmv5te-unknown-linux-gnueabi-ar: conftest.o: No such file or directory
configure:6040: $? = 1
configure:6052: result: @
configure:6070: checking for arm-none-linux-gnueabi-strip
configure:6097: result: strip
configure:6169: checking for arm-none-linux-gnueabi-ranlib
configure:6196: result: armarmv5te-unknown-linux-gnueabi-ranlib
configure:6338: checking command to parse nm output from armarmv5te-unknown-linux-gnueabi-gcc object
configure:6491: armarmv5te-unknown-linux-gnueabi-gcc -c -I/home/bmuessig/Pandora/target/include -I/home/bmuessig/Pandora/target/include conftest.c >&5
configure:6494: $? = 0
configure:6498: nm conftest.o \| sed -n -e 's/^.*[ ]\([ABCDGIRSTW][ABCDGIRSTW]*\)[ ][ ]*\([_A-Za-z][_A-Za-z0-9]*\)$/\1 \2 \2/p' | sed '/ __gnu_lto/d' \> conftest.nm
configure:6501: $? = 0
configure:6567: armarmv5te-unknown-linux-gnueabi-gcc -o conftest -I/home/bmuessig/Pandora/target/include -I/home/bmuessig/Pandora/target/include -L/home/bmuessig/Pandora/target/lib conftest.c conftstm.o >&5
configure:6570: $? = 0
configure:6608: result: ok
configure:6655: checking for sysroot
configure:6685: result: no
configure:6692: checking for a working dd
configure:6730: result: /bin/dd
configure:6734: checking how to truncate binary pipes
configure:6749: result: /bin/dd bs=4096 count=1
configure:7038: checking for arm-none-linux-gnueabi-mt
configure:7068: result: no
configure:7078: checking for mt
configure:7094: found /bin/mt
configure:7105: result: mt
configure:7128: checking if mt is a manifest tool
configure:7134: mt '-?'
configure:7142: result: no
configure:7815: checking for ANSI C header files
configure:7835: armarmv5te-unknown-linux-gnueabi-gcc -c -I/home/bmuessig/Pandora/target/include -I/home/bmuessig/Pandora/target/include conftest.c >&5
configure:7835: $? = 0
configure:7919: result: yes
configure:7932: checking for sys/types.h
configure:7932: armarmv5te-unknown-linux-gnueabi-gcc -c -I/home/bmuessig/Pandora/target/include -I/home/bmuessig/Pandora/target/include conftest.c >&5
configure:7932: $? = 0
configure:7932: result: yes
configure:7932: checking for sys/stat.h
configure:7932: armarmv5te-unknown-linux-gnueabi-gcc -c -I/home/bmuessig/Pandora/target/include -I/home/bmuessig/Pandora/target/include conftest.c >&5
configure:7932: $? = 0
configure:7932: result: yes
configure:7932: checking for stdlib.h
configure:7932: armarmv5te-unknown-linux-gnueabi-gcc -c -I/home/bmuessig/Pandora/target/include -I/home/bmuessig/Pandora/target/include conftest.c >&5
configure:7932: $? = 0
configure:7932: result: yes
configure:7932: checking for string.h
configure:7932: armarmv5te-unknown-linux-gnueabi-gcc -c -I/home/bmuessig/Pandora/target/include -I/home/bmuessig/Pandora/target/include conftest.c >&5
configure:7932: $? = 0
configure:7932: result: yes
configure:7932: checking for memory.h
configure:7932: armarmv5te-unknown-linux-gnueabi-gcc -c -I/home/bmuessig/Pandora/target/include -I/home/bmuessig/Pandora/target/include conftest.c >&5
configure:7932: $? = 0
configure:7932: result: yes
configure:7932: checking for strings.h
configure:7932: armarmv5te-unknown-linux-gnueabi-gcc -c -I/home/bmuessig/Pandora/target/include -I/home/bmuessig/Pandora/target/include conftest.c >&5
configure:7932: $? = 0
configure:7932: result: yes
configure:7932: checking for inttypes.h
configure:7932: armarmv5te-unknown-linux-gnueabi-gcc -c -I/home/bmuessig/Pandora/target/include -I/home/bmuessig/Pandora/target/include conftest.c >&5
configure:7932: $? = 0
configure:7932: result: yes
configure:7932: checking for stdint.h
configure:7932: armarmv5te-unknown-linux-gnueabi-gcc -c -I/home/bmuessig/Pandora/target/include -I/home/bmuessig/Pandora/target/include conftest.c >&5
configure:7932: $? = 0
configure:7932: result: yes
configure:7932: checking for unistd.h
configure:7932: armarmv5te-unknown-linux-gnueabi-gcc -c -I/home/bmuessig/Pandora/target/include -I/home/bmuessig/Pandora/target/include conftest.c >&5
configure:7932: $? = 0
configure:7932: result: yes
configure:7946: checking for dlfcn.h
configure:7946: armarmv5te-unknown-linux-gnueabi-gcc -c -I/home/bmuessig/Pandora/target/include -I/home/bmuessig/Pandora/target/include conftest.c >&5
configure:7946: $? = 0
configure:7946: result: yes
configure:8500: checking for objdir
configure:8515: result: .libs
configure:8779: checking if armarmv5te-unknown-linux-gnueabi-gcc supports -fno-rtti -fno-exceptions
configure:8797: armarmv5te-unknown-linux-gnueabi-gcc -c -I/home/bmuessig/Pandora/target/include -I/home/bmuessig/Pandora/target/include -fno-rtti -fno-exceptions conftest.c >&5
cc1: warning: command line option '-fno-rtti' is valid for C++/ObjC++ but not for C
configure:8801: $? = 0
configure:8814: result: no
configure:9172: checking for armarmv5te-unknown-linux-gnueabi-gcc option to produce PIC
configure:9179: result: -fPIC -DPIC
configure:9187: checking if armarmv5te-unknown-linux-gnueabi-gcc PIC flag -fPIC -DPIC works
configure:9205: armarmv5te-unknown-linux-gnueabi-gcc -c -I/home/bmuessig/Pandora/target/include -I/home/bmuessig/Pandora/target/include -fPIC -DPIC -DPIC conftest.c >&5
configure:9209: $? = 0
configure:9222: result: yes
configure:9251: checking if armarmv5te-unknown-linux-gnueabi-gcc static flag -static works
configure:9279: result: yes
configure:9294: checking if armarmv5te-unknown-linux-gnueabi-gcc supports -c -o file.o
configure:9315: armarmv5te-unknown-linux-gnueabi-gcc -c -I/home/bmuessig/Pandora/target/include -I/home/bmuessig/Pandora/target/include -o out/conftest2.o conftest.c >&5
configure:9319: $? = 0
configure:9341: result: yes
configure:9349: checking if armarmv5te-unknown-linux-gnueabi-gcc supports -c -o file.o
configure:9396: result: yes
configure:9429: checking whether the armarmv5te-unknown-linux-gnueabi-gcc linker (armarmv5te-unknown-linux-gnueabi-ld) supports shared libraries
configure:10688: result: yes
configure:10725: checking whether -lc should be explicitly linked in
configure:10733: armarmv5te-unknown-linux-gnueabi-gcc -c -I/home/bmuessig/Pandora/target/include -I/home/bmuessig/Pandora/target/include conftest.c >&5
configure:10736: $? = 0
configure:10751: armarmv5te-unknown-linux-gnueabi-gcc -shared  -fPIC -DPIC conftest.o  -v -Wl,-soname -Wl,conftest -o conftest 2\>\&1 \| /bin/grep  -lc  \>/dev/null 2\>\&1
configure:10754: $? = 0
configure:10768: result: no
configure:10928: checking dynamic linker characteristics
configure:11509: armarmv5te-unknown-linux-gnueabi-gcc -o conftest -I/home/bmuessig/Pandora/target/include -I/home/bmuessig/Pandora/target/include -L/home/bmuessig/Pandora/target/lib -Wl,-rpath -Wl,/foo conftest.c  >&5
configure:11509: $? = 0
configure:11746: result: GNU/Linux ld.so
configure:11868: checking how to hardcode library paths into programs
configure:11893: result: immediate
configure:12441: checking whether stripping libraries is possible
configure:12446: result: yes
configure:12481: checking if libtool supports shared libraries
configure:12483: result: yes
configure:12486: checking whether to build shared libraries
configure:12511: result: yes
configure:12514: checking whether to build static libraries
configure:12518: result: yes
configure:12559: checking that AWK works
configure:12565: result: ok
configure:12616: checking if we need to force back C standard to C89
configure:12632: armarmv5te-unknown-linux-gnueabi-gcc -c -I/home/bmuessig/Pandora/target/include -I/home/bmuessig/Pandora/target/include conftest.c >&5
configure:12632: $? = 0
configure:12633: result: no
configure:12648: checking for ANSI C header files
configure:12752: result: yes
configure:12762: checking for an ANSI C-conforming const
configure:12828: armarmv5te-unknown-linux-gnueabi-gcc -c -I/home/bmuessig/Pandora/target/include -I/home/bmuessig/Pandora/target/include conftest.c >&5
configure:12828: $? = 0
configure:12835: result: yes
configure:12843: checking for size_t
configure:12843: armarmv5te-unknown-linux-gnueabi-gcc -c -I/home/bmuessig/Pandora/target/include -I/home/bmuessig/Pandora/target/include conftest.c >&5
configure:12843: $? = 0
configure:12843: armarmv5te-unknown-linux-gnueabi-gcc -c -I/home/bmuessig/Pandora/target/include -I/home/bmuessig/Pandora/target/include conftest.c >&5
conftest.c: In function 'main':
conftest.c:60:21: error: expected expression before ')' token
 if (sizeof ((size_t)))
                     ^
configure:12843: $? = 1
configure: failed program was:
| /* confdefs.h */
| #define PACKAGE_NAME "libpng"
| #define PACKAGE_TARNAME "libpng"
| #define PACKAGE_VERSION "1.6.28"
| #define PACKAGE_STRING "libpng 1.6.28"
| #define PACKAGE_BUGREPORT "png-mng-implement@lists.sourceforge.net"
| #define PACKAGE_URL ""
| #define PACKAGE "libpng"
| #define VERSION "1.6.28"
| #define STDC_HEADERS 1
| #define HAVE_SYS_TYPES_H 1
| #define HAVE_SYS_STAT_H 1
| #define HAVE_STDLIB_H 1
| #define HAVE_STRING_H 1
| #define HAVE_MEMORY_H 1
| #define HAVE_STRINGS_H 1
| #define HAVE_INTTYPES_H 1
| #define HAVE_STDINT_H 1
| #define HAVE_UNISTD_H 1
| #define HAVE_DLFCN_H 1
| #define LT_OBJDIR ".libs/"
| #define STDC_HEADERS 1
| /* end confdefs.h.  */
| #include <stdio.h>
| #ifdef HAVE_SYS_TYPES_H
| # include <sys/types.h>
| #endif
| #ifdef HAVE_SYS_STAT_H
| # include <sys/stat.h>
| #endif
| #ifdef STDC_HEADERS
| # include <stdlib.h>
| # include <stddef.h>
| #else
| # ifdef HAVE_STDLIB_H
| #  include <stdlib.h>
| # endif
| #endif
| #ifdef HAVE_STRING_H
| # if !defined STDC_HEADERS && defined HAVE_MEMORY_H
| #  include <memory.h>
| # endif
| # include <string.h>
| #endif
| #ifdef HAVE_STRINGS_H
| # include <strings.h>
| #endif
| #ifdef HAVE_INTTYPES_H
| # include <inttypes.h>
| #endif
| #ifdef HAVE_STDINT_H
| # include <stdint.h>
| #endif
| #ifdef HAVE_UNISTD_H
| # include <unistd.h>
| #endif
| int
| main ()
| {
| if (sizeof ((size_t)))
| 	    return 0;
|   ;
|   return 0;
| }
configure:12843: result: yes
configure:12854: checking whether struct tm is in sys/time.h or time.h
configure:12874: armarmv5te-unknown-linux-gnueabi-gcc -c -I/home/bmuessig/Pandora/target/include -I/home/bmuessig/Pandora/target/include conftest.c >&5
configure:12874: $? = 0
configure:12881: result: time.h
configure:12889: checking for C/C++ restrict keyword
configure:12914: armarmv5te-unknown-linux-gnueabi-gcc -c -I/home/bmuessig/Pandora/target/include -I/home/bmuessig/Pandora/target/include conftest.c >&5
configure:12914: $? = 0
configure:12922: result: __restrict
configure:12937: checking for working strtod
configure:12988: result: no
configure:12997: checking for pow
configure:12997: armarmv5te-unknown-linux-gnueabi-gcc -o conftest -I/home/bmuessig/Pandora/target/include -I/home/bmuessig/Pandora/target/include -L/home/bmuessig/Pandora/target/lib conftest.c  >&5
conftest.c:48:6: warning: conflicting types for built-in function 'pow'
 char pow ();
      ^
/tmp/ccaFg7wP.o: In function `main':
conftest.c:(.text+0x8): undefined reference to `pow'
collect2: error: ld returned 1 exit status
configure:12997: $? = 1
configure: failed program was:
| /* confdefs.h */
| #define PACKAGE_NAME "libpng"
| #define PACKAGE_TARNAME "libpng"
| #define PACKAGE_VERSION "1.6.28"
| #define PACKAGE_STRING "libpng 1.6.28"
| #define PACKAGE_BUGREPORT "png-mng-implement@lists.sourceforge.net"
| #define PACKAGE_URL ""
| #define PACKAGE "libpng"
| #define VERSION "1.6.28"
| #define STDC_HEADERS 1
| #define HAVE_SYS_TYPES_H 1
| #define HAVE_SYS_STAT_H 1
| #define HAVE_STDLIB_H 1
| #define HAVE_STRING_H 1
| #define HAVE_MEMORY_H 1
| #define HAVE_STRINGS_H 1
| #define HAVE_INTTYPES_H 1
| #define HAVE_STDINT_H 1
| #define HAVE_UNISTD_H 1
| #define HAVE_DLFCN_H 1
| #define LT_OBJDIR ".libs/"
| #define STDC_HEADERS 1
| #define restrict __restrict
| /* end confdefs.h.  */
| /* Define pow to an innocuous variant, in case <limits.h> declares pow.
|    For example, HP-UX 11i <limits.h> declares gettimeofday.  */
| #define pow innocuous_pow
| 
| /* System header to define __stub macros and hopefully few prototypes,
|     which can conflict with char pow (); below.
|     Prefer <limits.h> to <assert.h> if __STDC__ is defined, since
|     <limits.h> exists even on freestanding compilers.  */
| 
| #ifdef __STDC__
| # include <limits.h>
| #else
| # include <assert.h>
| #endif
| 
| #undef pow
| 
| /* Override any GCC internal prototype to avoid an error.
|    Use char because int might match the return type of a GCC
|    builtin and then its argument prototype would still apply.  */
| #ifdef __cplusplus
| extern "C"
| #endif
| char pow ();
| /* The GNU C library defines this for functions which it implements
|     to always fail with ENOSYS.  Some functions are actually named
|     something starting with __ and the normal name is an alias.  */
| #if defined __stub_pow || defined __stub___pow
| choke me
| #endif
| 
| int
| main ()
| {
| return pow ();
|   ;
|   return 0;
| }
configure:12997: result: no
configure:13003: checking for pow in -lm
configure:13028: armarmv5te-unknown-linux-gnueabi-gcc -o conftest -I/home/bmuessig/Pandora/target/include -I/home/bmuessig/Pandora/target/include -L/home/bmuessig/Pandora/target/lib conftest.c -lm   >&5
conftest.c:32:6: warning: conflicting types for built-in function 'pow'
 char pow ();
      ^
configure:13028: $? = 0
configure:13037: result: yes
configure:13052: checking for memset
configure:13052: armarmv5te-unknown-linux-gnueabi-gcc -o conftest -I/home/bmuessig/Pandora/target/include -I/home/bmuessig/Pandora/target/include -L/home/bmuessig/Pandora/target/lib conftest.c  >&5
conftest.c:48:6: warning: conflicting types for built-in function 'memset'
 char memset ();
      ^
configure:13052: $? = 0
configure:13052: result: yes
configure:13065: checking for pow
configure:13065: result: no
configure:13072: checking for pow in -lm
configure:13106: result: yes
configure:13125: checking for clock_gettime
configure:13125: armarmv5te-unknown-linux-gnueabi-gcc -o conftest -I/home/bmuessig/Pandora/target/include -I/home/bmuessig/Pandora/target/include -L/home/bmuessig/Pandora/target/lib conftest.c -lm  >&5
configure:13125: $? = 0
configure:13125: result: yes
configure:13150: checking for zlibVersion in -lz
configure:13175: armarmv5te-unknown-linux-gnueabi-gcc -o conftest -I/home/bmuessig/Pandora/target/include -I/home/bmuessig/Pandora/target/include -L/home/bmuessig/Pandora/target/lib conftest.c -lz  -lm  >&5
configure:13175: $? = 0
configure:13184: result: yes
configure:13249: checking for feenableexcept in -lm
configure:13274: armarmv5te-unknown-linux-gnueabi-gcc -o conftest -I/home/bmuessig/Pandora/target/include -I/home/bmuessig/Pandora/target/include -L/home/bmuessig/Pandora/target/lib conftest.c -lm  -lz -lm  >&5
configure:13274: $? = 0
configure:13283: result: yes
configure:13296: checking for feenableexcept
configure:13296: armarmv5te-unknown-linux-gnueabi-gcc -o conftest -I/home/bmuessig/Pandora/target/include -I/home/bmuessig/Pandora/target/include -L/home/bmuessig/Pandora/target/lib conftest.c -lm -lz -lm  >&5
configure:13296: $? = 0
configure:13296: result: yes
configure:13306: checking if using Solaris linker
configure:13315: result: no
configure:13327: checking if libraries can be versioned
configure:13348: result: yes
configure:13370: checking for symbol prefix
configure:13377: result: 
configure:13399: pkgconfig directory is ${libdir}/pkgconfig
configure:13601: Extra options for compiler: 
configure:13719: checking that generated files are newer than configure
configure:13725: result: done
configure:13792: creating ./config.status

## ---------------------- ##
## Running config.status. ##
## ---------------------- ##

This file was extended by libpng config.status 1.6.28, which was
generated by GNU Autoconf 2.69.  Invocation command line was

  CONFIG_FILES    = 
  CONFIG_HEADERS  = 
  CONFIG_LINKS    = 
  CONFIG_COMMANDS = 
  $ ./config.status 

on Benedikt-Laptop

config.status:1131: creating Makefile
config.status:1131: creating libpng.pc
config.status:1131: creating libpng-config
config.status:1131: creating config.h
config.status:1312: config.h is unchanged
config.status:1360: executing depfiles commands
config.status:1360: executing libtool commands

## ---------------- ##
## Cache variables. ##
## ---------------- ##

ac_cv_build=x86_64-pc-linux-gnu
ac_cv_c_compiler_gnu=yes
ac_cv_c_const=yes
ac_cv_c_restrict=__restrict
ac_cv_env_CCASFLAGS_set=
ac_cv_env_CCASFLAGS_value=
ac_cv_env_CCAS_set=
ac_cv_env_CCAS_value=
ac_cv_env_CC_set=set
ac_cv_env_CC_value=armarmv5te-unknown-linux-gnueabi-gcc
ac_cv_env_CFLAGS_set=set
ac_cv_env_CFLAGS_value=-I/home/bmuessig/Pandora/target/include
ac_cv_env_CPPFLAGS_set=set
ac_cv_env_CPPFLAGS_value=-I/home/bmuessig/Pandora/target/include
ac_cv_env_CPP_set=
ac_cv_env_CPP_value=
ac_cv_env_LDFLAGS_set=set
ac_cv_env_LDFLAGS_value=-L/home/bmuessig/Pandora/target/lib
ac_cv_env_LIBS_set=
ac_cv_env_LIBS_value=
ac_cv_env_LT_SYS_LIBRARY_PATH_set=
ac_cv_env_LT_SYS_LIBRARY_PATH_value=
ac_cv_env_PNG_COPTS_set=
ac_cv_env_PNG_COPTS_value=
ac_cv_env_build_alias_set=set
ac_cv_env_build_alias_value=x86_64-linux-gnu
ac_cv_env_host_alias_set=set
ac_cv_env_host_alias_value=arm-none-linux-gnueabi
ac_cv_env_target_alias_set=
ac_cv_env_target_alias_value=
ac_cv_func_clock_gettime=yes
ac_cv_func_feenableexcept=yes
ac_cv_func_memset=yes
ac_cv_func_pow=no
ac_cv_func_strtod=no
ac_cv_header_dlfcn_h=yes
ac_cv_header_inttypes_h=yes
ac_cv_header_memory_h=yes
ac_cv_header_stdc=yes
ac_cv_header_stdint_h=yes
ac_cv_header_stdlib_h=yes
ac_cv_header_string_h=yes
ac_cv_header_strings_h=yes
ac_cv_header_sys_stat_h=yes
ac_cv_header_sys_types_h=yes
ac_cv_header_unistd_h=yes
ac_cv_host=arm-none-linux-gnueabi
ac_cv_lib_m_feenableexcept=yes
ac_cv_lib_m_pow=yes
ac_cv_lib_z_zlibVersion=yes
ac_cv_objext=o
ac_cv_path_EGREP='/bin/grep -E'
ac_cv_path_FGREP='/bin/grep -F'
ac_cv_path_GREP=/bin/grep
ac_cv_path_SED=/bin/sed
ac_cv_path_install='/usr/bin/install -c'
ac_cv_path_lt_DD=/bin/dd
ac_cv_path_mkdir=/bin/mkdir
ac_cv_prog_AR=armarmv5te-unknown-linux-gnueabi-ar
ac_cv_prog_AWK=gawk
ac_cv_prog_CC=armarmv5te-unknown-linux-gnueabi-gcc
ac_cv_prog_CPP='armarmv5te-unknown-linux-gnueabi-gcc -E'
ac_cv_prog_RANLIB=armarmv5te-unknown-linux-gnueabi-ranlib
ac_cv_prog_STRIP=strip
ac_cv_prog_ac_ct_DUMPBIN='link -dump'
ac_cv_prog_ac_ct_MANIFEST_TOOL=mt
ac_cv_prog_ac_ct_OBJDUMP=objdump
ac_cv_prog_ac_ct_STRIP=strip
ac_cv_prog_cc_c89=
ac_cv_prog_cc_g=yes
ac_cv_prog_make_make_set=yes
ac_cv_struct_tm=time.h
ac_cv_type_size_t=yes
am_cv_CCAS_dependencies_compiler_type=gcc3
am_cv_CC_dependencies_compiler_type=gcc3
am_cv_make_support_nested_variables=yes
am_cv_prog_cc_c_o=yes
lt_cv_ar_at_file=@
lt_cv_archive_cmds_need_lc=no
lt_cv_deplibs_check_method=pass_all
lt_cv_file_magic_cmd='$MAGIC_CMD'
lt_cv_file_magic_test_file=
lt_cv_ld_reload_flag=-r
lt_cv_nm_interface='BSD nm'
lt_cv_objdir=.libs
lt_cv_path_LD=armarmv5te-unknown-linux-gnueabi-ld
lt_cv_path_NM=no
lt_cv_path_mainfest_tool=no
lt_cv_prog_compiler_c_o=yes
lt_cv_prog_compiler_pic='-fPIC -DPIC'
lt_cv_prog_compiler_pic_works=yes
lt_cv_prog_compiler_rtti_exceptions=no
lt_cv_prog_compiler_static_works=yes
lt_cv_prog_gnu_ld=yes
lt_cv_sharedlib_from_linklib_cmd='printf %s\n'
lt_cv_shlibpath_overrides_runpath=no
lt_cv_sys_global_symbol_pipe='sed -n -e '\''s/^.*[	 ]\([ABCDGIRSTW][ABCDGIRSTW]*\)[	 ][	 ]*\([_A-Za-z][_A-Za-z0-9]*\)$/\1 \2 \2/p'\'' | sed '\''/ __gnu_lto/d'\'''
lt_cv_sys_global_symbol_to_c_name_address='sed -n -e '\''s/^: \(.*\) .*$/  {"\1", (void *) 0},/p'\'' -e '\''s/^[ABCDGIRSTW][ABCDGIRSTW]* .* \(.*\)$/  {"\1", (void *) \&\1},/p'\'''
lt_cv_sys_global_symbol_to_c_name_address_lib_prefix='sed -n -e '\''s/^: \(.*\) .*$/  {"\1", (void *) 0},/p'\'' -e '\''s/^[ABCDGIRSTW][ABCDGIRSTW]* .* \(lib.*\)$/  {"\1", (void *) \&\1},/p'\'' -e '\''s/^[ABCDGIRSTW][ABCDGIRSTW]* .* \(.*\)$/  {"lib\1", (void *) \&\1},/p'\'''
lt_cv_sys_global_symbol_to_cdecl='sed -n -e '\''s/^T .* \(.*\)$/extern int \1();/p'\'' -e '\''s/^[ABCDGIRSTW][ABCDGIRSTW]* .* \(.*\)$/extern char \1;/p'\'''
lt_cv_sys_global_symbol_to_import=
lt_cv_sys_max_cmd_len=1572864
lt_cv_to_host_file_cmd=func_convert_file_noop
lt_cv_to_tool_file_cmd=func_convert_file_noop
lt_cv_truncate_bin='/bin/dd bs=4096 count=1'

## ----------------- ##
## Output variables. ##
## ----------------- ##

ACLOCAL='${SHELL} /home/bmuessig/Pandora/build/libpng-1.6.28/missing aclocal-1.15'
AMDEPBACKSLASH='\'
AMDEP_FALSE='#'
AMDEP_TRUE=''
AMTAR='$${TAR-tar}'
AM_BACKSLASH='\'
AM_DEFAULT_V='$(AM_DEFAULT_VERBOSITY)'
AM_DEFAULT_VERBOSITY='1'
AM_V='$(V)'
AR='armarmv5te-unknown-linux-gnueabi-ar'
AS='armarmv5te-unknown-linux-gnueabi-as'
AUTOCONF='${SHELL} /home/bmuessig/Pandora/build/libpng-1.6.28/missing autoconf'
AUTOHEADER='${SHELL} /home/bmuessig/Pandora/build/libpng-1.6.28/missing autoheader'
AUTOMAKE='${SHELL} /home/bmuessig/Pandora/build/libpng-1.6.28/missing automake-1.15'
AWK='gawk'
CC='armarmv5te-unknown-linux-gnueabi-gcc'
CCAS='armarmv5te-unknown-linux-gnueabi-gcc'
CCASDEPMODE='depmode=gcc3'
CCASFLAGS='-I/home/bmuessig/Pandora/target/include'
CCDEPMODE='depmode=gcc3'
CFLAGS='-I/home/bmuessig/Pandora/target/include'
CPP='armarmv5te-unknown-linux-gnueabi-gcc -E'
CPPFLAGS='-I/home/bmuessig/Pandora/target/include'
CYGPATH_W='echo'
DEFS='-DHAVE_CONFIG_H'
DEPDIR='.deps'
DFNCPP='armarmv5te-unknown-linux-gnueabi-gcc -E'
DLLTOOL='false'
DO_INSTALL_LIBPNG_CONFIG_FALSE='#'
DO_INSTALL_LIBPNG_CONFIG_TRUE=''
DO_INSTALL_LIBPNG_PC_FALSE='#'
DO_INSTALL_LIBPNG_PC_TRUE=''
DO_INSTALL_LINKS_FALSE='#'
DO_INSTALL_LINKS_TRUE=''
DO_PNG_PREFIX_FALSE=''
DO_PNG_PREFIX_TRUE='#'
DSYMUTIL=''
DUMPBIN=':'
ECHO_C=''
ECHO_N='-n'
ECHO_T=''
EGREP='/bin/grep -E'
EXEEXT=''
FGREP='/bin/grep -F'
GREP='/bin/grep'
HAVE_CLOCK_GETTIME_FALSE='#'
HAVE_CLOCK_GETTIME_TRUE=''
HAVE_LD_VERSION_SCRIPT_FALSE='#'
HAVE_LD_VERSION_SCRIPT_TRUE=''
HAVE_SOLARIS_LD_FALSE=''
HAVE_SOLARIS_LD_TRUE='#'
INSTALL_DATA='${INSTALL} -m 644'
INSTALL_PROGRAM='${INSTALL}'
INSTALL_SCRIPT='${INSTALL}'
INSTALL_STRIP_PROGRAM='$(install_sh) -c -s'
LD='armarmv5te-unknown-linux-gnueabi-ld'
LDFLAGS='-L/home/bmuessig/Pandora/target/lib'
LIBOBJS=' ${LIBOBJDIR}strtod$U.o'
LIBS='-lm -lz -lm '
LIBTOOL='$(SHELL) $(top_builddir)/libtool'
LIPO=''
LN_S='ln -s'
LTLIBOBJS=' ${LIBOBJDIR}strtod$U.lo'
LT_SYS_LIBRARY_PATH=''
MAINT='#'
MAINTAINER_MODE_FALSE=''
MAINTAINER_MODE_TRUE='#'
MAKEINFO='${SHELL} /home/bmuessig/Pandora/build/libpng-1.6.28/missing makeinfo'
MANIFEST_TOOL=':'
MKDIR_P='/bin/mkdir -p'
NM='nm'
NMEDIT=''
OBJDUMP='objdump'
OBJEXT='o'
OTOOL64=''
OTOOL=''
PACKAGE='libpng'
PACKAGE_BUGREPORT='png-mng-implement@lists.sourceforge.net'
PACKAGE_NAME='libpng'
PACKAGE_STRING='libpng 1.6.28'
PACKAGE_TARNAME='libpng'
PACKAGE_URL=''
PACKAGE_VERSION='1.6.28'
PATH_SEPARATOR=':'
PNGLIB_MAJOR='1'
PNGLIB_MINOR='6'
PNGLIB_RELEASE='28'
PNGLIB_VERSION='1.6.28'
PNG_ARM_NEON_FALSE='#'
PNG_ARM_NEON_TRUE=''
PNG_COPTS=''
PNG_MIPS_MSA_FALSE='#'
PNG_MIPS_MSA_TRUE=''
PNG_PREFIX=''
POW_LIB='-lm'
RANLIB='armarmv5te-unknown-linux-gnueabi-ranlib'
SED='/bin/sed'
SET_MAKE=''
SHELL='/bin/bash'
STRIP='strip'
SYMBOL_PREFIX=''
VERSION='1.6.28'
ac_ct_AR=''
ac_ct_CC=''
ac_ct_DUMPBIN='link -dump'
am__EXEEXT_FALSE=''
am__EXEEXT_TRUE='#'
am__fastdepCCAS_FALSE='#'
am__fastdepCCAS_TRUE=''
am__fastdepCC_FALSE='#'
am__fastdepCC_TRUE=''
am__include='include'
am__isrc=''
am__leading_dot='.'
am__nodep='_no'
am__quote=''
am__tar='$${TAR-tar} chof - "$$tardir"'
am__untar='$${TAR-tar} xf -'
binconfigs='${binconfigs}'
bindir='${exec_prefix}/bin'
build='x86_64-pc-linux-gnu'
build_alias='x86_64-linux-gnu'
build_cpu='x86_64'
build_os='linux-gnu'
build_vendor='pc'
datadir='${datarootdir}'
datarootdir='${prefix}/share'
docdir='${datarootdir}/doc/${PACKAGE_TARNAME}'
dvidir='${docdir}'
exec_prefix='${prefix}'
host='arm-none-linux-gnueabi'
host_alias='arm-none-linux-gnueabi'
host_cpu='arm'
host_os='linux-gnueabi'
host_vendor='none'
htmldir='${docdir}'
includedir='${prefix}/include'
infodir='${datarootdir}/info'
install_sh='${SHELL} /home/bmuessig/Pandora/build/libpng-1.6.28/install-sh'
libdir='${exec_prefix}/lib'
libexecdir='${exec_prefix}/libexec'
localedir='${datarootdir}/locale'
localstatedir='${prefix}/var'
mandir='${datarootdir}/man'
mkdir_p='$(MKDIR_P)'
oldincludedir='/usr/include'
pdfdir='${docdir}'
pkgconfigdir='${libdir}/pkgconfig'
prefix='/home/bmuessig/Pandora/target'
program_transform_name='s,x,x,'
psdir='${docdir}'
sbindir='${exec_prefix}/sbin'
sharedstatedir='${prefix}/com'
sysconfdir='${prefix}/etc'
target_alias=''

## ----------- ##
## confdefs.h. ##
## ----------- ##

/* confdefs.h */
#define PACKAGE_NAME "libpng"
#define PACKAGE_TARNAME "libpng"
#define PACKAGE_VERSION "1.6.28"
#define PACKAGE_STRING "libpng 1.6.28"
#define PACKAGE_BUGREPORT "png-mng-implement@lists.sourceforge.net"
#define PACKAGE_URL ""
#define PACKAGE "libpng"
#define VERSION "1.6.28"
#define STDC_HEADERS 1
#define HAVE_SYS_TYPES_H 1
#define HAVE_SYS_STAT_H 1
#define HAVE_STDLIB_H 1
#define HAVE_STRING_H 1
#define HAVE_MEMORY_H 1
#define HAVE_STRINGS_H 1
#define HAVE_INTTYPES_H 1
#define HAVE_STDINT_H 1
#define HAVE_UNISTD_H 1
#define HAVE_DLFCN_H 1
#define LT_OBJDIR ".libs/"
#define STDC_HEADERS 1
#define restrict __restrict
#define HAVE_MEMSET 1
#define HAVE_LIBM 1
#define HAVE_LIBZ 1
#define HAVE_LIBM 1
#define HAVE_FEENABLEEXCEPT 1

configure: exit 0
